Log file open, 04/20/19 09:50:31
LogWindows: Failed to load 'aqProf.dll' (GetLastError=126)
LogWindows: File 'aqProf.dll' does not exist
LogWindows: Failed to load 'VSPerf140.dll' (GetLastError=126)
LogWindows: File 'VSPerf140.dll' does not exist
LogWindows: Failed to load 'VtuneApi.dll' (GetLastError=126)
LogWindows: File 'VtuneApi.dll' does not exist
LogWindows: Failed to load 'VtuneApi32e.dll' (GetLastError=126)
LogWindows: File 'VtuneApi32e.dll' does not exist
LogInit: Display: Running engine for game: MyProject
LogPlatformFile: Not using cached read wrapper
LogInit: Display: RandInit(1256942390) SRandInit(1256942390).
LogInit: Read version file with build ID '3709383'
LogInit: Overriding engine version to CL 3832480, compatible CL 3709383
LogInit: Registered custom module enumerator with build ID '3709383'
LogTaskGraph: Started task graph with 5 named threads and 14 total threads with 3 sets of task threads.
LogStats: Stats thread started at 0.156551
LogD3D11RHI: Aftermath initialized
LogModuleManager: Display: Found up-to-date module file ../../../Engine/Plugins/2D/Paper2D/Binaries/Win64/UE4Editor-Paper2D.dll (API version 3709383).
LogModuleManager: Display: Found up-to-date module file ../../../Engine/Plugins/2D/Paper2D/Binaries/Win64/UE4Editor-Paper2DEditor.dll (API version 3709383).
LogModuleManager: Display: Found up-to-date module file ../../../Engine/Plugins/2D/Paper2D/Binaries/Win64/UE4Editor-PaperSpriteSheetImporter.dll (API version 3709383).
LogModuleManager: Display: Found up-to-date module file ../../../Engine/Plugins/2D/Paper2D/Binaries/Win64/UE4Editor-PaperTiledImporter.dll (API version 3709383).
LogModuleManager: Display: Found up-to-date module file ../../../Engine/Plugins/2D/Paper2D/Binaries/Win64/UE4Editor-SmartSnapping.dll (API version 3709383).
LogModuleManager: Display: Found up-to-date module file ../../../Engine/Plugins/Blendables/LightPropagationVolume/Binaries/Win64/UE4Editor-LightPropagationVolumeRuntime.dll (API version 3709383).
LogModuleManager: Display: Found up-to-date module file ../../../Engine/Plugins/Blendables/LightPropagationVolume/Binaries/Win64/UE4Editor-LightPropagationVolumeEditor.dll (API version 3709383).
LogModuleManager: Display: Found up-to-date module file ../../../Engine/Plugins/Developer/GitSourceControl/Binaries/Win64/UE4Editor-GitSourceControl.dll (API version 3709383).
LogModuleManager: Display: Found up-to-date module file ../../../Engine/Plugins/Developer/PerforceSourceControl/Binaries/Win64/UE4Editor-PerforceSourceControl.dll (API version 3709383).
LogModuleManager: Display: Found up-to-date module file ../../../Engine/Plugins/Developer/SubversionSourceControl/Binaries/Win64/UE4Editor-SubversionSourceControl.dll (API version 3709383).
LogModuleManager: Display: Found up-to-date module file ../../../Engine/Plugins/Developer/UObjectPlugin/Binaries/Win64/UE4Editor-UObjectPlugin.dll (API version 3709383).
LogModuleManager: Display: Found up-to-date module file ../../../Engine/Plugins/Developer/VisualStudioCodeSourceCodeAccess/Binaries/Win64/UE4Editor-VisualStudioCodeSourceCodeAccess.dll (API version 3709383).
LogModuleManager: Display: Found up-to-date module file ../../../Engine/Plugins/Developer/VisualStudioSourceCodeAccess/Binaries/Win64/UE4Editor-VisualStudioSourceCodeAccess.dll (API version 3709383).
LogModuleManager: Display: Found up-to-date module file ../../../Engine/Plugins/Editor/AssetManagerEditor/Binaries/Win64/UE4Editor-AssetManagerEditor.dll (API version 3709383).
LogModuleManager: Display: Found up-to-date module file ../../../Engine/Plugins/Editor/AudioCapture/Binaries/Win64/UE4Editor-AudioCapture.dll (API version 3709383).
LogModuleManager: Display: Found up-to-date module file ../../../Engine/Plugins/Editor/FacialAnimation/Binaries/Win64/UE4Editor-FacialAnimation.dll (API version 3709383).
LogModuleManager: Display: Found up-to-date module file ../../../Engine/Plugins/Editor/FacialAnimation/Binaries/Win64/UE4Editor-FacialAnimationEditor.dll (API version 3709383).
LogModuleManager: Display: Found up-to-date module file ../../../Engine/Plugins/Editor/GameplayTagsEditor/Binaries/Win64/UE4Editor-GameplayTagsEditor.dll (API version 3709383).
LogModuleManager: Display: Found up-to-date module file ../../../Engine/Plugins/Editor/MobileLauncherProfileWizard/Binaries/Win64/UE4Editor-MobileLauncherProfileWizard.dll (API version 3709383).
LogModuleManager: Display: Found up-to-date module file ../../../Engine/Plugins/Editor/PluginBrowser/Binaries/Win64/UE4Editor-PluginBrowser.dll (API version 3709383).
LogModuleManager: Display: Found up-to-date module file ../../../Engine/Plugins/Editor/SpeedTreeImporter/Binaries/Win64/UE4Editor-SpeedTreeImporter.dll (API version 3709383).
LogModuleManager: Display: Found up-to-date module file ../../../Engine/Plugins/Experimental/AlembicImporter/Binaries/Win64/UE4Editor-AlembicImporter.dll (API version 3709383).
LogModuleManager: Display: Found up-to-date module file ../../../Engine/Plugins/Experimental/AlembicImporter/Binaries/Win64/UE4Editor-AlembicLibrary.dll (API version 3709383).
LogModuleManager: Display: Found up-to-date module file ../../../Engine/Plugins/Experimental/CharacterAI/Binaries/Win64/UE4Editor-CharacterAI.dll (API version 3709383).
LogModuleManager: Display: Found up-to-date module file ../../../Engine/Plugins/Experimental/HTML5Networking/Binaries/Win64/UE4Editor-HTML5Networking.dll (API version 3709383).
LogModuleManager: Display: Found up-to-date module file ../../../Engine/Plugins/Media/AndroidMedia/Binaries/Win64/UE4Editor-AndroidMediaEditor.dll (API version 3709383).
LogModuleManager: Display: Found up-to-date module file ../../../Engine/Plugins/Media/AndroidMedia/Binaries/Win64/UE4Editor-AndroidMediaFactory.dll (API version 3709383).
LogModuleManager: Display: Found up-to-date module file ../../../Engine/Plugins/Media/AvfMedia/Binaries/Win64/UE4Editor-AvfMediaEditor.dll (API version 3709383).
LogModuleManager: Display: Found up-to-date module file ../../../Engine/Plugins/Media/AvfMedia/Binaries/Win64/UE4Editor-AvfMediaFactory.dll (API version 3709383).
LogModuleManager: Display: Found up-to-date module file ../../../Engine/Plugins/Media/AvfMedia/Binaries/Win64/UE4Editor-AvfMediaFactory.dll (API version 3709383).
LogModuleManager: Display: Found up-to-date module file ../../../Engine/Plugins/Media/ImgMedia/Binaries/Win64/UE4Editor-ImgMedia.dll (API version 3709383).
LogModuleManager: Display: Found up-to-date module file ../../../Engine/Plugins/Media/ImgMedia/Binaries/Win64/UE4Editor-ImgMediaEditor.dll (API version 3709383).
LogModuleManager: Display: Found up-to-date module file ../../../Engine/Plugins/Media/ImgMedia/Binaries/Win64/UE4Editor-ImgMediaFactory.dll (API version 3709383).
LogModuleManager: Display: Found up-to-date module file ../../../Engine/Plugins/Media/ImgMedia/Binaries/Win64/UE4Editor-ImgMediaFactory.dll (API version 3709383).
LogModuleManager: Display: Found up-to-date module file ../../../Engine/Plugins/Media/ImgMedia/Binaries/Win64/UE4Editor-OpenExrWrapper.dll (API version 3709383).
LogModuleManager: Display: Found up-to-date module file ../../../Engine/Plugins/Media/MediaCompositing/Binaries/Win64/UE4Editor-MediaCompositing.dll (API version 3709383).
LogModuleManager: Display: Found up-to-date module file ../../../Engine/Plugins/Media/MediaCompositing/Binaries/Win64/UE4Editor-MediaCompositingEditor.dll (API version 3709383).
LogModuleManager: Display: Found up-to-date module file ../../../Engine/Plugins/Media/MediaPlayerEditor/Binaries/Win64/UE4Editor-MediaPlayerEditor.dll (API version 3709383).
LogModuleManager: Display: Found up-to-date module file ../../../Engine/Plugins/Media/WmfMedia/Binaries/Win64/UE4Editor-WmfMedia.dll (API version 3709383).
LogModuleManager: Display: Found up-to-date module file ../../../Engine/Plugins/Media/WmfMedia/Binaries/Win64/UE4Editor-WmfMediaEditor.dll (API version 3709383).
LogModuleManager: Display: Found up-to-date module file ../../../Engine/Plugins/Media/WmfMedia/Binaries/Win64/UE4Editor-WmfMediaFactory.dll (API version 3709383).
LogModuleManager: Display: Found up-to-date module file ../../../Engine/Plugins/Media/WmfMedia/Binaries/Win64/UE4Editor-WmfMediaFactory.dll (API version 3709383).
LogModuleManager: Display: Found up-to-date module file ../../../Engine/Plugins/Messaging/TcpMessaging/Binaries/Win64/UE4Editor-TcpMessaging.dll (API version 3709383).
LogModuleManager: Display: Found up-to-date module file ../../../Engine/Plugins/Messaging/UdpMessaging/Binaries/Win64/UE4Editor-UdpMessaging.dll (API version 3709383).
LogModuleManager: Display: Found up-to-date module file ../../../Engine/Plugins/MovieScene/ActorSequence/Binaries/Win64/UE4Editor-ActorSequence.dll (API version 3709383).
LogModuleManager: Display: Found up-to-date module file ../../../Engine/Plugins/MovieScene/LevelSequenceEditor/Binaries/Win64/UE4Editor-LevelSequenceEditor.dll (API version 3709383).
LogModuleManager: Display: Found up-to-date module file ../../../Engine/Plugins/MovieScene/MatineeToLevelSequence/Binaries/Win64/UE4Editor-MatineeToLevelSequence.dll (API version 3709383).
LogModuleManager: Display: Found up-to-date module file ../../../Engine/Plugins/Online/OnlineSubsystem/Binaries/Win64/UE4Editor-OnlineSubsystem.dll (API version 3709383).
LogModuleManager: Display: Found up-to-date module file ../../../Engine/Plugins/Runtime/AndroidPermission/Binaries/Win64/UE4Editor-AndroidPermission.dll (API version 3709383).
LogModuleManager: Display: Found up-to-date module file ../../../Engine/Plugins/Online/OnlineSubsystemNull/Binaries/Win64/UE4Editor-OnlineSubsystemNull.dll (API version 3709383).
LogModuleManager: Display: Found up-to-date module file ../../../Engine/Plugins/Online/OnlineSubsystemUtils/Binaries/Win64/UE4Editor-OnlineSubsystemUtils.dll (API version 3709383).
LogModuleManager: Display: Found up-to-date module file ../../../Engine/Plugins/Online/OnlineSubsystemUtils/Binaries/Win64/UE4Editor-OnlineBlueprintSupport.dll (API version 3709383).
LogModuleManager: Display: Found up-to-date module file ../../../Engine/Plugins/Runtime/AndroidDeviceProfileSelector/Binaries/Win64/UE4Editor-AndroidDeviceProfileSelector.dll (API version 3709383).
LogModuleManager: Display: Found up-to-date module file ../../../Engine/Plugins/Runtime/AppleARKit/Binaries/Win64/UE4Editor-AppleARKit.dll (API version 3709383).
LogModuleManager: Display: Found up-to-date module file ../../../Engine/Plugins/Runtime/ArchVisCharacter/Binaries/Win64/UE4Editor-ArchVisCharacter.dll (API version 3709383).
LogModuleManager: Display: Found up-to-date module file ../../../Engine/Plugins/Runtime/CableComponent/Binaries/Win64/UE4Editor-CableComponent.dll (API version 3709383).
LogModuleManager: Display: Found up-to-date module file ../../../Engine/Plugins/Runtime/CustomMeshComponent/Binaries/Win64/UE4Editor-CustomMeshComponent.dll (API version 3709383).
LogModuleManager: Display: Found up-to-date module file ../../../Engine/Plugins/Runtime/ExampleDeviceProfileSelector/Binaries/Win64/UE4Editor-ExampleDeviceProfileSelector.dll (API version 3709383).
LogModuleManager: Display: Found up-to-date module file ../../../Engine/Plugins/Runtime/ImmediatePhysics/Binaries/Win64/UE4Editor-ImmediatePhysics.dll (API version 3709383).
LogModuleManager: Display: Found up-to-date module file ../../../Engine/Plugins/Runtime/ImmediatePhysics/Binaries/Win64/UE4Editor-ImmediatePhysicsEditor.dll (API version 3709383).
LogModuleManager: Display: Found up-to-date module file ../../../Engine/Plugins/Runtime/LocationServicesBPLibrary/Binaries/Win64/UE4Editor-LocationServicesBPLibrary.dll (API version 3709383).
LogModuleManager: Display: Found up-to-date module file ../../../Engine/Plugins/Runtime/MobilePatchingUtils/Binaries/Win64/UE4Editor-MobilePatchingUtils.dll (API version 3709383).
LogModuleManager: Display: Found up-to-date module file ../../../Engine/Plugins/Runtime/Oculus/OculusVR/Binaries/Win64/UE4Editor-OculusHMD.dll (API version 3709383).
LogModuleManager: Display: Found up-to-date module file ../../../Engine/Plugins/Runtime/Oculus/OculusVR/Binaries/Win64/UE4Editor-OculusInput.dll (API version 3709383).
LogModuleManager: Display: Found up-to-date module file ../../../Engine/Plugins/Runtime/Oculus/OculusVR/Binaries/Win64/UE4Editor-OculusEditor.dll (API version 3709383).
LogModuleManager: Display: Found up-to-date module file ../../../Engine/Plugins/Runtime/PhysXVehicles/Binaries/Win64/UE4Editor-PhysXVehicles.dll (API version 3709383).
LogModuleManager: Display: Found up-to-date module file ../../../Engine/Plugins/Runtime/PhysXVehicles/Binaries/Win64/UE4Editor-PhysXVehiclesEditor.dll (API version 3709383).
LogModuleManager: Display: Found up-to-date module file ../../../Engine/Plugins/Runtime/ProceduralMeshComponent/Binaries/Win64/UE4Editor-ProceduralMeshComponent.dll (API version 3709383).
LogModuleManager: Display: Found up-to-date module file ../../../Engine/Plugins/Runtime/ProceduralMeshComponent/Binaries/Win64/UE4Editor-ProceduralMeshComponentEditor.dll (API version 3709383).
LogModuleManager: Display: Found up-to-date module file ../../../Engine/Plugins/Runtime/RuntimePhysXCooking/Binaries/Win64/UE4Editor-RuntimePhysXCooking.dll (API version 3709383).
LogModuleManager: Display: Found up-to-date module file ../../../Engine/Plugins/Runtime/Steam/SteamVR/Binaries/Win64/UE4Editor-SteamVR.dll (API version 3709383).
LogModuleManager: Display: Found up-to-date module file ../../../Engine/Plugins/Runtime/Steam/SteamVR/Binaries/Win64/UE4Editor-SteamVRController.dll (API version 3709383).
LogModuleManager: Display: Found up-to-date module file ../../../Engine/Plugins/Runtime/WindowsMoviePlayer/Binaries/Win64/UE4Editor-WindowsMoviePlayer.dll (API version 3709383).
LogPluginManager: Mounting plugin Paper2D
LogPluginManager: Mounting plugin LightPropagationVolume
LogPluginManager: Mounting plugin CodeLiteSourceCodeAccess
LogPluginManager: Mounting plugin GitSourceControl
LogPluginManager: Mounting plugin KDevelopSourceCodeAccess
LogPluginManager: Mounting plugin NullSourceCodeAccess
LogPluginManager: Mounting plugin PerforceSourceControl
LogPluginManager: Mounting plugin SubversionSourceControl
LogPluginManager: Mounting plugin UObjectPlugin
LogPluginManager: Mounting plugin VisualStudioCodeSourceCodeAccess
LogPluginManager: Mounting plugin VisualStudioSourceCodeAccess
LogPluginManager: Mounting plugin XCodeSourceCodeAccess
LogPluginManager: Mounting plugin AssetManagerEditor
LogPluginManager: Mounting plugin AudioCapture
LogPluginManager: Mounting plugin FacialAnimation
LogPluginManager: Mounting plugin GameplayTagsEditor
LogPluginManager: Mounting plugin MobileLauncherProfileWizard
LogPluginManager: Mounting plugin PluginBrowser
LogPluginManager: Mounting plugin SpeedTreeImporter
LogPluginManager: Mounting plugin AlembicImporter
LogPluginManager: Mounting plugin CharacterAI
LogPluginManager: Mounting plugin HTML5Networking
LogPluginManager: Mounting plugin AndroidMedia
LogPluginManager: Mounting plugin AvfMedia
LogPluginManager: Mounting plugin ImgMedia
LogPluginManager: Mounting plugin MediaCompositing
LogPluginManager: Mounting plugin MediaPlayerEditor
LogPluginManager: Mounting plugin WmfMedia
LogPluginManager: Mounting plugin TcpMessaging
LogPluginManager: Mounting plugin UdpMessaging
LogPluginManager: Mounting plugin ActorSequence
LogPluginManager: Mounting plugin LevelSequenceEditor
LogPluginManager: Mounting plugin MatineeToLevelSequence
LogPluginManager: Mounting plugin OnlineSubsystemGooglePlay
LogPluginManager: Mounting plugin OnlineSubsystemIOS
LogPluginManager: Mounting plugin OnlineSubsystem
LogPluginManager: Mounting plugin OnlineSubsystemNull
LogPluginManager: Mounting plugin OnlineSubsystemUtils
LogPluginManager: Mounting plugin AndroidDeviceProfileSelector
LogPluginManager: Mounting plugin AndroidMoviePlayer
LogPluginManager: Mounting plugin AndroidPermission
LogPluginManager: Mounting plugin AppleARKit
LogPluginManager: Mounting plugin AppleMoviePlayer
LogPluginManager: Mounting plugin ArchVisCharacter
LogPluginManager: Mounting plugin CableComponent
LogPluginManager: Mounting plugin CustomMeshComponent
LogPluginManager: Mounting plugin ExampleDeviceProfileSelector
LogPluginManager: Mounting plugin GoogleCloudMessaging
LogPluginManager: Mounting plugin ImmediatePhysics
LogPluginManager: Mounting plugin IOSDeviceProfileSelector
LogPluginManager: Mounting plugin LinuxDeviceProfileSelector
LogPluginManager: Mounting plugin LocationServicesBPLibrary
LogPluginManager: Mounting plugin MobilePatchingUtils
LogPluginManager: Mounting plugin OculusVR
LogPluginManager: Plugin shader directory ../../../Engine/Plugins/Runtime/Oculus/OculusVR/Shaders found
LogPluginManager: Mapping shader source directory ../../../Engine/Plugins/Runtime/Oculus/OculusVR/Shaders to virtual directory /Plugin/OculusVR
LogPluginManager: Mounting plugin PhysXVehicles
LogPluginManager: Mounting plugin ProceduralMeshComponent
LogPluginManager: Mounting plugin RuntimePhysXCooking
LogPluginManager: Mounting plugin SteamVR
LogPluginManager: Mounting plugin WindowsMoviePlayer
LogInit: Using libcurl 7.47.1
LogInit:  - built for x86_64-pc-win32
LogInit:  - supports SSL with OpenSSL/1.0.2g
LogInit:  - supports HTTP deflate (compression) using libz 1.2.8
LogInit:  - other features:
LogInit:      CURL_VERSION_SSL
LogInit:      CURL_VERSION_LIBZ
LogInit:      CURL_VERSION_IPV6
LogInit:      CURL_VERSION_ASYNCHDNS
LogInit:      CURL_VERSION_LARGEFILE
LogInit:      CURL_VERSION_IDN
LogInit:  CurlRequestOptions (configurable via config and command line):
LogInit:  - bVerifyPeer = false  - Libcurl will NOT verify peer certificate
LogInit:  - bUseHttpProxy = false  - Libcurl will NOT use HTTP proxy
LogInit:  - bDontReuseConnections = false  - Libcurl will reuse connections
LogInit:  - CertBundlePath = nullptr  - Libcurl will use whatever was configured at build time.
LogInit: Build: ++UE4+Release-4.18-CL-3832480
LogInit: Engine Version: 4.18.3-3832480+++UE4+Release-4.18
LogInit: Compatible Engine Version: 4.18.0-3709383+++UE4+Release-4.18
LogInit: Net CL: 3709383
LogDevObjectVersion: Number of dev versions registered: 16
LogDevObjectVersion:   Dev-Blueprints (B0D832E4-1F89-4F0D-ACCF-7EB736FD4AA2): 10
LogDevObjectVersion:   Dev-Build (E1C64328-A22C-4D53-A36C-8E866417BD8C): 0
LogDevObjectVersion:   Dev-Core (375EC13C-06E4-48FB-B500-84F0262A717E): 2
LogDevObjectVersion:   Dev-Editor (E4B068ED-F494-42E9-A231-DA0B2E46BB41): 20
LogDevObjectVersion:   Dev-Framework (CFFC743F-43B0-4480-9391-14DF171D2073): 30
LogDevObjectVersion:   Dev-Mobile (B02B49B5-BB20-44E9-A304-32B752E40360): 0
LogDevObjectVersion:   Dev-Networking (A4E4105C-59A1-49B5-A7C5-40C4547EDFEE): 0
LogDevObjectVersion:   Dev-Online (39C831C9-5AE6-47DC-9A44-9C173E1C8E7C): 0
LogDevObjectVersion:   Dev-Physics (78F01B33-EBEA-4F98-B9B4-84EACCB95AA2): 0
LogDevObjectVersion:   Dev-Platform (6631380F-2D4D-43E0-8009-CF276956A95A): 0
LogDevObjectVersion:   Dev-Rendering (12F88B9F-8875-4AFC-A67C-D90C383ABD29): 20
LogDevObjectVersion:   Dev-Sequencer (7B5AE74C-D270-4C10-A958-57980B212A5A): 4
LogDevObjectVersion:   Dev-VR (D7296918-1DD6-4BDD-9DE2-64A83CC13884): 0
LogDevObjectVersion:   Dev-LoadTimes (C2A15278-BFE7-4AFE-6C17-90FF531DF755): 1
LogDevObjectVersion:   Private-Geometry (6EACA3D4-40EC-4CC1-B786-8BED09428FC5): 1
LogDevObjectVersion:   Dev-AnimPhys (29E575DD-E0A3-4627-9D10-D276232CDCEA): 12
LogInit: Compiled (64-bit): Jan 12 2018 02:04:55
LogInit: Compiled with Visual C++: 19.00.24215.01
LogInit: Build Configuration: Development
LogInit: Branch Name: ++UE4+Release-4.18
LogInit: Command line: -EpicPortal  -epicusername="Coord26673" -epicuserid=d0b6036c88c54b6d9c24e2e300c84322 -epiclocale=en-GB
LogInit: Base directory: G:/UE_4.18/Engine/Binaries/Win64/
LogInit: Installed Engine Build: 1
LogInit: Presizing for max 8388607 objects, including 0 objects not considered by GC, pre-allocating 0 bytes for permanent pool.
LogInit: Object subsystem initialized
[2019.04.20-08.50.32:089][  0]LogInit: Selected Device Profile: [Windows]
[2019.04.20-08.50.32:089][  0]LogInit: Applying CVar settings loaded from the selected device profile: [Windows]
[2019.04.20-08.50.32:097][  0]LogInit: Computer: DESKTOP-6R2LPT6
[2019.04.20-08.50.32:097][  0]LogInit: User: Coord26
[2019.04.20-08.50.32:097][  0]LogInit: CPU Page size=4096, Cores=4
[2019.04.20-08.50.32:097][  0]LogInit: High frequency timer resolution =10.000000 MHz
[2019.04.20-08.50.32:097][  0]LogMemory: Memory total: Physical=15.9GB (16GB approx)
[2019.04.20-08.50.32:097][  0]LogMemory: Platform Memory Stats for Windows
[2019.04.20-08.50.32:097][  0]LogMemory: Process Physical Memory: 272.78 MB used, 272.78 MB peak
[2019.04.20-08.50.32:097][  0]LogMemory: Process Virtual Memory: 273.16 MB used, 273.16 MB peak
[2019.04.20-08.50.32:097][  0]LogMemory: Physical Memory: 8962.47 MB used,  7363.59 MB free, 16326.06 MB total
[2019.04.20-08.50.32:097][  0]LogMemory: Virtual Memory: 4771.43 MB used,  7363.59 MB free, 134217728.00 MB total
[2019.04.20-08.50.32:204][  0]LogInit: Using OS detected language (en-GB).
[2019.04.20-08.50.32:204][  0]LogInit: Using OS detected locale (en-GB).
[2019.04.20-08.50.32:207][  0]LogTextLocalizationManager: No specific localization for 'en-GB' exists, so the 'en' localization will be used.
[2019.04.20-08.50.32:488][  0]LogInit: Setting process to per monitor DPI aware
[2019.04.20-08.50.32:718][  0]LogD3D11RHI: D3D11 adapters:
[2019.04.20-08.50.32:774][  0]LogD3D11RHI:    0. 'NVIDIA GeForce GTX 1080' (Feature Level 11_0)
[2019.04.20-08.50.32:774][  0]LogD3D11RHI:       8079/0/8163 MB DedicatedVideo/DedicatedSystem/SharedSystem, Outputs:2, VendorId:0x10de
[2019.04.20-08.50.32:776][  0]LogD3D11RHI:    1. 'Microsoft Basic Render Driver' (Feature Level 11_0)
[2019.04.20-08.50.32:776][  0]LogD3D11RHI:       0/0/8163 MB DedicatedVideo/DedicatedSystem/SharedSystem, Outputs:0, VendorId:0x1414
[2019.04.20-08.50.32:776][  0]LogD3D11RHI: Chosen D3D11 Adapter: 0
[2019.04.20-08.50.32:783][  0]LogD3D11RHI: Creating new Direct3DDevice
[2019.04.20-08.50.32:783][  0]LogD3D11RHI:     GPU DeviceId: 0x1b80 (for the marketing name, search the web for "GPU Device Id")
[2019.04.20-08.50.32:783][  0]LogWindows: EnumDisplayDevices:
[2019.04.20-08.50.32:783][  0]LogWindows:    0. 'NVIDIA GeForce GTX 1080' (P:0 D:1)
[2019.04.20-08.50.32:784][  0]LogWindows:    1. 'NVIDIA GeForce GTX 1080' (P:1 D:1)
[2019.04.20-08.50.32:784][  0]LogWindows:    2. 'NVIDIA GeForce GTX 1080' (P:0 D:0)
[2019.04.20-08.50.32:784][  0]LogWindows:    3. 'NVIDIA GeForce GTX 1080' (P:0 D:0)
[2019.04.20-08.50.32:784][  0]LogWindows: DebugString: GetVideoDriverDetailsInvalid PrimaryIsNotTheChoosenAdapter GetVideoDriverDetailsInvalid PrimaryIsNotTheChoosenAdapter GetVideoDriverDetailsInvalid PrimaryIsNotTheChoosenAdapter GetVideoDriverDetailsInvalid PrimaryIsNotTheChoosenAdapter FoundDriverCount:0 
[2019.04.20-08.50.32:784][  0]LogD3D11RHI:     Adapter Name: NVIDIA GeForce GTX 1080
[2019.04.20-08.50.32:784][  0]LogD3D11RHI:   Driver Version: Unknown (internal:Unknown, unified:Unknown)
[2019.04.20-08.50.32:784][  0]LogD3D11RHI:      Driver Date: Unknown
[2019.04.20-08.50.32:784][  0]LogRHI: Texture pool is 5655 MB (70% of 8079 MB)
[2019.04.20-08.50.32:815][  0]LogD3D11RHI: Async texture creation enabled
[2019.04.20-08.50.32:831][  0]LogD3D11RHI: GPU Timing Frequency: 1000.000000 (Debug: 2 2)
[2019.04.20-08.50.32:880][  0]LogShaderCompilers: Guid format shader working directory is -5 characters bigger than the processId version (C:/Users/Coord 26/Documents/Unreal Projects/MyProject/Intermediate/Shaders/WorkingDirectory/11488/).
[2019.04.20-08.50.32:880][  0]LogShaderCompilers: Cleaned the shader compiler working directory 'C:/Users/Coord 26/AppData/Local/Temp/UnrealShaderWorkingDir/BAE07E844A86D01816A9A5B34C8EBB91/'.
[2019.04.20-08.50.32:880][  0]LogShaderCompilers: Display: Using Local Shader Compiler.
[2019.04.20-08.50.33:676][  0]LogTemp: Display: Loaded TP AllDesktopTargetPlatform
[2019.04.20-08.50.33:714][  0]LogTemp: Display: Loaded TP MacClientTargetPlatform
[2019.04.20-08.50.33:752][  0]LogTemp: Display: Loaded TP MacNoEditorTargetPlatform
[2019.04.20-08.50.33:790][  0]LogTemp: Display: Loaded TP MacServerTargetPlatform
[2019.04.20-08.50.33:830][  0]LogTemp: Display: Loaded TP MacTargetPlatform
[2019.04.20-08.50.33:869][  0]LogTemp: Display: Loaded TP WindowsClientTargetPlatform
[2019.04.20-08.50.33:906][  0]LogTemp: Display: Loaded TP WindowsNoEditorTargetPlatform
[2019.04.20-08.50.33:945][  0]LogTemp: Display: Loaded TP WindowsServerTargetPlatform
[2019.04.20-08.50.33:978][  0]LogTemp: Display: Loaded TP WindowsTargetPlatform
[2019.04.20-08.50.34:015][  0]LogTemp: Display: Loaded TP Android_ASTCTargetPlatform
[2019.04.20-08.50.34:053][  0]LogTemp: Display: Loaded TP Android_ATCTargetPlatform
[2019.04.20-08.50.34:091][  0]LogTemp: Display: Loaded TP Android_DXTTargetPlatform
[2019.04.20-08.50.34:129][  0]LogTemp: Display: Loaded TP Android_ETC1TargetPlatform
[2019.04.20-08.50.34:167][  0]LogTemp: Display: Loaded TP Android_ETC2TargetPlatform
[2019.04.20-08.50.34:242][  0]LogTemp: Display: Loaded TP Android_MultiTargetPlatform
[2019.04.20-08.50.34:242][  0]LogTemp: Display: Loaded TP Android_PVRTCTargetPlatform
[2019.04.20-08.50.34:298][  0]LogTemp: Display: Loaded TP AndroidTargetPlatform
[2019.04.20-08.50.34:328][  0]LogTemp: Display: Loaded TP HTML5TargetPlatform
[2019.04.20-08.50.34:428][  0]LogTemp: Display: Loaded TP IOSTargetPlatform
[2019.04.20-08.50.34:477][  0]LogTemp: Display: Loaded TP TVOSTargetPlatform
[2019.04.20-08.50.34:547][  0]LogTemp: Display: Loaded TP LinuxClientTargetPlatform
[2019.04.20-08.50.34:584][  0]LogTemp: Display: Loaded TP LinuxNoEditorTargetPlatform
[2019.04.20-08.50.34:622][  0]LogTemp: Display: Loaded TP LinuxServerTargetPlatform
[2019.04.20-08.50.34:659][  0]LogTemp: Display: Loaded TP LinuxTargetPlatform
[2019.04.20-08.50.34:659][  0]LogTargetPlatformManager: Display: Building Assets For Windows
[2019.04.20-08.50.34:996][  0]LogDerivedDataCache: Display: Max Cache Size: 512 MB
[2019.04.20-08.50.35:050][  0]LogDerivedDataCache: Loaded boot cache 0.05s 78MB C:/Users/Coord 26/AppData/Local/UnrealEngine/4.18/DerivedDataCache/Boot.ddc.
[2019.04.20-08.50.35:050][  0]LogDerivedDataCache: Display: Loaded Boot cache: C:/Users/Coord 26/AppData/Local/UnrealEngine/4.18/DerivedDataCache/Boot.ddc
[2019.04.20-08.50.35:050][  0]LogDerivedDataCache: FDerivedDataBackendGraph:  Pak pak cache file C:/Users/Coord 26/Documents/Unreal Projects/MyProject/DerivedDataCache/DDC.ddp not found, will not use a pak cache.
[2019.04.20-08.50.35:050][  0]LogDerivedDataCache: Unable to find inner node Pak for hierarchical cache Hierarchy.
[2019.04.20-08.50.35:050][  0]LogDerivedDataCache: FDerivedDataBackendGraph:  CompressedPak pak cache file C:/Users/Coord 26/Documents/Unreal Projects/MyProject/DerivedDataCache/Compressed.ddp not found, will not use a pak cache.
[2019.04.20-08.50.35:050][  0]LogDerivedDataCache: Unable to find inner node CompressedPak for hierarchical cache Hierarchy.
[2019.04.20-08.50.35:062][  0]LogDerivedDataCache: Display: Pak cache opened for reading ../../../Engine/DerivedDataCache/Compressed.ddp.
[2019.04.20-08.50.35:074][  0]LogDerivedDataCache: Using Local data cache path C:/Users/Coord 26/AppData/Local/UnrealEngine/Common/DerivedDataCache: Writable
[2019.04.20-08.50.35:081][  0]LogMaterial: Verifying Global Shaders for PCD3D_SM5
[2019.04.20-08.50.35:081][  0]LogSlate: Using Freetype 2.6.0
[2019.04.20-08.50.35:082][  0]LogSlate: SlateFontCache - WITH_FREETYPE: 1, WITH_HARFBUZZ: 1
[2019.04.20-08.50.35:082][  0]LogSlate: SlateFontCache - WITH_FREETYPE: 1, WITH_HARFBUZZ: 1
[2019.04.20-08.50.35:352][  0]LogInit: Selected Device Profile: [Windows]
[2019.04.20-08.50.35:617][  0]LogSimplygon: Simplygon DLL not present - disabling.
[2019.04.20-08.50.35:679][  0]LogMeshReduction: Using SimplygonSwarm for distributed automatic mesh merging
[2019.04.20-08.50.35:679][  0]LogMeshReduction: Using QuadricMeshReduction for automatic static mesh reduction
[2019.04.20-08.50.35:679][  0]LogMeshReduction: No automatic skeletal mesh reduction module available
[2019.04.20-08.50.35:679][  0]LogMeshReduction: No automatic mesh merging module available
[2019.04.20-08.50.35:679][  0]LogMeshMerging: No automatic mesh merging module available
[2019.04.20-08.50.35:708][  0]LogNetVersion: MyProject , NetCL: 3709383, EngineNetVer: 2, GameNetVer: 0 (Checksum: 1490074681)
[2019.04.20-08.50.35:828][  0]LogAssetRegistry: FAssetRegistry took 0.0252 seconds to start up
[2019.04.20-08.50.36:169][  0]LogPackageLocalizationCache: Processed 7 localized package path(s) for 2 prioritized culture(s) in 0.045810 seconds
[2019.04.20-08.50.36:173][  0]LogUObjectArray: 35870 objects as part of root set at end of initial load.
[2019.04.20-08.50.36:173][  0]LogUObjectAllocator: 7363696 out of 0 bytes used by permanent object pool.
[2019.04.20-08.50.36:173][  0]LogUObjectArray: CloseDisregardForGC: 0/0 objects in disregard for GC pool
[2019.04.20-08.50.36:209][  0]LogInit: WinSock: version 1.1 (2.2), MaxSocks=32767, MaxUdp=65467
[2019.04.20-08.50.38:275][  0]LogTcpMessaging: Initializing TcpMessaging bridge
[2019.04.20-08.50.38:310][  0]LogUdpMessaging: Initializing bridge on interface 0.0.0.0:0 to multicast group 230.0.0.1:6666.
[2019.04.20-08.50.38:823][  0]LogMaterial: Uniform references updated for custom material expression Custom.
[2019.04.20-08.50.39:141][  0]SourceControl: Source control is disabled
[2019.04.20-08.50.39:141][  0]SourceControl: Source control is disabled
[2019.04.20-08.50.39:181][  0]SourceControl: Source control is disabled
[2019.04.20-08.50.39:221][  0]SourceControl: Source control is disabled
[2019.04.20-08.50.39:850][  0]LogAndroidPermission: UAndroidPermissionCallbackProxy::GetInstance
[2019.04.20-08.50.40:051][  0]LogOcInput: OculusInput pre-init called
[2019.04.20-08.50.40:269][  0]LogEngine: Initializing Engine...
[2019.04.20-08.50.40:271][  0]LogHMD: Failed to initialize OpenVR with code 110
[2019.04.20-08.50.40:407][  0]LogStats: UGameplayTagsManager::ConstructGameplayTagTree: Construct from data asset -  0.000 s
[2019.04.20-08.50.40:407][  0]LogStats: UGameplayTagsManager::ConstructGameplayTagTree: GameplayTagTreeChangedEvent.Broadcast -  0.000 s
[2019.04.20-08.50.40:502][  0]LogAIModule: Creating AISystem for world Untitled
[2019.04.20-08.50.40:524][  0]LogInit: XAudio2 using 'Speakers (Realtek High Definition Audio)' : 2 channels at 48 kHz using 32 bits per sample (channel mask 0x3)
[2019.04.20-08.50.40:573][  0]LogInit: FAudioDevice initialized.
[2019.04.20-08.50.40:617][  0]LogDerivedDataCache: Saved boot cache 0.04s 78MB C:/Users/Coord 26/AppData/Local/UnrealEngine/4.18/DerivedDataCache/Boot.ddc.
[2019.04.20-08.50.40:623][  0]LogInit: Texture streaming: Enabled
[2019.04.20-08.50.40:696][  0]LogEngineSessionManager: EngineSessionManager initialized
[2019.04.20-08.50.40:804][  0]LogInit: Transaction tracking system initialized
[2019.04.20-08.50.41:040][  0]BlueprintLog: New page: Editor Load
[2019.04.20-08.50.41:731][  0]LocalizationService: Localization service is disabled
[2019.04.20-08.50.42:325][  0]LogConsoleResponse: Display: 
[2019.04.20-08.50.42:460][  0]LogCook: Display: Max memory allowance for cook 16384mb min free memory 0mb
[2019.04.20-08.50.42:460][  0]LogCook: Display: Mobile HDR setting 1
[2019.04.20-08.50.42:460][  0]LogGameplayTags: Display: UGameplayTagsManager::DoneAddingNativeTags. DelegateIsBound: 0
[2019.04.20-08.50.42:599][  0]LogFileCache: Scanning file cache for directory 'C:/Users/Coord 26/Documents/Unreal Projects/MyProject/Content/' took 0.01s
[2019.04.20-08.50.43:393][  0]SourceControl: Source control is disabled
[2019.04.20-08.50.43:393][  0]Cmd: MAP LOAD FILE="../../../Engine/Content/Maps/Templates/Template_Default.umap" TEMPLATE=1 SHOWPROGRESS=1 FEATURELEVEL=3
[2019.04.20-08.50.43:394][  0]LightingResults: New page: Lighting Build
[2019.04.20-08.50.43:425][  0]MapCheck: New page: Map Check
[2019.04.20-08.50.43:425][  0]LightingResults: New page: Lighting Build
[2019.04.20-08.50.43:590][  0]LogAIModule: Creating AISystem for world Untitled_1
[2019.04.20-08.50.43:594][  0]LogEditorServer: Finished looking for orphan Actors (0.000 secs)
[2019.04.20-08.50.43:601][  0]Cmd: MAP CHECKDEP NOCLEARLOG
[2019.04.20-08.50.43:636][  0]MapCheck: Map check complete: 0 Error(s), 0 Warning(s), took 34.958ms to complete.
[2019.04.20-08.50.43:636][  0]LogFileHelpers: Loading map 'Template_Default' took 0.243
[2019.04.20-08.50.43:817][  0]LogCollectionManager: Loaded 0 collections in 0.001931 seconds
[2019.04.20-08.50.43:897][  0]LogFileCache: Scanning file cache for directory 'C:/Users/Coord 26/Documents/Unreal Projects/MyProject/Saved/Collections/' took 0.01s
[2019.04.20-08.50.43:897][  0]LogFileCache: Scanning file cache for directory 'C:/Users/Coord 26/Documents/Unreal Projects/MyProject/Content/Developers/Coord26/Collections/' took 0.01s
[2019.04.20-08.50.43:897][  0]LogFileCache: Scanning file cache for directory 'C:/Users/Coord 26/Documents/Unreal Projects/MyProject/Content/Collections/' took 0.01s
[2019.04.20-08.50.43:897][  0]LogCollectionManager: Rebuilt the GUID cache for 0 collections in 0.000000 seconds
[2019.04.20-08.50.43:903][  0]LogContentBrowser: Native class hierarchy populated in 0.0059 seconds. Added 2363 classes and 519 folders.
[2019.04.20-08.50.43:952][  0]LogContentBrowser: Native class hierarchy updated for 'WidgetCarousel' in 0.0002 seconds. Added 0 classes and 0 folders.
[2019.04.20-08.50.43:986][  0]LogContentBrowser: Native class hierarchy updated for 'AddContentDialog' in 0.0002 seconds. Added 0 classes and 0 folders.
[2019.04.20-08.50.44:018][  0]LogContentBrowser: Native class hierarchy updated for 'SceneOutliner' in 0.0002 seconds. Added 1 classes and 2 folders.
[2019.04.20-08.50.44:063][  0]LogSlate: Took 0.000231 seconds to synchronously load lazily loaded font '../../../Engine/Content/Slate/Fonts/Roboto-Regular.ttf' (155K)
[2019.04.20-08.50.44:065][  0]LogSlate: Took 0.000216 seconds to synchronously load lazily loaded font '../../../Engine/Content/Slate/Fonts/Roboto-Bold.ttf' (160K)
[2019.04.20-08.50.44:069][  0]LogSlate: Took 0.000166 seconds to synchronously load lazily loaded font '../../../Engine/Content/Editor/Slate/Fonts/FontAwesome.ttf' (139K)
[2019.04.20-08.50.44:152][  0]LogRenderer: Reallocating scene render targets to support 1616x808 Format 10 NumSamples 1 (Frame:1).
[2019.04.20-08.50.44:289][  0]LogContentBrowser: Native class hierarchy updated for 'HierarchicalLODOutliner' in 0.0002 seconds. Added 1 classes and 2 folders.
[2019.04.20-08.50.44:289][  0]LogLoad: (Engine Initialization) Total time: 14.08 seconds
[2019.04.20-08.50.44:289][  0]LogLoad: (Engine Initialization) Total Blueprint compile time: 0.00 seconds
[2019.04.20-08.50.44:289][  0]LogExternalProfiler: No external profilers were discovered.  External profiling features will not be available.
[2019.04.20-08.50.44:309][  0]LogAssetRegistry: Asset discovery search completed in 8.5038 seconds
[2019.04.20-08.50.44:310][  0]LogCollectionManager: Rebuilt the object cache for 0 collections in 0.000000 seconds (found 0 objects)
[2019.04.20-08.50.44:310][  0]LogCollectionManager: Fixed up redirectors for 0 collections in 0.000041 seconds (updated 0 objects)
[2019.04.20-08.50.44:312][  0]LogContentStreaming: Texture pool size now 1000 MB
[2019.04.20-08.50.47:727][392]LogTemp: Repeating last play command: Simulate
[2019.04.20-08.50.47:743][392]LogPlayLevel: PlayLevel: No blueprints needed recompiling
[2019.04.20-08.50.47:744][392]PIE: New page: SIE session: Untitled_1 (20 Apr 2019 10:50:47)
[2019.04.20-08.50.47:744][392]LogPlayLevel: Creating play world package: /Temp/UEDPIE_0_Untitled_1
[2019.04.20-08.50.47:748][392]LogPlayLevel: PIE: StaticDuplicateObject took: (0.004108s)
[2019.04.20-08.50.47:748][392]LogAIModule: Creating AISystem for world Untitled_1
[2019.04.20-08.50.47:748][392]LogPlayLevel: PIE: World Init took: (0.000492s)
[2019.04.20-08.50.47:748][392]LogPlayLevel: PIE: Created PIE world by copying editor world from /Temp/Untitled_1.Untitled_1 to /Temp/UEDPIE_0_Untitled_1.Untitled_1 (0.004790s)
[2019.04.20-08.50.47:770][392]LogInit: XAudio2 using 'Speakers (Realtek High Definition Audio)' : 2 channels at 48 kHz using 32 bits per sample (channel mask 0x3)
[2019.04.20-08.50.47:815][392]LogInit: FAudioDevice initialized.
[2019.04.20-08.50.47:924][392]LogLoad: Game class is 'ProtoGamemode_C'
[2019.04.20-08.50.47:925][392]LogWorld: Bringing World /Temp/UEDPIE_0_Untitled_1.Untitled_1 up for play (max tick rate 0) at 2019.04.20-09.50.47
[2019.04.20-08.50.47:925][392]LogWorld: Bringing up level for play took: 0.000458
[2019.04.20-08.50.47:956][392]LogContentBrowser: Native class hierarchy updated for 'MovieSceneCapture' in 0.0002 seconds. Added 11 classes and 0 folders.
[2019.04.20-08.50.47:956][392]PIE: Play in editor start time for /Temp/UEDPIE_0_Untitled_1 0.842
[2019.04.20-08.50.51:018][749]LogPlayLevel: PlayLevel: No blueprints needed recompiling
[2019.04.20-08.50.51:018][749]PIE: New page: PIE session: Untitled_1 (20 Apr 2019 10:50:51)
[2019.04.20-08.50.51:018][749]LogPlayLevel: Creating play world package: /Temp/UEDPIE_0_Untitled_1
[2019.04.20-08.50.51:021][749]LogPlayLevel: PIE: StaticDuplicateObject took: (0.003494s)
[2019.04.20-08.50.51:022][749]LogAIModule: Creating AISystem for world Untitled_1
[2019.04.20-08.50.51:022][749]LogPlayLevel: PIE: World Init took: (0.000759s)
[2019.04.20-08.50.51:022][749]LogPlayLevel: PIE: Created PIE world by copying editor world from /Temp/Untitled_1.Untitled_1 to /Temp/UEDPIE_0_Untitled_1.Untitled_1 (0.004495s)
[2019.04.20-08.50.51:043][749]LogInit: XAudio2 using 'Speakers (Realtek High Definition Audio)' : 2 channels at 48 kHz using 32 bits per sample (channel mask 0x3)
[2019.04.20-08.50.51:084][749]LogInit: FAudioDevice initialized.
[2019.04.20-08.50.51:114][749]LogLoad: Game class is 'ProtoGamemode_C'
[2019.04.20-08.50.51:114][749]LogWorld: Bringing World /Temp/UEDPIE_0_Untitled_1.Untitled_1 up for play (max tick rate 0) at 2019.04.20-09.50.51
[2019.04.20-08.50.51:115][749]LogWorld: Bringing up level for play took: 0.000390
[2019.04.20-08.50.51:116][749]PIE: Play in editor start time for /Temp/UEDPIE_0_Untitled_1 0.001
[2019.04.20-08.51.04:745][366]LogSlate: Took 0.000142 seconds to synchronously load lazily loaded font '../../../Engine/Content/Slate/Fonts/Roboto-Light.ttf' (159K)
[2019.04.20-08.51.04:958][366]LogContentBrowser: Native class hierarchy updated for 'BlueprintGraph' in 0.0004 seconds. Added 116 classes and 0 folders.
[2019.04.20-08.51.05:393][366]LogSlate: Took 0.000119 seconds to synchronously load lazily loaded font '../../../Engine/Content/Slate/Fonts/Roboto-Regular.ttf' (155K)
[2019.04.20-08.51.05:443][366]LogSlate: Took 0.000183 seconds to synchronously load lazily loaded font '../../../Engine/Content/Editor/Slate/Fonts/Roboto-BoldCondensed.ttf' (158K)
[2019.04.20-08.51.05:516][367]LogSlate: Took 0.000167 seconds to synchronously load lazily loaded font '../../../Engine/Content/Editor/Slate/Fonts/Roboto-Italic.ttf' (157K)
[2019.04.20-08.51.05:523][367]LogPropertyNode: Warning: Clamp Min (3) >= Clamp Max (3) for Ranged Numeric property /Game/Prototank2.Prototank2_C:Turnrate
[2019.04.20-08.51.05:523][367]LogPropertyNode: Warning: UI Min (3) >= UI Max (3) for Ranged Numeric property /Game/Prototank2.Prototank2_C:Turnrate
[2019.04.20-08.51.05:524][367]LogPropertyNode: Warning: Clamp Min (1) >= Clamp Max (1) for Ranged Numeric property /Game/Prototank2.Prototank2_C:TurretTurnRate
[2019.04.20-08.51.05:524][367]LogPropertyNode: Warning: UI Min (1) >= UI Max (1) for Ranged Numeric property /Game/Prototank2.Prototank2_C:TurretTurnRate
[2019.04.20-08.51.05:525][367]LogPropertyNode: Warning: Clamp Min (1) >= Clamp Max (1) for Ranged Numeric property /Game/Prototank2.Prototank2_C:BarrelPitchRate
[2019.04.20-08.51.05:525][367]LogPropertyNode: Warning: UI Min (1) >= UI Max (1) for Ranged Numeric property /Game/Prototank2.Prototank2_C:BarrelPitchRate
[2019.04.20-08.51.55:073][179]BlueprintLog: New page: Compile Prototank2
[2019.04.20-08.51.56:400][295]Cmd: OBJ SAVEPACKAGE PACKAGE="/Game/Prototank2" FILE="C:/Users/Coord 26/Documents/Unreal Projects/MyProject/Content/Prototank2.uasset" SILENT=true
[2019.04.20-08.51.56:464][295]LogSavePackage: Save=55.08ms
[2019.04.20-08.51.56:464][295]LogSavePackage: Moving 'C:/Users/Coord 26/Documents/Unreal Projects/MyProject/Saved/Prototank2C16730E8477CDB072E748EA016C16048.tmp' to 'C:/Users/Coord 26/Documents/Unreal Projects/MyProject/Content/Prototank2.uasset'
[2019.04.20-08.51.56:466][295]LogSavePackage: Display: Finished SavePackage C:/Users/Coord 26/Documents/Unreal Projects/MyProject/Content/Prototank2.uasset
[2019.04.20-08.51.57:265][390]LogTemp: Repeating last play command: Selected Viewport
[2019.04.20-08.51.57:279][390]LogPlayLevel: PlayLevel: No blueprints needed recompiling
[2019.04.20-08.51.57:279][390]PIE: New page: PIE session: Untitled_1 (20 Apr 2019 10:51:57)
[2019.04.20-08.51.57:279][390]LogPlayLevel: Creating play world package: /Temp/UEDPIE_0_Untitled_1
[2019.04.20-08.51.57:281][390]LogPlayLevel: PIE: StaticDuplicateObject took: (0.003046s)
[2019.04.20-08.51.57:282][390]LogAIModule: Creating AISystem for world Untitled_1
[2019.04.20-08.51.57:282][390]LogPlayLevel: PIE: World Init took: (0.000478s)
[2019.04.20-08.51.57:282][390]LogPlayLevel: PIE: Created PIE world by copying editor world from /Temp/Untitled_1.Untitled_1 to /Temp/UEDPIE_0_Untitled_1.Untitled_1 (0.003702s)
[2019.04.20-08.51.57:308][390]LogInit: XAudio2 using 'Speakers (Realtek High Definition Audio)' : 2 channels at 48 kHz using 32 bits per sample (channel mask 0x3)
[2019.04.20-08.51.57:350][390]LogInit: FAudioDevice initialized.
[2019.04.20-08.51.57:386][390]LogLoad: Game class is 'ProtoGamemode_C'
[2019.04.20-08.51.57:387][390]LogWorld: Bringing World /Temp/UEDPIE_0_Untitled_1.Untitled_1 up for play (max tick rate 0) at 2019.04.20-09.51.57
[2019.04.20-08.51.57:387][390]LogWorld: Bringing up level for play took: 0.000699
[2019.04.20-08.51.57:389][390]PIE: Play in editor start time for /Temp/UEDPIE_0_Untitled_1 0.274
[2019.04.20-08.52.00:503][748]LogTemp: Repeating last play command: Selected Viewport
[2019.04.20-08.52.00:515][748]LogPlayLevel: PlayLevel: No blueprints needed recompiling
[2019.04.20-08.52.00:515][748]PIE: New page: PIE session: Untitled_1 (20 Apr 2019 10:52:00)
[2019.04.20-08.52.00:515][748]LogPlayLevel: Creating play world package: /Temp/UEDPIE_0_Untitled_1
[2019.04.20-08.52.00:518][748]LogPlayLevel: PIE: StaticDuplicateObject took: (0.003010s)
[2019.04.20-08.52.00:518][748]LogAIModule: Creating AISystem for world Untitled_1
[2019.04.20-08.52.00:518][748]LogPlayLevel: PIE: World Init took: (0.000463s)
[2019.04.20-08.52.00:518][748]LogPlayLevel: PIE: Created PIE world by copying editor world from /Temp/Untitled_1.Untitled_1 to /Temp/UEDPIE_0_Untitled_1.Untitled_1 (0.003643s)
[2019.04.20-08.52.00:544][748]LogInit: XAudio2 using 'Speakers (Realtek High Definition Audio)' : 2 channels at 48 kHz using 32 bits per sample (channel mask 0x3)
[2019.04.20-08.52.00:585][748]LogInit: FAudioDevice initialized.
[2019.04.20-08.52.00:614][748]LogLoad: Game class is 'ProtoGamemode_C'
[2019.04.20-08.52.00:615][748]LogWorld: Bringing World /Temp/UEDPIE_0_Untitled_1.Untitled_1 up for play (max tick rate 0) at 2019.04.20-09.52.00
[2019.04.20-08.52.00:615][748]LogWorld: Bringing up level for play took: 0.000479
[2019.04.20-08.52.00:616][748]PIE: Play in editor start time for /Temp/UEDPIE_0_Untitled_1 -0.499
[2019.04.20-08.52.10:474][892]LogPropertyNode: Warning: Clamp Min (3) >= Clamp Max (3) for Ranged Numeric property /Game/Prototank2.Prototank2_C:Turnrate
[2019.04.20-08.52.10:474][892]LogPropertyNode: Warning: UI Min (3) >= UI Max (3) for Ranged Numeric property /Game/Prototank2.Prototank2_C:Turnrate
[2019.04.20-08.52.10:475][892]LogPropertyNode: Warning: Clamp Min (1) >= Clamp Max (1) for Ranged Numeric property /Game/Prototank2.Prototank2_C:TurretTurnRate
[2019.04.20-08.52.10:475][892]LogPropertyNode: Warning: UI Min (1) >= UI Max (1) for Ranged Numeric property /Game/Prototank2.Prototank2_C:TurretTurnRate
[2019.04.20-08.52.10:475][892]LogPropertyNode: Warning: Clamp Min (1) >= Clamp Max (1) for Ranged Numeric property /Game/Prototank2.Prototank2_C:BarrelPitchRate
[2019.04.20-08.52.10:475][892]LogPropertyNode: Warning: UI Min (1) >= UI Max (1) for Ranged Numeric property /Game/Prototank2.Prototank2_C:BarrelPitchRate
[2019.04.20-08.52.21:667][226]BlueprintLog: New page: Compile Prototank2
[2019.04.20-08.52.22:328][265]Cmd: OBJ SAVEPACKAGE PACKAGE="/Game/Prototank2" FILE="C:/Users/Coord 26/Documents/Unreal Projects/MyProject/Content/Prototank2.uasset" SILENT=true
[2019.04.20-08.52.22:389][265]LogSavePackage: Save=54.77ms
[2019.04.20-08.52.22:389][265]LogSavePackage: Moving 'C:/Users/Coord 26/Documents/Unreal Projects/MyProject/Saved/Prototank2AD01AF5745D4F2C3419EC093267EA9F2.tmp' to 'C:/Users/Coord 26/Documents/Unreal Projects/MyProject/Content/Prototank2.uasset'
[2019.04.20-08.52.22:391][265]LogSavePackage: Display: Finished SavePackage C:/Users/Coord 26/Documents/Unreal Projects/MyProject/Content/Prototank2.uasset
[2019.04.20-08.52.24:202][475]LogTemp: Repeating last play command: Selected Viewport
[2019.04.20-08.52.24:212][475]LogPlayLevel: PlayLevel: No blueprints needed recompiling
[2019.04.20-08.52.24:212][475]PIE: New page: PIE session: Untitled_1 (20 Apr 2019 10:52:24)
[2019.04.20-08.52.24:212][475]LogPlayLevel: Creating play world package: /Temp/UEDPIE_0_Untitled_1
[2019.04.20-08.52.24:215][475]LogPlayLevel: PIE: StaticDuplicateObject took: (0.003173s)
[2019.04.20-08.52.24:216][475]LogAIModule: Creating AISystem for world Untitled_1
[2019.04.20-08.52.24:216][475]LogPlayLevel: PIE: World Init took: (0.000450s)
[2019.04.20-08.52.24:216][475]LogPlayLevel: PIE: Created PIE world by copying editor world from /Temp/Untitled_1.Untitled_1 to /Temp/UEDPIE_0_Untitled_1.Untitled_1 (0.003795s)
[2019.04.20-08.52.24:243][475]LogInit: XAudio2 using 'Speakers (Realtek High Definition Audio)' : 2 channels at 48 kHz using 32 bits per sample (channel mask 0x3)
[2019.04.20-08.52.24:284][475]LogInit: FAudioDevice initialized.
[2019.04.20-08.52.24:318][475]LogLoad: Game class is 'ProtoGamemode_C'
[2019.04.20-08.52.24:318][475]LogWorld: Bringing World /Temp/UEDPIE_0_Untitled_1.Untitled_1 up for play (max tick rate 0) at 2019.04.20-09.52.24
[2019.04.20-08.52.24:319][475]LogWorld: Bringing up level for play took: 0.000431
[2019.04.20-08.52.24:320][475]PIE: Play in editor start time for /Temp/UEDPIE_0_Untitled_1 -0.795
[2019.04.20-08.52.32:945][301]LogSlate: Only BGRA pngs, bmps or icos are supported in by External Image Picker
[2019.04.20-08.52.32:992][302]LogTemp: Executing iPhonePackager certificates Engine -bundlename com.YourCompany.MyProject
[2019.04.20-08.52.32:992][302]LogTemp: CWD: G:\UE_4.18\Engine\Binaries\DotNET\IOS
[2019.04.20-08.52.32:992][302]LogTemp: Initial Dir: G:\UE_4.18
[2019.04.20-08.52.32:992][302]LogTemp: Env CWD: G:\UE_4.18\Engine\Binaries\DotNET\IOS
[2019.04.20-08.52.33:005][303]LogTemp: BranchPath = DESKTOP-6R2LPT6/G/UE_4.18/Engine/Binaries --- GameBranchPath = DESKTOP-6R2LPT6/G/UE_4.18/Engine/Binaries
[2019.04.20-08.52.33:014][304]LogTemp: IPP ERROR: Could not find provision directory 'C:\Users\Coord 26\AppData\Local/Apple Computer/MobileDevice/Provisioning Profiles/'.
[2019.04.20-08.52.54:321][854]LogEditorViewport: Clicking on Actor (LMB): StaticMeshActor (Floor)
[2019.04.20-08.53.27:895][714]LogPropertyNode: Warning: Clamp Min (3) >= Clamp Max (3) for Ranged Numeric property /Game/Prototank2.Prototank2_C:Turnrate
[2019.04.20-08.53.27:895][714]LogPropertyNode: Warning: UI Min (3) >= UI Max (3) for Ranged Numeric property /Game/Prototank2.Prototank2_C:Turnrate
[2019.04.20-08.53.27:896][714]LogPropertyNode: Warning: Clamp Min (1) >= Clamp Max (1) for Ranged Numeric property /Game/Prototank2.Prototank2_C:TurretTurnRate
[2019.04.20-08.53.27:896][714]LogPropertyNode: Warning: UI Min (1) >= UI Max (1) for Ranged Numeric property /Game/Prototank2.Prototank2_C:TurretTurnRate
[2019.04.20-08.53.27:897][714]LogPropertyNode: Warning: Clamp Min (1) >= Clamp Max (1) for Ranged Numeric property /Game/Prototank2.Prototank2_C:BarrelPitchRate
[2019.04.20-08.53.27:897][714]LogPropertyNode: Warning: UI Min (1) >= UI Max (1) for Ranged Numeric property /Game/Prototank2.Prototank2_C:BarrelPitchRate
[2019.04.20-08.53.57:061][ 81]LogTemp: Repeating last play command: Selected Viewport
[2019.04.20-08.53.57:072][ 81]LogPlayLevel: PlayLevel: No blueprints needed recompiling
[2019.04.20-08.53.57:072][ 81]PIE: New page: PIE session: Untitled_1 (20 Apr 2019 10:53:57)
[2019.04.20-08.53.57:072][ 81]LogPlayLevel: Creating play world package: /Temp/UEDPIE_0_Untitled_1
[2019.04.20-08.53.57:075][ 81]LogPlayLevel: PIE: StaticDuplicateObject took: (0.003007s)
[2019.04.20-08.53.57:075][ 81]LogAIModule: Creating AISystem for world Untitled_1
[2019.04.20-08.53.57:075][ 81]LogPlayLevel: PIE: World Init took: (0.000452s)
[2019.04.20-08.53.57:075][ 81]LogPlayLevel: PIE: Created PIE world by copying editor world from /Temp/Untitled_1.Untitled_1 to /Temp/UEDPIE_0_Untitled_1.Untitled_1 (0.003634s)
[2019.04.20-08.53.57:104][ 81]LogInit: XAudio2 using 'Speakers (Realtek High Definition Audio)' : 2 channels at 48 kHz using 32 bits per sample (channel mask 0x3)
[2019.04.20-08.53.57:146][ 81]LogInit: FAudioDevice initialized.
[2019.04.20-08.53.57:177][ 81]LogLoad: Game class is 'ProtoGamemode_C'
[2019.04.20-08.53.57:177][ 81]LogWorld: Bringing World /Temp/UEDPIE_0_Untitled_1.Untitled_1 up for play (max tick rate 0) at 2019.04.20-09.53.57
[2019.04.20-08.53.57:178][ 81]LogWorld: Bringing up level for play took: 0.000449
[2019.04.20-08.53.57:179][ 81]PIE: Play in editor start time for /Temp/UEDPIE_0_Untitled_1 0.064
[2019.04.20-08.54.23:583][202]LogEditorViewport: Clicking on Actor (LMB): StaticMeshActor (Floor)
[2019.04.20-08.54.25:071][348]LogPropertyNode: Warning: Clamp Min (3) >= Clamp Max (3) for Ranged Numeric property /Game/Prototank2.Prototank2_C:Turnrate
[2019.04.20-08.54.25:071][348]LogPropertyNode: Warning: UI Min (3) >= UI Max (3) for Ranged Numeric property /Game/Prototank2.Prototank2_C:Turnrate
[2019.04.20-08.54.25:072][348]LogPropertyNode: Warning: Clamp Min (1) >= Clamp Max (1) for Ranged Numeric property /Game/Prototank2.Prototank2_C:TurretTurnRate
[2019.04.20-08.54.25:072][348]LogPropertyNode: Warning: UI Min (1) >= UI Max (1) for Ranged Numeric property /Game/Prototank2.Prototank2_C:TurretTurnRate
[2019.04.20-08.54.25:072][348]LogPropertyNode: Warning: Clamp Min (1) >= Clamp Max (1) for Ranged Numeric property /Game/Prototank2.Prototank2_C:BarrelPitchRate
[2019.04.20-08.54.25:072][348]LogPropertyNode: Warning: UI Min (1) >= UI Max (1) for Ranged Numeric property /Game/Prototank2.Prototank2_C:BarrelPitchRate
[2019.04.20-08.54.28:587][746]LogBlueprint: Warning: [Prototank2] 'JumpMaxHoldTime' variable not found. Base class was probably changed. /Game/Prototank2.Prototank2
[2019.04.20-08.54.28:588][746]LogBlueprint: Warning: [Prototank2] 'JumpMaxHoldTime' variable not found. Base class was probably changed. /Game/Prototank2.Prototank2
[2019.04.20-08.54.28:588][746]LogBlueprint: Warning: [Prototank2] 'Jump_Height' variable not found. Base class was probably changed. /Game/Prototank2.Prototank2
[2019.04.20-08.54.29:777][880]BlueprintLog: New page: Compile Prototank2
[2019.04.20-08.54.29:794][880]LogBlueprint: Warning: [Compiler Prototank2] Could not find a variable named "Jump_Height" in 'Prototank2_C'.
Make sure 'Prototank2_C' has been compiled for  Get Jump_Height
[2019.04.20-08.54.29:794][880]LogBlueprint: Warning: [Compiler Prototank2] Could not find a variable named "JumpMaxHoldTime" in 'Prototank2_C'.
Make sure 'Prototank2_C' has been compiled for  Set JumpMaxHoldTime
[2019.04.20-08.54.29:795][880]LogBlueprint: Error: [Compiler Prototank2] This blueprint (self) is not a Character, therefore ' Target ' must have a connection.
[2019.04.20-08.54.29:795][880]LogBlueprint: Error: [Compiler Prototank2] This blueprint (self) is not a Character, therefore ' Target ' must have a connection.
[2019.04.20-08.54.29:796][880]LogBlueprint: Error: [Compiler Prototank2] The property associated with  Jump Height  could not be found
[2019.04.20-08.54.29:796][880]LogBlueprint: Error: [Compiler Prototank2] The property associated with  Jump Max Hold Time  could not be found
[2019.04.20-08.54.30:504][880]LogBlueprint: Warning: [Compiler Prototank2] [0240.29] Compile of Prototank2 failed. 4 Fatal Issue(s) 2 Warning(s) [in 726 ms] (/Game/Prototank2.Prototank2)
[2019.04.20-08.55.18:361][545]LogTemp: Repeating last play command: Selected Viewport
[2019.04.20-08.55.18:372][545]BlueprintLog: New page: Pre-Play auto-recompile
[2019.04.20-08.55.18:379][545]LogPlayLevel: [PlayLevel] Compiling Prototank2 before play...
[2019.04.20-08.55.18:456][545]LogPlayLevel: PlayLevel: Blueprint regeneration took 84 ms (1 blueprints)
[2019.04.20-08.55.18:457][545]PIE: New page: PIE session: Untitled_1 (20 Apr 2019 10:55:18)
[2019.04.20-08.55.18:457][545]LogPlayLevel: Creating play world package: /Temp/UEDPIE_0_Untitled_1
[2019.04.20-08.55.18:460][545]LogPlayLevel: PIE: StaticDuplicateObject took: (0.003066s)
[2019.04.20-08.55.18:460][545]LogAIModule: Creating AISystem for world Untitled_1
[2019.04.20-08.55.18:460][545]LogPlayLevel: PIE: World Init took: (0.000484s)
[2019.04.20-08.55.18:460][545]LogPlayLevel: PIE: Created PIE world by copying editor world from /Temp/Untitled_1.Untitled_1 to /Temp/UEDPIE_0_Untitled_1.Untitled_1 (0.003722s)
[2019.04.20-08.55.18:487][545]LogInit: XAudio2 using 'Speakers (Realtek High Definition Audio)' : 2 channels at 48 kHz using 32 bits per sample (channel mask 0x3)
[2019.04.20-08.55.18:529][545]LogInit: FAudioDevice initialized.
[2019.04.20-08.55.18:565][545]LogLoad: Game class is 'ProtoGamemode_C'
[2019.04.20-08.55.18:567][545]LogWorld: Bringing World /Temp/UEDPIE_0_Untitled_1.Untitled_1 up for play (max tick rate 0) at 2019.04.20-09.55.18
[2019.04.20-08.55.18:567][545]LogWorld: Bringing up level for play took: 0.000749
[2019.04.20-08.55.18:570][545]PIE: Play in editor start time for /Temp/UEDPIE_0_Untitled_1 -0.545
[2019.04.20-08.55.57:665][ 25]LogSlate: Only BGRA pngs, bmps or icos are supported in by External Image Picker
[2019.04.20-08.55.57:725][ 26]LogTemp: Executing iPhonePackager certificates Engine -bundlename com.YourCompany.MyProject
[2019.04.20-08.55.57:725][ 26]LogTemp: CWD: G:\UE_4.18\Engine\Binaries\DotNET\IOS
[2019.04.20-08.55.57:725][ 26]LogTemp: Initial Dir: G:\UE_4.18
[2019.04.20-08.55.57:725][ 26]LogTemp: Env CWD: G:\UE_4.18\Engine\Binaries\DotNET\IOS
[2019.04.20-08.55.57:735][ 27]LogTemp: BranchPath = DESKTOP-6R2LPT6/G/UE_4.18/Engine/Binaries --- GameBranchPath = DESKTOP-6R2LPT6/G/UE_4.18/Engine/Binaries
[2019.04.20-08.55.57:742][ 28]LogTemp: IPP ERROR: Could not find provision directory 'C:\Users\Coord 26\AppData\Local/Apple Computer/MobileDevice/Provisioning Profiles/'.
[2019.04.20-08.56.31:915][108]LogLinker: Warning: Can't find file '/Game/Untitled_BuiltData'
[2019.04.20-08.56.31:915][108]LogLinker: Warning: Can't find file for asset '/Game/Untitled_BuiltData' while loading C:/Users/Coord 26/Documents/Unreal Projects/MyProject/Content/Untitled.umap.
[2019.04.20-08.56.31:915][108]LoadErrors: Error: /Game/Untitled : Can't find file for asset. /Game/Untitled_BuiltData
[2019.04.20-08.56.31:917][108]LogLinker: Warning: Can't find file '/Game/Untitled_BuiltData'
[2019.04.20-08.56.31:917][108]LogLinker: Warning: Can't find file for asset '/Game/Untitled_BuiltData' while loading C:/Users/Coord 26/Documents/Unreal Projects/MyProject/Content/Untitled.umap.
[2019.04.20-08.56.31:920][108]LogLinker: Warning: Can't find file '/Game/Untitled_BuiltData'
[2019.04.20-08.56.31:920][108]LoadErrors: Failed to load /Game/Untitled_BuiltData.Untitled_BuiltData Referenced by PersistentLevel
[2019.04.20-08.56.31:920][108]LogLinker: Warning: Can't find file for asset '/Game/Untitled_BuiltData' while loading NULL.
[2019.04.20-08.56.31:924][108]LogAIModule: Creating AISystem for world Untitled
[2019.04.20-08.56.34:022][183]LogPropertyNode: Warning: Clamp Min (3) >= Clamp Max (3) for Ranged Numeric property /Game/Prototank2.Prototank2_C:Turnrate
[2019.04.20-08.56.34:022][183]LogPropertyNode: Warning: UI Min (3) >= UI Max (3) for Ranged Numeric property /Game/Prototank2.Prototank2_C:Turnrate
[2019.04.20-08.56.34:023][183]LogPropertyNode: Warning: Clamp Min (1) >= Clamp Max (1) for Ranged Numeric property /Game/Prototank2.Prototank2_C:TurretTurnRate
[2019.04.20-08.56.34:023][183]LogPropertyNode: Warning: UI Min (1) >= UI Max (1) for Ranged Numeric property /Game/Prototank2.Prototank2_C:TurretTurnRate
[2019.04.20-08.56.34:023][183]LogPropertyNode: Warning: Clamp Min (1) >= Clamp Max (1) for Ranged Numeric property /Game/Prototank2.Prototank2_C:BarrelPitchRate
[2019.04.20-08.56.34:023][183]LogPropertyNode: Warning: UI Min (1) >= UI Max (1) for Ranged Numeric property /Game/Prototank2.Prototank2_C:BarrelPitchRate
[2019.04.20-08.57.00:155][276]BlueprintLog: New page: Compile Prototank2
[2019.04.20-08.57.00:892][336]Cmd: OBJ SAVEPACKAGE PACKAGE="/Game/Prototank2" FILE="C:/Users/Coord 26/Documents/Unreal Projects/MyProject/Content/Prototank2.uasset" SILENT=true
[2019.04.20-08.57.00:960][336]LogSavePackage: Save=58.25ms
[2019.04.20-08.57.00:960][336]LogSavePackage: Moving 'C:/Users/Coord 26/Documents/Unreal Projects/MyProject/Saved/Prototank2FD2E382240A2155FC6357D98A4F540E8.tmp' to 'C:/Users/Coord 26/Documents/Unreal Projects/MyProject/Content/Prototank2.uasset'
[2019.04.20-08.57.00:963][336]LogSavePackage: Display: Finished SavePackage C:/Users/Coord 26/Documents/Unreal Projects/MyProject/Content/Prototank2.uasset
[2019.04.20-08.57.04:170][713]LogTemp: Repeating last play command: Selected Viewport
[2019.04.20-08.57.04:180][713]LogPlayLevel: PlayLevel: No blueprints needed recompiling
[2019.04.20-08.57.04:180][713]PIE: New page: PIE session: Untitled_1 (20 Apr 2019 10:57:04)
[2019.04.20-08.57.04:180][713]LogPlayLevel: Creating play world package: /Temp/UEDPIE_0_Untitled_1
[2019.04.20-08.57.04:183][713]LogPlayLevel: PIE: StaticDuplicateObject took: (0.003087s)
[2019.04.20-08.57.04:183][713]LogAIModule: Creating AISystem for world Untitled_1
[2019.04.20-08.57.04:184][713]LogPlayLevel: PIE: World Init took: (0.000462s)
[2019.04.20-08.57.04:184][713]LogPlayLevel: PIE: Created PIE world by copying editor world from /Temp/Untitled_1.Untitled_1 to /Temp/UEDPIE_0_Untitled_1.Untitled_1 (0.003719s)
[2019.04.20-08.57.04:211][713]LogInit: XAudio2 using 'Speakers (Realtek High Definition Audio)' : 2 channels at 48 kHz using 32 bits per sample (channel mask 0x3)
[2019.04.20-08.57.04:254][713]LogInit: FAudioDevice initialized.
[2019.04.20-08.57.04:281][713]LogLoad: Game class is 'ProtoGamemode_C'
[2019.04.20-08.57.04:282][713]LogWorld: Bringing World /Temp/UEDPIE_0_Untitled_1.Untitled_1 up for play (max tick rate 0) at 2019.04.20-09.57.04
[2019.04.20-08.57.04:282][713]LogWorld: Bringing up level for play took: 0.000426
[2019.04.20-08.57.04:283][713]PIE: Play in editor start time for /Temp/UEDPIE_0_Untitled_1 -0.832
[2019.04.20-08.57.26:208][319]Cmd: SELECT NONE
[2019.04.20-08.57.26:784][385]LogEditorViewport: Clicking on Actor (LMB): BP_Sky_Sphere_C (Sky Sphere)
[2019.04.20-08.57.41:568][137]LogTemp: Repeating last play command: Selected Viewport
[2019.04.20-08.57.41:579][137]LogPlayLevel: PlayLevel: No blueprints needed recompiling
[2019.04.20-08.57.41:579][137]PIE: New page: PIE session: Untitled_1 (20 Apr 2019 10:57:41)
[2019.04.20-08.57.41:579][137]LogPlayLevel: Creating play world package: /Temp/UEDPIE_0_Untitled_1
[2019.04.20-08.57.41:582][137]LogPlayLevel: PIE: StaticDuplicateObject took: (0.003069s)
[2019.04.20-08.57.41:582][137]LogAIModule: Creating AISystem for world Untitled_1
[2019.04.20-08.57.41:582][137]LogPlayLevel: PIE: World Init took: (0.000469s)
[2019.04.20-08.57.41:582][137]LogPlayLevel: PIE: Created PIE world by copying editor world from /Temp/Untitled_1.Untitled_1 to /Temp/UEDPIE_0_Untitled_1.Untitled_1 (0.003713s)
[2019.04.20-08.57.41:609][137]LogInit: XAudio2 using 'Speakers (Realtek High Definition Audio)' : 2 channels at 48 kHz using 32 bits per sample (channel mask 0x3)
[2019.04.20-08.57.41:652][137]LogInit: FAudioDevice initialized.
[2019.04.20-08.57.41:680][137]LogLoad: Game class is 'ProtoGamemode_C'
[2019.04.20-08.57.41:680][137]LogWorld: Bringing World /Temp/UEDPIE_0_Untitled_1.Untitled_1 up for play (max tick rate 0) at 2019.04.20-09.57.41
[2019.04.20-08.57.41:681][137]LogWorld: Bringing up level for play took: 0.000454
[2019.04.20-08.57.41:682][137]PIE: Play in editor start time for /Temp/UEDPIE_0_Untitled_1 0.567
[2019.04.20-08.58.17:252][312]LogSlate: Took 0.000335 seconds to synchronously load lazily loaded font '../../../Engine/Content/Slate/Fonts/Roboto-Light.ttf' (159K)
[2019.04.20-08.58.19:012][312]Cmd: OBJ SAVEPACKAGE PACKAGE="/Game/NewMap" FILE="C:/Users/Coord 26/Documents/Unreal Projects/MyProject/Content/NewMap.umap" SILENT=true AUTOSAVING=false KEEPDIRTY=false
[2019.04.20-08.58.19:049][312]LogSavePackage: Save=25.50ms
[2019.04.20-08.58.19:049][312]LogSavePackage: Moving 'C:/Users/Coord 26/Documents/Unreal Projects/MyProject/Saved/NewMap079DBBD14F2C3766774BF097BCF62D02.tmp' to 'C:/Users/Coord 26/Documents/Unreal Projects/MyProject/Content/NewMap.umap'
[2019.04.20-08.58.19:050][312]LogSavePackage: Display: Finished SavePackage C:/Users/Coord 26/Documents/Unreal Projects/MyProject/Content/NewMap.umap
[2019.04.20-08.58.19:067][312]Cmd: OBJ SAVEPACKAGE PACKAGE="/Game/NewMap_BuiltData" FILE="C:/Users/Coord 26/Documents/Unreal Projects/MyProject/Content/NewMap_BuiltData.uasset" SILENT=true
[2019.04.20-08.58.19:078][312]LogSavePackage: Save=9.20ms
[2019.04.20-08.58.19:078][312]LogSavePackage: Moving 'C:/Users/Coord 26/Documents/Unreal Projects/MyProject/Saved/NewMap_BuiltDataEA160E1B48AA12ACABB06EA8905FF000.tmp' to 'C:/Users/Coord 26/Documents/Unreal Projects/MyProject/Content/NewMap_BuiltData.uasset'
[2019.04.20-08.58.19:079][312]LogSavePackage: Display: Finished SavePackage C:/Users/Coord 26/Documents/Unreal Projects/MyProject/Content/NewMap_BuiltData.uasset
[2019.04.20-08.58.19:082][312]LogFileHelpers: Saving map 'NewMap' took 0.133
[2019.04.20-08.58.21:437][403]Cmd: OBJ SAVEPACKAGE PACKAGE="/Game/Prototank" FILE="C:/Users/Coord 26/Documents/Unreal Projects/MyProject/Content/Prototank.uasset" SILENT=true
[2019.04.20-08.58.21:475][403]LogSavePackage: Save=28.93ms
[2019.04.20-08.58.21:475][403]LogSavePackage: Moving 'C:/Users/Coord 26/Documents/Unreal Projects/MyProject/Saved/PrototankC809DBD14124E9FA571ED5953A959063.tmp' to 'C:/Users/Coord 26/Documents/Unreal Projects/MyProject/Content/Prototank.uasset'
[2019.04.20-08.58.21:477][403]LogSavePackage: Display: Finished SavePackage C:/Users/Coord 26/Documents/Unreal Projects/MyProject/Content/Prototank.uasset
[2019.04.20-08.58.21:534][403]LogWindowsTextInputMethodSystem: Display: IME system now deactivated.
[2019.04.20-08.58.21:718][404]Cmd: QUIT_EDITOR
[2019.04.20-08.58.22:577][404]LogExit: Preparing to exit.
[2019.04.20-08.58.23:639][404]LogExit: Editor shut down
[2019.04.20-08.58.23:641][404]LogExit: Transaction tracking system shut down
[2019.04.20-08.58.23:775][404]LogDirectoryWatcher: A directory notification for '../../../Engine/Content/' was aborted.
[2019.04.20-08.58.23:775][404]LogDirectoryWatcher: A directory notification for 'C:/Users/Coord 26/Documents/Unreal Projects/MyProject/Content/' was aborted.
[2019.04.20-08.58.23:775][404]LogDirectoryWatcher: A directory notification for '../../../Engine/Plugins/2D/Paper2D/Content/' was aborted.
[2019.04.20-08.58.23:775][404]LogDirectoryWatcher: A directory notification for '../../../Engine/Plugins/Media/MediaCompositing/Content/' was aborted.
[2019.04.20-08.58.23:776][404]LogDirectoryWatcher: A directory notification for '../../../Engine/Plugins/Runtime/AppleARKit/Content/' was aborted.
[2019.04.20-08.58.23:776][404]LogDirectoryWatcher: A directory notification for '../../../Engine/Plugins/Runtime/Oculus/OculusVR/Content/' was aborted.
[2019.04.20-08.58.23:776][404]LogDirectoryWatcher: A directory notification for '../../../Engine/Plugins/Runtime/Steam/SteamVR/Content/' was aborted.
[2019.04.20-08.58.23:827][404]LogExit: Object subsystem successfully closed.
[2019.04.20-08.58.23:848][404]LogD3D11RHI: Shutdown
[2019.04.20-08.58.23:848][404]LogD3D11RHI: CleanupD3DDevice
[2019.04.20-08.58.23:849][404]LogD3D11RHI: ~FD3D11DynamicRHI
[2019.04.20-08.58.23:855][404]LogModuleManager: Shutting down and abandoning module ExternalImagePicker (556)
[2019.04.20-08.58.23:855][404]LogModuleManager: Shutting down and abandoning module BlueprintGraph (554)
[2019.04.20-08.58.23:855][404]LogModuleManager: Shutting down and abandoning module MovieSceneCapture (552)
[2019.04.20-08.58.23:855][404]LogModuleManager: Shutting down and abandoning module HierarchicalLODOutliner (550)
[2019.04.20-08.58.23:855][404]LogModuleManager: Shutting down and abandoning module SceneOutliner (548)
[2019.04.20-08.58.23:855][404]LogModuleManager: Shutting down and abandoning module AddContentDialog (546)
[2019.04.20-08.58.23:863][404]LogDirectoryWatcher: A directory notification for 'G:/UE_4.18/FeaturePacks/' was aborted.
[2019.04.20-08.58.23:864][404]LogModuleManager: Shutting down and abandoning module WidgetCarousel (545)
[2019.04.20-08.58.23:864][404]LogModuleManager: Shutting down and abandoning module EditorWidgets (542)
[2019.04.20-08.58.23:864][404]LogModuleManager: Shutting down and abandoning module CollectionManager (540)
[2019.04.20-08.58.23:864][404]LogDirectoryWatcher: A directory notification for 'C:/Users/Coord 26/Documents/Unreal Projects/MyProject/Content/Collections/' was aborted.
[2019.04.20-08.58.23:864][404]LogDirectoryWatcher: A directory notification for 'C:/Users/Coord 26/Documents/Unreal Projects/MyProject/Content/Developers/Coord26/Collections/' was aborted.
[2019.04.20-08.58.23:864][404]LogDirectoryWatcher: A directory notification for 'C:/Users/Coord 26/Documents/Unreal Projects/MyProject/Saved/Collections/' was aborted.
[2019.04.20-08.58.23:864][404]LogModuleManager: Shutting down and abandoning module HierarchicalLODUtilities (538)
[2019.04.20-08.58.23:864][404]LogModuleManager: Shutting down and abandoning module StatsViewer (536)
[2019.04.20-08.58.23:864][404]LogModuleManager: Shutting down and abandoning module FoliageEdit (534)
[2019.04.20-08.58.23:864][404]LogModuleManager: Shutting down and abandoning module LandscapeEditor (532)
[2019.04.20-08.58.23:864][404]LogModuleManager: Shutting down and abandoning module MeshPaintMode (530)
[2019.04.20-08.58.23:864][404]LogModuleManager: Shutting down and abandoning module SceneDepthPickerMode (528)
[2019.04.20-08.58.23:864][404]LogModuleManager: Shutting down and abandoning module ActorPickerMode (526)
[2019.04.20-08.58.23:864][404]LogModuleManager: Shutting down and abandoning module GeometryMode (524)
[2019.04.20-08.58.23:864][404]LogModuleManager: Shutting down and abandoning module TextureAlignMode (522)
[2019.04.20-08.58.23:864][404]LogModuleManager: Shutting down and abandoning module BspMode (520)
[2019.04.20-08.58.23:864][404]LogModuleManager: Shutting down and abandoning module PIEPreviewDeviceProfileSelector (518)
[2019.04.20-08.58.23:864][404]LogModuleManager: Shutting down and abandoning module HardwareSurvey (516)
[2019.04.20-08.58.23:864][404]LogModuleManager: Shutting down and abandoning module SequenceRecorderSections (514)
[2019.04.20-08.58.23:864][404]LogModuleManager: Shutting down and abandoning module AutomationWorker (512)
[2019.04.20-08.58.23:864][404]LogModuleManager: Shutting down and abandoning module MatineeToLevelSequence (510)
[2019.04.20-08.58.23:864][404]LogModuleManager: Shutting down and abandoning module LevelSequenceEditor (508)
[2019.04.20-08.58.23:864][404]LogModuleManager: Shutting down and abandoning module PlacementMode (507)
[2019.04.20-08.58.23:864][404]LogModuleManager: Shutting down and abandoning module WmfMediaFactory (504)
[2019.04.20-08.58.23:864][404]LogModuleManager: Shutting down and abandoning module WmfMediaEditor (502)
[2019.04.20-08.58.23:864][404]LogModuleManager: Shutting down and abandoning module OpenExrWrapper (500)
[2019.04.20-08.58.23:864][404]LogModuleManager: Shutting down and abandoning module ImgMediaFactory (498)
[2019.04.20-08.58.23:864][404]LogModuleManager: Shutting down and abandoning module ImgMediaEditor (496)
[2019.04.20-08.58.23:864][404]LogModuleManager: Shutting down and abandoning module AvfMediaFactory (494)
[2019.04.20-08.58.23:864][404]LogModuleManager: Shutting down and abandoning module AvfMediaEditor (492)
[2019.04.20-08.58.23:864][404]LogModuleManager: Shutting down and abandoning module AndroidMediaFactory (490)
[2019.04.20-08.58.23:864][404]LogModuleManager: Shutting down and abandoning module AndroidMediaEditor (488)
[2019.04.20-08.58.23:864][404]LogModuleManager: Shutting down and abandoning module CharacterAI (486)
[2019.04.20-08.58.23:864][404]LogModuleManager: Shutting down and abandoning module AudioCapture (484)
[2019.04.20-08.58.23:865][404]LogModuleManager: Shutting down and abandoning module SequenceRecorder (483)
[2019.04.20-08.58.23:865][404]LogModuleManager: Shutting down and abandoning module SmartSnapping (480)
[2019.04.20-08.58.23:865][404]LogModuleManager: Shutting down and abandoning module SessionServices (478)
[2019.04.20-08.58.23:865][404]LogModuleManager: Shutting down and abandoning module ViewportSnapping (476)
[2019.04.20-08.58.23:865][404]LogModuleManager: Shutting down and abandoning module ViewportInteraction (474)
[2019.04.20-08.58.23:865][404]LogModuleManager: Shutting down and abandoning module ClothPainter (472)
[2019.04.20-08.58.23:865][404]LogModuleManager: Shutting down and abandoning module SkeletalMeshEditor (471)
[2019.04.20-08.58.23:865][404]LogModuleManager: Shutting down and abandoning module LogVisualizer (468)
[2019.04.20-08.58.23:865][404]LogModuleManager: Shutting down and abandoning module IntroTutorials (466)
[2019.04.20-08.58.23:865][404]LogModuleManager: Shutting down and abandoning module GameProjectGeneration (465)
[2019.04.20-08.58.23:865][404]LogModuleManager: Shutting down and abandoning module IOSPlatformEditor (462)
[2019.04.20-08.58.23:865][404]LogModuleManager: Shutting down and abandoning module HTML5PlatformEditor (460)
[2019.04.20-08.58.23:865][404]LogModuleManager: Shutting down and abandoning module AndroidPlatformEditor (458)
[2019.04.20-08.58.23:865][404]LogModuleManager: Shutting down and abandoning module AndroidDeviceDetection (457)
[2019.04.20-08.58.24:287][404]LogModuleManager: Shutting down and abandoning module WindowsPlatformEditor (454)
[2019.04.20-08.58.24:287][404]LogModuleManager: Shutting down and abandoning module IOSRuntimeSettings (452)
[2019.04.20-08.58.24:287][404]LogModuleManager: Shutting down and abandoning module AndroidRuntimeSettings (450)
[2019.04.20-08.58.24:287][404]LogModuleManager: Shutting down and abandoning module InputBindingEditor (448)
[2019.04.20-08.58.24:287][404]LogModuleManager: Shutting down and abandoning module MergeActors (446)
[2019.04.20-08.58.24:287][404]LogModuleManager: Shutting down and abandoning module SizeMap (444)
[2019.04.20-08.58.24:287][404]LogModuleManager: Shutting down and abandoning module TreeMap (442)
[2019.04.20-08.58.24:288][404]LogModuleManager: Shutting down and abandoning module ReferenceViewer (440)
[2019.04.20-08.58.24:288][404]LogModuleManager: Shutting down and abandoning module LocalizationDashboard (438)
[2019.04.20-08.58.24:288][404]LogModuleManager: Shutting down and abandoning module LocalizationService (437)
[2019.04.20-08.58.24:288][404]LogModuleManager: Shutting down and abandoning module HardwareTargeting (434)
[2019.04.20-08.58.24:288][404]LogModuleManager: Shutting down and abandoning module DeviceProfileEditor (432)
[2019.04.20-08.58.24:288][404]LogModuleManager: Shutting down and abandoning module UndoHistory (430)
[2019.04.20-08.58.24:288][404]LogModuleManager: Shutting down and abandoning module XmlParser (428)
[2019.04.20-08.58.24:288][404]LogModuleManager: Shutting down and abandoning module Blutility (426)
[2019.04.20-08.58.24:288][404]LogModuleManager: Shutting down and abandoning module ProjectSettingsViewer (424)
[2019.04.20-08.58.24:288][404]LogModuleManager: Shutting down and abandoning module ProjectTargetPlatformEditor (423)
[2019.04.20-08.58.24:288][404]LogModuleManager: Shutting down and abandoning module EditorSettingsViewer (420)
[2019.04.20-08.58.24:288][404]LogModuleManager: Shutting down and abandoning module SettingsEditor (418)
[2019.04.20-08.58.24:288][404]LogModuleManager: Shutting down and abandoning module ProjectLauncher (416)
[2019.04.20-08.58.24:288][404]LogModuleManager: Shutting down and abandoning module SessionFrontend (414)
[2019.04.20-08.58.24:288][404]LogModuleManager: Shutting down and abandoning module ProfilerClient (412)
[2019.04.20-08.58.24:288][404]LogModuleManager: Shutting down and abandoning module DeviceManager (410)
[2019.04.20-08.58.24:288][404]LogModuleManager: Shutting down and abandoning module TargetDeviceServices (409)
[2019.04.20-08.58.24:354][404]LogModuleManager: Shutting down and abandoning module AutomationController (406)
[2019.04.20-08.58.24:354][404]LogModuleManager: Shutting down and abandoning module AutomationWindow (404)
[2019.04.20-08.58.24:354][404]LogModuleManager: Shutting down and abandoning module Layers (402)
[2019.04.20-08.58.24:354][404]LogModuleManager: Shutting down and abandoning module ComponentVisualizers (400)
[2019.04.20-08.58.24:354][404]LogModuleManager: Shutting down and abandoning module DetailCustomizations (398)
[2019.04.20-08.58.24:354][404]LogModuleManager: Shutting down and abandoning module PackagesDialog (396)
[2019.04.20-08.58.24:354][404]LogModuleManager: Shutting down and abandoning module Persona (394)
[2019.04.20-08.58.24:354][404]LogModuleManager: Shutting down and abandoning module AdvancedPreviewScene (393)
[2019.04.20-08.58.24:354][404]LogModuleManager: Shutting down and abandoning module AnimGraph (391)
[2019.04.20-08.58.24:354][404]LogModuleManager: Shutting down and abandoning module Kismet (388)
[2019.04.20-08.58.24:363][404]LogModuleManager: Shutting down and abandoning module ClassViewer (386)
[2019.04.20-08.58.24:363][404]LogModuleManager: Shutting down and abandoning module Toolbox (384)
[2019.04.20-08.58.24:363][404]LogModuleManager: Shutting down and abandoning module ModuleUI (382)
[2019.04.20-08.58.24:363][404]LogModuleManager: Shutting down and abandoning module MovieSceneTools (380)
[2019.04.20-08.58.24:363][404]LogModuleManager: Shutting down and abandoning module OutputLog (378)
[2019.04.20-08.58.24:363][404]LogModuleManager: Shutting down and abandoning module GammaUI (376)
[2019.04.20-08.58.24:363][404]LogModuleManager: Shutting down and abandoning module Documentation (374)
[2019.04.20-08.58.24:363][404]LogModuleManager: Shutting down and abandoning module MovieSceneTracks (372)
[2019.04.20-08.58.24:363][404]LogModuleManager: Shutting down and abandoning module MovieScene (370)
[2019.04.20-08.58.24:363][404]LogModuleManager: Shutting down and abandoning module StreamingPauseRendering (368)
[2019.04.20-08.58.24:363][404]LogModuleManager: Shutting down and abandoning module LauncherPlatform (366)
[2019.04.20-08.58.24:363][404]LogModuleManager: Shutting down and abandoning module AnalyticsET (364)
[2019.04.20-08.58.24:363][404]LogModuleManager: Shutting down and abandoning module PortalServices (362)
[2019.04.20-08.58.24:363][404]LogModuleManager: Shutting down and abandoning module PortalRpc (360)
[2019.04.20-08.58.24:363][404]LogModuleManager: Shutting down and abandoning module MessagingRpc (358)
[2019.04.20-08.58.24:363][404]LogModuleManager: Shutting down and abandoning module AIModule (356)
[2019.04.20-08.58.24:363][404]LogModuleManager: Shutting down and abandoning module GameplayDebugger (355)
[2019.04.20-08.58.24:363][404]LogModuleManager: Shutting down and abandoning module AITestSuite (353)
[2019.04.20-08.58.24:363][404]LogModuleManager: Shutting down and abandoning module DesktopPlatform (350)
[2019.04.20-08.58.24:364][404]LogModuleManager: Shutting down and abandoning module ProfilerService (348)
[2019.04.20-08.58.24:597][404]LogModuleManager: Shutting down and abandoning module TaskGraph (346)
[2019.04.20-08.58.24:597][404]LogModuleManager: Shutting down and abandoning module SteamVRController (344)
[2019.04.20-08.58.24:597][404]LogModuleManager: Shutting down and abandoning module ProceduralMeshComponentEditor (342)
[2019.04.20-08.58.24:597][404]LogModuleManager: Shutting down and abandoning module ProceduralMeshComponent (340)
[2019.04.20-08.58.24:597][404]LogModuleManager: Shutting down and abandoning module OculusInput (338)
[2019.04.20-08.58.24:597][404]LogModuleManager: Shutting down and abandoning module MobilePatchingUtils (336)
[2019.04.20-08.58.24:597][404]LogModuleManager: Shutting down and abandoning module CustomMeshComponent (334)
[2019.04.20-08.58.24:598][404]LogModuleManager: Shutting down and abandoning module CableComponent (332)
[2019.04.20-08.58.24:598][404]LogModuleManager: Shutting down and abandoning module ArchVisCharacter (330)
[2019.04.20-08.58.24:598][404]LogModuleManager: Shutting down and abandoning module AndroidPermission (328)
[2019.04.20-08.58.24:598][404]LogModuleManager: Shutting down and abandoning module ActorSequence (324)
[2019.04.20-08.58.24:598][404]LogModuleManager: Shutting down and abandoning module MediaPlayerEditor (322)
[2019.04.20-08.58.24:598][404]LogModuleManager: Shutting down and abandoning module MediaCompositingEditor (320)
[2019.04.20-08.58.24:598][404]LogModuleManager: Shutting down and abandoning module MediaCompositing (318)
[2019.04.20-08.58.24:598][404]LogModuleManager: Shutting down and abandoning module HTML5Networking (316)
[2019.04.20-08.58.24:598][404]LogModuleManager: Shutting down and abandoning module AlembicImporter (314)
[2019.04.20-08.58.24:598][404]LogModuleManager: Shutting down and abandoning module AlembicLibrary (313)
[2019.04.20-08.58.24:598][404]LogModuleManager: Shutting down and abandoning module GeometryCache (312)
[2019.04.20-08.58.24:598][404]LogModuleManager: Shutting down and abandoning module GeometryCacheEd (311)
[2019.04.20-08.58.24:598][404]LogModuleManager: Shutting down and abandoning module SpeedTreeImporter (306)
[2019.04.20-08.58.24:598][404]LogModuleManager: Shutting down and abandoning module PluginBrowser (304)
[2019.04.20-08.58.24:598][404]LogModuleManager: Shutting down and abandoning module MobileLauncherProfileWizard (302)
[2019.04.20-08.58.24:598][404]LogModuleManager: Shutting down and abandoning module VisualStudioSourceCodeAccess (300)
[2019.04.20-08.58.24:598][404]LogModuleManager: Shutting down and abandoning module VisualStudioCodeSourceCodeAccess (298)
[2019.04.20-08.58.24:598][404]LogModuleManager: Shutting down and abandoning module UObjectPlugin (296)
[2019.04.20-08.58.24:598][404]LogModuleManager: Shutting down and abandoning module SubversionSourceControl (294)
[2019.04.20-08.58.24:598][404]LogModuleManager: Shutting down and abandoning module PerforceSourceControl (292)
[2019.04.20-08.58.24:598][404]LogModuleManager: Shutting down and abandoning module GitSourceControl (290)
[2019.04.20-08.58.24:599][404]LogModuleManager: Shutting down and abandoning module SourceControl (289)
[2019.04.20-08.58.24:599][404]LogModuleManager: Shutting down and abandoning module LightPropagationVolumeEditor (286)
[2019.04.20-08.58.24:599][404]LogModuleManager: Shutting down and abandoning module PaperTiledImporter (284)
[2019.04.20-08.58.24:599][404]LogModuleManager: Shutting down and abandoning module PaperSpriteSheetImporter (282)
[2019.04.20-08.58.24:599][404]LogModuleManager: Shutting down and abandoning module Paper2DEditor (280)
[2019.04.20-08.58.24:599][404]LogModuleManager: Shutting down and abandoning module MeshPaint (279)
[2019.04.20-08.58.24:599][404]LogModuleManager: Shutting down and abandoning module LevelEditor (277)
[2019.04.20-08.58.24:600][404]LogModuleManager: Shutting down and abandoning module PixelInspectorModule (276)
[2019.04.20-08.58.24:600][404]LogModuleManager: Shutting down and abandoning module MainFrame (274)
[2019.04.20-08.58.24:600][404]LogModuleManager: Shutting down and abandoning module HotReload (273)
[2019.04.20-08.58.24:600][404]LogModuleManager: Shutting down and abandoning module RuntimePhysXCooking (268)
[2019.04.20-08.58.24:600][404]LogModuleManager: Shutting down and abandoning module PhysXVehiclesEditor (266)
[2019.04.20-08.58.24:600][404]LogModuleManager: Shutting down and abandoning module PhysXVehicles (264)
[2019.04.20-08.58.24:600][404]LogModuleManager: Shutting down and abandoning module OculusEditor (262)
[2019.04.20-08.58.24:600][404]LogModuleManager: Shutting down and abandoning module LocationServicesBPLibrary (260)
[2019.04.20-08.58.24:600][404]LogModuleManager: Shutting down and abandoning module ImmediatePhysicsEditor (258)
[2019.04.20-08.58.24:600][404]LogModuleManager: Shutting down and abandoning module ImmediatePhysics (256)
[2019.04.20-08.58.24:600][404]LogModuleManager: Shutting down and abandoning module UdpMessaging (254)
[2019.04.20-08.58.24:702][404]LogModuleManager: Shutting down and abandoning module TcpMessaging (252)
[2019.04.20-08.58.24:802][404]LogModuleManager: Shutting down and abandoning module GameplayTagsEditor (250)
[2019.04.20-08.58.24:802][404]LogModuleManager: Shutting down and abandoning module FacialAnimationEditor (248)
[2019.04.20-08.58.24:802][404]LogModuleManager: Shutting down and abandoning module FacialAnimation (246)
[2019.04.20-08.58.24:802][404]LogModuleManager: Shutting down and abandoning module AssetManagerEditor (244)
[2019.04.20-08.58.24:802][404]LogModuleManager: Shutting down and abandoning module GraphEditor (243)
[2019.04.20-08.58.24:802][404]LogModuleManager: Shutting down and abandoning module ContentBrowser (241)
[2019.04.20-08.58.24:802][404]LogModuleManager: Shutting down and abandoning module LightPropagationVolumeRuntime (238)
[2019.04.20-08.58.24:802][404]LogModuleManager: Shutting down and abandoning module Paper2D (236)
[2019.04.20-08.58.24:802][404]LogModuleManager: Shutting down and abandoning module WindowsMoviePlayer (234)
[2019.04.20-08.58.24:802][404]LogModuleManager: Shutting down and abandoning module WmfMedia (232)
[2019.04.20-08.58.24:804][404]LogModuleManager: Shutting down and abandoning module ImgMedia (230)
[2019.04.20-08.58.24:804][404]LogModuleManager: Shutting down and abandoning module PacketHandler (228)
[2019.04.20-08.58.24:804][404]LogModuleManager: Shutting down and abandoning module ClothingSystemEditor (226)
[2019.04.20-08.58.24:804][404]LogModuleManager: Shutting down and abandoning module ClothingSystemRuntime (224)
[2019.04.20-08.58.24:804][404]LogModuleManager: Shutting down and abandoning module MediaAssets (222)
[2019.04.20-08.58.24:804][404]LogModuleManager: Shutting down and abandoning module Media (221)
[2019.04.20-08.58.24:810][404]LogModuleManager: Shutting down and abandoning module Overlay (218)
[2019.04.20-08.58.24:810][404]LogModuleManager: Shutting down and abandoning module OverlayEditor (217)
[2019.04.20-08.58.24:810][404]LogModuleManager: Shutting down and abandoning module VREditor (214)
[2019.04.20-08.58.24:810][404]LogModuleManager: Shutting down and abandoning module StringTableEditor (212)
[2019.04.20-08.58.24:810][404]LogModuleManager: Shutting down and abandoning module GameplayTasksEditor (210)
[2019.04.20-08.58.24:810][404]LogModuleManager: Shutting down and abandoning module BehaviorTreeEditor (208)
[2019.04.20-08.58.24:810][404]LogModuleManager: Shutting down and abandoning module FunctionalTesting (206)
[2019.04.20-08.58.24:810][404]LogModuleManager: Shutting down and abandoning module CollisionAnalyzer (204)
[2019.04.20-08.58.24:810][404]LogModuleManager: Shutting down and abandoning module WorkspaceMenuStructure (203)
[2019.04.20-08.58.24:810][404]LogModuleManager: Shutting down and abandoning module UMG (200)
[2019.04.20-08.58.24:810][404]LogModuleManager: Shutting down and abandoning module UMGEditor (199)
[2019.04.20-08.58.24:810][404]LogModuleManager: Shutting down and abandoning module Sequencer (198)
[2019.04.20-08.58.24:810][404]LogModuleManager: Shutting down and abandoning module MessageLog (195)
[2019.04.20-08.58.24:810][404]LogModuleManager: Shutting down and abandoning module SlateReflector (190)
[2019.04.20-08.58.24:810][404]LogModuleManager: Shutting down and abandoning module Slate (188)
[2019.04.20-08.58.24:810][404]LogModuleManager: Shutting down and abandoning module EditorStyle (186)
[2019.04.20-08.58.24:812][404]LogModuleManager: Shutting down and abandoning module MRMesh (184)
[2019.04.20-08.58.24:812][404]LogModuleManager: Shutting down and abandoning module SourceCodeAccess (182)
[2019.04.20-08.58.24:812][404]LogModuleManager: Shutting down and abandoning module HeadMountedDisplay (180)
[2019.04.20-08.58.24:812][404]LogModuleManager: Shutting down and abandoning module XAudio2 (178)
[2019.04.20-08.58.24:812][404]LogModuleManager: Shutting down and abandoning module Networking (176)
[2019.04.20-08.58.24:812][404]LogModuleManager: Shutting down and abandoning module Core (172)
[2019.04.20-08.58.24:812][404]LogModuleManager: Shutting down and abandoning module LevelSequence (168)
[2019.04.20-08.58.24:812][404]LogModuleManager: Shutting down and abandoning module DirectoryWatcher (166)
[2019.04.20-08.58.24:812][404]LogModuleManager: Shutting down and abandoning module KismetCompiler (164)
[2019.04.20-08.58.24:812][404]LogModuleManager: Shutting down and abandoning module MeshUtilities (162)
[2019.04.20-08.58.24:812][404]LogModuleManager: Shutting down and abandoning module MeshMergeUtilities (161)
[2019.04.20-08.58.24:812][404]LogModuleManager: Shutting down and abandoning module MeshReductionInterface (160)
[2019.04.20-08.58.24:812][404]LogModuleManager: Shutting down and abandoning module SimplygonSwarm (159)
[2019.04.20-08.58.24:812][404]LogModuleManager: Shutting down and abandoning module SimplygonMeshReduction (157)
[2019.04.20-08.58.24:812][404]LogModuleManager: Shutting down and abandoning module QuadricMeshReduction (155)
[2019.04.20-08.58.24:812][404]LogModuleManager: Shutting down and abandoning module MaterialBaking (151)
[2019.04.20-08.58.24:812][404]LogModuleManager: Shutting down and abandoning module DerivedDataCache (148)
[2019.04.20-08.58.24:884][404]LogDerivedDataCache: Shutdown
[2019.04.20-08.58.24:884][404]LogModuleManager: Shutting down and abandoning module TargetPlatform (146)
[2019.04.20-08.58.24:884][404]LogModuleManager: Shutting down and abandoning module VulkanShaderFormat (145)
[2019.04.20-08.58.24:884][404]LogModuleManager: Shutting down and abandoning module ShaderFormatVectorVM (143)
[2019.04.20-08.58.24:884][404]LogModuleManager: Shutting down and abandoning module ShaderFormatOpenGL (141)
[2019.04.20-08.58.24:884][404]LogModuleManager: Shutting down and abandoning module ShaderFormatD3D (139)
[2019.04.20-08.58.24:884][404]LogModuleManager: Shutting down and abandoning module MetalShaderFormat (137)
[2019.04.20-08.58.24:884][404]LogModuleManager: Shutting down and abandoning module TextureFormatUncompressed (135)
[2019.04.20-08.58.24:884][404]LogModuleManager: Shutting down and abandoning module TextureFormatPVR (133)
[2019.04.20-08.58.24:884][404]LogModuleManager: Shutting down and abandoning module TextureFormatDXT (131)
[2019.04.20-08.58.24:884][404]LogModuleManager: Shutting down and abandoning module TextureFormatIntelISPCTexComp (129)
[2019.04.20-08.58.24:884][404]LogModuleManager: Shutting down and abandoning module TextureFormatASTC (127)
[2019.04.20-08.58.24:884][404]LogModuleManager: Shutting down and abandoning module ImageWrapper (126)
[2019.04.20-08.58.24:884][404]LogModuleManager: Shutting down and abandoning module TextureFormatAndroid (123)
[2019.04.20-08.58.24:884][404]LogModuleManager: Shutting down and abandoning module AudioFormatOpus (121)
[2019.04.20-08.58.24:884][404]LogModuleManager: Shutting down and abandoning module AudioFormatOgg (119)
[2019.04.20-08.58.24:884][404]LogModuleManager: Shutting down and abandoning module AudioFormatADPCM (117)
[2019.04.20-08.58.24:884][404]LogModuleManager: Shutting down and abandoning module LinuxTargetPlatform (115)
[2019.04.20-08.58.24:884][404]LogModuleManager: Shutting down and abandoning module LinuxServerTargetPlatform (113)
[2019.04.20-08.58.24:884][404]LogModuleManager: Shutting down and abandoning module LinuxNoEditorTargetPlatform (111)
[2019.04.20-08.58.24:884][404]LogModuleManager: Shutting down and abandoning module LinuxClientTargetPlatform (109)
[2019.04.20-08.58.24:884][404]LogModuleManager: Shutting down and abandoning module TVOSTargetPlatform (107)
[2019.04.20-08.58.24:884][404]LogModuleManager: Shutting down and abandoning module Messaging (105)
[2019.04.20-08.58.24:884][404]LogModuleManager: Shutting down and abandoning module IOSTargetPlatform (103)
[2019.04.20-08.58.24:884][404]LogModuleManager: Shutting down and abandoning module HTML5TargetPlatform (101)
[2019.04.20-08.58.24:885][404]LogModuleManager: Shutting down and abandoning module AndroidTargetPlatform (99)
[2019.04.20-08.58.24:885][404]LogModuleManager: Shutting down and abandoning module Android_PVRTCTargetPlatform (97)
[2019.04.20-08.58.24:885][404]LogModuleManager: Shutting down and abandoning module Android_MultiTargetPlatform (95)
[2019.04.20-08.58.24:885][404]LogModuleManager: Shutting down and abandoning module Android_ETC2TargetPlatform (93)
[2019.04.20-08.58.24:885][404]LogModuleManager: Shutting down and abandoning module Android_ETC1TargetPlatform (91)
[2019.04.20-08.58.24:885][404]LogModuleManager: Shutting down and abandoning module Android_DXTTargetPlatform (89)
[2019.04.20-08.58.24:885][404]LogModuleManager: Shutting down and abandoning module Android_ATCTargetPlatform (87)
[2019.04.20-08.58.24:885][404]LogModuleManager: Shutting down and abandoning module Android_ASTCTargetPlatform (85)
[2019.04.20-08.58.24:885][404]LogModuleManager: Shutting down and abandoning module WindowsTargetPlatform (83)
[2019.04.20-08.58.24:885][404]LogModuleManager: Shutting down and abandoning module WindowsServerTargetPlatform (81)
[2019.04.20-08.58.24:885][404]LogModuleManager: Shutting down and abandoning module WindowsNoEditorTargetPlatform (79)
[2019.04.20-08.58.24:885][404]LogModuleManager: Shutting down and abandoning module WindowsClientTargetPlatform (77)
[2019.04.20-08.58.24:885][404]LogModuleManager: Shutting down and abandoning module MacTargetPlatform (75)
[2019.04.20-08.58.24:885][404]LogModuleManager: Shutting down and abandoning module MacServerTargetPlatform (73)
[2019.04.20-08.58.24:885][404]LogModuleManager: Shutting down and abandoning module MacNoEditorTargetPlatform (71)
[2019.04.20-08.58.24:885][404]LogModuleManager: Shutting down and abandoning module MacClientTargetPlatform (69)
[2019.04.20-08.58.24:885][404]LogModuleManager: Shutting down and abandoning module AllDesktopTargetPlatform (67)
[2019.04.20-08.58.24:885][404]LogModuleManager: Shutting down and abandoning module InputCore (64)
[2019.04.20-08.58.24:885][404]LogModuleManager: Shutting down and abandoning module Settings (62)
[2019.04.20-08.58.24:885][404]LogModuleManager: Shutting down and abandoning module PhysXCooking (60)
[2019.04.20-08.58.24:885][404]LogModuleManager: Shutting down and abandoning module SteamVR (58)
[2019.04.20-08.58.24:885][404]LogModuleManager: Shutting down and abandoning module OculusHMD (56)
[2019.04.20-08.58.24:885][404]LogModuleManager: Shutting down and abandoning module ExampleDeviceProfileSelector (54)
[2019.04.20-08.58.24:885][404]LogModuleManager: Shutting down and abandoning module AppleARKit (52)
[2019.04.20-08.58.24:885][404]LogModuleManager: Shutting down and abandoning module AugmentedReality (51)
[2019.04.20-08.58.24:885][404]LogModuleManager: Shutting down and abandoning module OnlineBlueprintSupport (48)
[2019.04.20-08.58.24:885][404]LogModuleManager: Shutting down and abandoning module OnlineSubsystem (44)
[2019.04.20-08.58.24:885][404]LogModuleManager: Shutting down and abandoning module XMPP (43)
[2019.04.20-08.58.24:885][404]LogModuleManager: Shutting down and abandoning module HTTP (41)
[2019.04.20-08.58.24:885][404]LogHttp: Display: Http module shutting down, but needs to wait on 1 outstanding Http requests:
[2019.04.20-08.58.24:885][404]LogHttp: Display: 	verb=[POST] url=[https://datarouter.ol.epicgames.com/datarouter/api/v1/public/data?SessionID=%7B7843EB36-40A2-58A3-048A-F685F1E25781%7D&AppID=UEEditor.Rocket.Release&AppVersion=4.18.3-3832480%2B%2B%2BUE4%2BRelease-4.18&UserID=47c210b049eacd9932a94ab02e53d314%7Cd0b6036c88c54b6d9c24e2e300c84322%7Cc7ab53ca-c208-47b9-9e95-f2e7344e7df3&AppEnvironment=datacollector-binary&UploadType=eteventstream] status=Processing
[2019.04.20-08.58.24:890][404]LogModuleManager: Shutting down and abandoning module SSL (40)
[2019.04.20-08.58.24:891][404]LogModuleManager: Shutting down and abandoning module AnimationModifiers (36)
[2019.04.20-08.58.24:891][404]LogModuleManager: Shutting down and abandoning module PropertyEditor (35)
[2019.04.20-08.58.24:891][404]LogModuleManager: Shutting down and abandoning module AudioEditor (32)
[2019.04.20-08.58.24:891][404]LogModuleManager: Shutting down and abandoning module TextureCompressor (30)
[2019.04.20-08.58.24:891][404]LogModuleManager: Shutting down and abandoning module ShaderCore (28)
[2019.04.20-08.58.24:891][404]LogModuleManager: Shutting down and abandoning module Landscape (26)
[2019.04.20-08.58.24:891][404]LogModuleManager: Shutting down and abandoning module SlateRHIRenderer (24)
[2019.04.20-08.58.24:892][404]LogModuleManager: Shutting down and abandoning module OpenGLDrv (22)
[2019.04.20-08.58.24:892][404]LogModuleManager: Shutting down and abandoning module D3D11RHI (20)
[2019.04.20-08.58.24:892][404]LogModuleManager: Shutting down and abandoning module AnimGraphRuntime (18)
[2019.04.20-08.58.24:892][404]LogModuleManager: Shutting down and abandoning module Renderer (16)
[2019.04.20-08.58.24:892][404]LogModuleManager: Shutting down and abandoning module Engine (14)
[2019.04.20-08.58.24:892][404]LogModuleManager: Shutting down and abandoning module CoreUObject (12)
[2019.04.20-08.58.24:892][404]LogModuleManager: Shutting down and abandoning module NetworkFile (10)
[2019.04.20-08.58.24:892][404]LogModuleManager: Shutting down and abandoning module CookedIterativeFile (8)
[2019.04.20-08.58.24:892][404]LogModuleManager: Shutting down and abandoning module StreamingFile (6)
[2019.04.20-08.58.24:892][404]LogModuleManager: Shutting down and abandoning module SandboxFile (4)
[2019.04.20-08.58.24:892][404]LogModuleManager: Shutting down and abandoning module PakFile (2)
[2019.04.20-08.58.24:894][404]LogExit: Exiting.
[2019.04.20-08.58.24:904][404]Log file closed, 04/20/19 09:58:24
