Log file open, 04/25/19 09:19:48
LogWindows: Failed to load 'aqProf.dll' (GetLastError=126)
LogWindows: File 'aqProf.dll' does not exist
LogWindows: Failed to load 'VSPerf140.dll' (GetLastError=126)
LogWindows: File 'VSPerf140.dll' does not exist
LogWindows: Failed to load 'VtuneApi.dll' (GetLastError=126)
LogWindows: File 'VtuneApi.dll' does not exist
LogWindows: Failed to load 'VtuneApi32e.dll' (GetLastError=126)
LogWindows: File 'VtuneApi32e.dll' does not exist
LogInit: Display: Running engine for game: MyProject
LogPlatformFile: Not using cached read wrapper
LogInit: Display: RandInit(-771798239) SRandInit(-771798239).
LogInit: Read version file with build ID '3709383'
LogInit: Overriding engine version to CL 3832480, compatible CL 3709383
LogInit: Registered custom module enumerator with build ID '3709383'
LogTaskGraph: Started task graph with 5 named threads and 14 total threads with 3 sets of task threads.
LogStats: Stats thread started at 4.139188
LogD3D11RHI: Aftermath initialized
LogModuleManager: Display: Found up-to-date module file ../../../Engine/Plugins/2D/Paper2D/Binaries/Win64/UE4Editor-Paper2D.dll (API version 3709383).
LogModuleManager: Display: Found up-to-date module file ../../../Engine/Plugins/2D/Paper2D/Binaries/Win64/UE4Editor-Paper2DEditor.dll (API version 3709383).
LogModuleManager: Display: Found up-to-date module file ../../../Engine/Plugins/2D/Paper2D/Binaries/Win64/UE4Editor-PaperSpriteSheetImporter.dll (API version 3709383).
LogModuleManager: Display: Found up-to-date module file ../../../Engine/Plugins/2D/Paper2D/Binaries/Win64/UE4Editor-PaperTiledImporter.dll (API version 3709383).
LogModuleManager: Display: Found up-to-date module file ../../../Engine/Plugins/2D/Paper2D/Binaries/Win64/UE4Editor-SmartSnapping.dll (API version 3709383).
LogModuleManager: Display: Found up-to-date module file ../../../Engine/Plugins/Blendables/LightPropagationVolume/Binaries/Win64/UE4Editor-LightPropagationVolumeRuntime.dll (API version 3709383).
LogModuleManager: Display: Found up-to-date module file ../../../Engine/Plugins/Blendables/LightPropagationVolume/Binaries/Win64/UE4Editor-LightPropagationVolumeEditor.dll (API version 3709383).
LogModuleManager: Display: Found up-to-date module file ../../../Engine/Plugins/Developer/GitSourceControl/Binaries/Win64/UE4Editor-GitSourceControl.dll (API version 3709383).
LogModuleManager: Display: Found up-to-date module file ../../../Engine/Plugins/Developer/PerforceSourceControl/Binaries/Win64/UE4Editor-PerforceSourceControl.dll (API version 3709383).
LogModuleManager: Display: Found up-to-date module file ../../../Engine/Plugins/Developer/SubversionSourceControl/Binaries/Win64/UE4Editor-SubversionSourceControl.dll (API version 3709383).
LogModuleManager: Display: Found up-to-date module file ../../../Engine/Plugins/Developer/UObjectPlugin/Binaries/Win64/UE4Editor-UObjectPlugin.dll (API version 3709383).
LogModuleManager: Display: Found up-to-date module file ../../../Engine/Plugins/Developer/VisualStudioCodeSourceCodeAccess/Binaries/Win64/UE4Editor-VisualStudioCodeSourceCodeAccess.dll (API version 3709383).
LogModuleManager: Display: Found up-to-date module file ../../../Engine/Plugins/Developer/VisualStudioSourceCodeAccess/Binaries/Win64/UE4Editor-VisualStudioSourceCodeAccess.dll (API version 3709383).
LogModuleManager: Display: Found up-to-date module file ../../../Engine/Plugins/Editor/AssetManagerEditor/Binaries/Win64/UE4Editor-AssetManagerEditor.dll (API version 3709383).
LogModuleManager: Display: Found up-to-date module file ../../../Engine/Plugins/Editor/AudioCapture/Binaries/Win64/UE4Editor-AudioCapture.dll (API version 3709383).
LogModuleManager: Display: Found up-to-date module file ../../../Engine/Plugins/Editor/FacialAnimation/Binaries/Win64/UE4Editor-FacialAnimation.dll (API version 3709383).
LogModuleManager: Display: Found up-to-date module file ../../../Engine/Plugins/Editor/FacialAnimation/Binaries/Win64/UE4Editor-FacialAnimationEditor.dll (API version 3709383).
LogModuleManager: Display: Found up-to-date module file ../../../Engine/Plugins/Editor/GameplayTagsEditor/Binaries/Win64/UE4Editor-GameplayTagsEditor.dll (API version 3709383).
LogModuleManager: Display: Found up-to-date module file ../../../Engine/Plugins/Editor/MobileLauncherProfileWizard/Binaries/Win64/UE4Editor-MobileLauncherProfileWizard.dll (API version 3709383).
LogModuleManager: Display: Found up-to-date module file ../../../Engine/Plugins/Editor/PluginBrowser/Binaries/Win64/UE4Editor-PluginBrowser.dll (API version 3709383).
LogModuleManager: Display: Found up-to-date module file ../../../Engine/Plugins/Editor/SpeedTreeImporter/Binaries/Win64/UE4Editor-SpeedTreeImporter.dll (API version 3709383).
LogModuleManager: Display: Found up-to-date module file ../../../Engine/Plugins/Experimental/AlembicImporter/Binaries/Win64/UE4Editor-AlembicImporter.dll (API version 3709383).
LogModuleManager: Display: Found up-to-date module file ../../../Engine/Plugins/Experimental/AlembicImporter/Binaries/Win64/UE4Editor-AlembicLibrary.dll (API version 3709383).
LogModuleManager: Display: Found up-to-date module file ../../../Engine/Plugins/Experimental/CharacterAI/Binaries/Win64/UE4Editor-CharacterAI.dll (API version 3709383).
LogModuleManager: Display: Found up-to-date module file ../../../Engine/Plugins/Experimental/HTML5Networking/Binaries/Win64/UE4Editor-HTML5Networking.dll (API version 3709383).
LogModuleManager: Display: Found up-to-date module file ../../../Engine/Plugins/Media/AndroidMedia/Binaries/Win64/UE4Editor-AndroidMediaEditor.dll (API version 3709383).
LogModuleManager: Display: Found up-to-date module file ../../../Engine/Plugins/Media/AndroidMedia/Binaries/Win64/UE4Editor-AndroidMediaFactory.dll (API version 3709383).
LogModuleManager: Display: Found up-to-date module file ../../../Engine/Plugins/Media/AvfMedia/Binaries/Win64/UE4Editor-AvfMediaEditor.dll (API version 3709383).
LogModuleManager: Display: Found up-to-date module file ../../../Engine/Plugins/Media/AvfMedia/Binaries/Win64/UE4Editor-AvfMediaFactory.dll (API version 3709383).
LogModuleManager: Display: Found up-to-date module file ../../../Engine/Plugins/Media/AvfMedia/Binaries/Win64/UE4Editor-AvfMediaFactory.dll (API version 3709383).
LogModuleManager: Display: Found up-to-date module file ../../../Engine/Plugins/Media/ImgMedia/Binaries/Win64/UE4Editor-ImgMedia.dll (API version 3709383).
LogModuleManager: Display: Found up-to-date module file ../../../Engine/Plugins/Media/ImgMedia/Binaries/Win64/UE4Editor-ImgMediaEditor.dll (API version 3709383).
LogModuleManager: Display: Found up-to-date module file ../../../Engine/Plugins/Media/ImgMedia/Binaries/Win64/UE4Editor-ImgMediaFactory.dll (API version 3709383).
LogModuleManager: Display: Found up-to-date module file ../../../Engine/Plugins/Media/ImgMedia/Binaries/Win64/UE4Editor-ImgMediaFactory.dll (API version 3709383).
LogModuleManager: Display: Found up-to-date module file ../../../Engine/Plugins/Media/ImgMedia/Binaries/Win64/UE4Editor-OpenExrWrapper.dll (API version 3709383).
LogModuleManager: Display: Found up-to-date module file ../../../Engine/Plugins/Media/MediaCompositing/Binaries/Win64/UE4Editor-MediaCompositing.dll (API version 3709383).
LogModuleManager: Display: Found up-to-date module file ../../../Engine/Plugins/Media/MediaCompositing/Binaries/Win64/UE4Editor-MediaCompositingEditor.dll (API version 3709383).
LogModuleManager: Display: Found up-to-date module file ../../../Engine/Plugins/Media/MediaPlayerEditor/Binaries/Win64/UE4Editor-MediaPlayerEditor.dll (API version 3709383).
LogModuleManager: Display: Found up-to-date module file ../../../Engine/Plugins/Media/WmfMedia/Binaries/Win64/UE4Editor-WmfMedia.dll (API version 3709383).
LogModuleManager: Display: Found up-to-date module file ../../../Engine/Plugins/Media/WmfMedia/Binaries/Win64/UE4Editor-WmfMediaEditor.dll (API version 3709383).
LogModuleManager: Display: Found up-to-date module file ../../../Engine/Plugins/Media/WmfMedia/Binaries/Win64/UE4Editor-WmfMediaFactory.dll (API version 3709383).
LogModuleManager: Display: Found up-to-date module file ../../../Engine/Plugins/Media/WmfMedia/Binaries/Win64/UE4Editor-WmfMediaFactory.dll (API version 3709383).
LogModuleManager: Display: Found up-to-date module file ../../../Engine/Plugins/Messaging/TcpMessaging/Binaries/Win64/UE4Editor-TcpMessaging.dll (API version 3709383).
LogModuleManager: Display: Found up-to-date module file ../../../Engine/Plugins/Messaging/UdpMessaging/Binaries/Win64/UE4Editor-UdpMessaging.dll (API version 3709383).
LogModuleManager: Display: Found up-to-date module file ../../../Engine/Plugins/MovieScene/ActorSequence/Binaries/Win64/UE4Editor-ActorSequence.dll (API version 3709383).
LogModuleManager: Display: Found up-to-date module file ../../../Engine/Plugins/MovieScene/LevelSequenceEditor/Binaries/Win64/UE4Editor-LevelSequenceEditor.dll (API version 3709383).
LogModuleManager: Display: Found up-to-date module file ../../../Engine/Plugins/MovieScene/MatineeToLevelSequence/Binaries/Win64/UE4Editor-MatineeToLevelSequence.dll (API version 3709383).
LogModuleManager: Display: Found up-to-date module file ../../../Engine/Plugins/Online/OnlineSubsystem/Binaries/Win64/UE4Editor-OnlineSubsystem.dll (API version 3709383).
LogModuleManager: Display: Found up-to-date module file ../../../Engine/Plugins/Runtime/AndroidPermission/Binaries/Win64/UE4Editor-AndroidPermission.dll (API version 3709383).
LogModuleManager: Display: Found up-to-date module file ../../../Engine/Plugins/Online/OnlineSubsystemNull/Binaries/Win64/UE4Editor-OnlineSubsystemNull.dll (API version 3709383).
LogModuleManager: Display: Found up-to-date module file ../../../Engine/Plugins/Online/OnlineSubsystemUtils/Binaries/Win64/UE4Editor-OnlineSubsystemUtils.dll (API version 3709383).
LogModuleManager: Display: Found up-to-date module file ../../../Engine/Plugins/Online/OnlineSubsystemUtils/Binaries/Win64/UE4Editor-OnlineBlueprintSupport.dll (API version 3709383).
LogModuleManager: Display: Found up-to-date module file ../../../Engine/Plugins/Runtime/AndroidDeviceProfileSelector/Binaries/Win64/UE4Editor-AndroidDeviceProfileSelector.dll (API version 3709383).
LogModuleManager: Display: Found up-to-date module file ../../../Engine/Plugins/Runtime/AppleARKit/Binaries/Win64/UE4Editor-AppleARKit.dll (API version 3709383).
LogModuleManager: Display: Found up-to-date module file ../../../Engine/Plugins/Runtime/ArchVisCharacter/Binaries/Win64/UE4Editor-ArchVisCharacter.dll (API version 3709383).
LogModuleManager: Display: Found up-to-date module file ../../../Engine/Plugins/Runtime/CableComponent/Binaries/Win64/UE4Editor-CableComponent.dll (API version 3709383).
LogModuleManager: Display: Found up-to-date module file ../../../Engine/Plugins/Runtime/CustomMeshComponent/Binaries/Win64/UE4Editor-CustomMeshComponent.dll (API version 3709383).
LogModuleManager: Display: Found up-to-date module file ../../../Engine/Plugins/Runtime/ExampleDeviceProfileSelector/Binaries/Win64/UE4Editor-ExampleDeviceProfileSelector.dll (API version 3709383).
LogModuleManager: Display: Found up-to-date module file ../../../Engine/Plugins/Runtime/ImmediatePhysics/Binaries/Win64/UE4Editor-ImmediatePhysics.dll (API version 3709383).
LogModuleManager: Display: Found up-to-date module file ../../../Engine/Plugins/Runtime/ImmediatePhysics/Binaries/Win64/UE4Editor-ImmediatePhysicsEditor.dll (API version 3709383).
LogModuleManager: Display: Found up-to-date module file ../../../Engine/Plugins/Runtime/LocationServicesBPLibrary/Binaries/Win64/UE4Editor-LocationServicesBPLibrary.dll (API version 3709383).
LogModuleManager: Display: Found up-to-date module file ../../../Engine/Plugins/Runtime/MobilePatchingUtils/Binaries/Win64/UE4Editor-MobilePatchingUtils.dll (API version 3709383).
LogModuleManager: Display: Found up-to-date module file ../../../Engine/Plugins/Runtime/Oculus/OculusVR/Binaries/Win64/UE4Editor-OculusHMD.dll (API version 3709383).
LogModuleManager: Display: Found up-to-date module file ../../../Engine/Plugins/Runtime/Oculus/OculusVR/Binaries/Win64/UE4Editor-OculusInput.dll (API version 3709383).
LogModuleManager: Display: Found up-to-date module file ../../../Engine/Plugins/Runtime/Oculus/OculusVR/Binaries/Win64/UE4Editor-OculusEditor.dll (API version 3709383).
LogModuleManager: Display: Found up-to-date module file ../../../Engine/Plugins/Runtime/PhysXVehicles/Binaries/Win64/UE4Editor-PhysXVehicles.dll (API version 3709383).
LogModuleManager: Display: Found up-to-date module file ../../../Engine/Plugins/Runtime/PhysXVehicles/Binaries/Win64/UE4Editor-PhysXVehiclesEditor.dll (API version 3709383).
LogModuleManager: Display: Found up-to-date module file ../../../Engine/Plugins/Runtime/ProceduralMeshComponent/Binaries/Win64/UE4Editor-ProceduralMeshComponent.dll (API version 3709383).
LogModuleManager: Display: Found up-to-date module file ../../../Engine/Plugins/Runtime/ProceduralMeshComponent/Binaries/Win64/UE4Editor-ProceduralMeshComponentEditor.dll (API version 3709383).
LogModuleManager: Display: Found up-to-date module file ../../../Engine/Plugins/Runtime/RuntimePhysXCooking/Binaries/Win64/UE4Editor-RuntimePhysXCooking.dll (API version 3709383).
LogModuleManager: Display: Found up-to-date module file ../../../Engine/Plugins/Runtime/Steam/SteamVR/Binaries/Win64/UE4Editor-SteamVR.dll (API version 3709383).
LogModuleManager: Display: Found up-to-date module file ../../../Engine/Plugins/Runtime/Steam/SteamVR/Binaries/Win64/UE4Editor-SteamVRController.dll (API version 3709383).
LogModuleManager: Display: Found up-to-date module file ../../../Engine/Plugins/Runtime/WindowsMoviePlayer/Binaries/Win64/UE4Editor-WindowsMoviePlayer.dll (API version 3709383).
LogPluginManager: Mounting plugin Paper2D
LogPluginManager: Mounting plugin LightPropagationVolume
LogPluginManager: Mounting plugin CodeLiteSourceCodeAccess
LogPluginManager: Mounting plugin GitSourceControl
LogPluginManager: Mounting plugin KDevelopSourceCodeAccess
LogPluginManager: Mounting plugin NullSourceCodeAccess
LogPluginManager: Mounting plugin PerforceSourceControl
LogPluginManager: Mounting plugin SubversionSourceControl
LogPluginManager: Mounting plugin UObjectPlugin
LogPluginManager: Mounting plugin VisualStudioCodeSourceCodeAccess
LogPluginManager: Mounting plugin VisualStudioSourceCodeAccess
LogPluginManager: Mounting plugin XCodeSourceCodeAccess
LogPluginManager: Mounting plugin AssetManagerEditor
LogPluginManager: Mounting plugin AudioCapture
LogPluginManager: Mounting plugin FacialAnimation
LogPluginManager: Mounting plugin GameplayTagsEditor
LogPluginManager: Mounting plugin MobileLauncherProfileWizard
LogPluginManager: Mounting plugin PluginBrowser
LogPluginManager: Mounting plugin SpeedTreeImporter
LogPluginManager: Mounting plugin AlembicImporter
LogPluginManager: Mounting plugin CharacterAI
LogPluginManager: Mounting plugin HTML5Networking
LogPluginManager: Mounting plugin AndroidMedia
LogPluginManager: Mounting plugin AvfMedia
LogPluginManager: Mounting plugin ImgMedia
LogPluginManager: Mounting plugin MediaCompositing
LogPluginManager: Mounting plugin MediaPlayerEditor
LogPluginManager: Mounting plugin WmfMedia
LogPluginManager: Mounting plugin TcpMessaging
LogPluginManager: Mounting plugin UdpMessaging
LogPluginManager: Mounting plugin ActorSequence
LogPluginManager: Mounting plugin LevelSequenceEditor
LogPluginManager: Mounting plugin MatineeToLevelSequence
LogPluginManager: Mounting plugin OnlineSubsystemGooglePlay
LogPluginManager: Mounting plugin OnlineSubsystemIOS
LogPluginManager: Mounting plugin OnlineSubsystem
LogPluginManager: Mounting plugin OnlineSubsystemNull
LogPluginManager: Mounting plugin OnlineSubsystemUtils
LogPluginManager: Mounting plugin AndroidDeviceProfileSelector
LogPluginManager: Mounting plugin AndroidMoviePlayer
LogPluginManager: Mounting plugin AndroidPermission
LogPluginManager: Mounting plugin AppleARKit
LogPluginManager: Mounting plugin AppleMoviePlayer
LogPluginManager: Mounting plugin ArchVisCharacter
LogPluginManager: Mounting plugin CableComponent
LogPluginManager: Mounting plugin CustomMeshComponent
LogPluginManager: Mounting plugin ExampleDeviceProfileSelector
LogPluginManager: Mounting plugin GoogleCloudMessaging
LogPluginManager: Mounting plugin ImmediatePhysics
LogPluginManager: Mounting plugin IOSDeviceProfileSelector
LogPluginManager: Mounting plugin LinuxDeviceProfileSelector
LogPluginManager: Mounting plugin LocationServicesBPLibrary
LogPluginManager: Mounting plugin MobilePatchingUtils
LogPluginManager: Mounting plugin OculusVR
LogPluginManager: Plugin shader directory ../../../Engine/Plugins/Runtime/Oculus/OculusVR/Shaders found
LogPluginManager: Mapping shader source directory ../../../Engine/Plugins/Runtime/Oculus/OculusVR/Shaders to virtual directory /Plugin/OculusVR
LogPluginManager: Mounting plugin PhysXVehicles
LogPluginManager: Mounting plugin ProceduralMeshComponent
LogPluginManager: Mounting plugin RuntimePhysXCooking
LogPluginManager: Mounting plugin SteamVR
LogPluginManager: Mounting plugin WindowsMoviePlayer
LogInit: Using libcurl 7.47.1
LogInit:  - built for x86_64-pc-win32
LogInit:  - supports SSL with OpenSSL/1.0.2g
LogInit:  - supports HTTP deflate (compression) using libz 1.2.8
LogInit:  - other features:
LogInit:      CURL_VERSION_SSL
LogInit:      CURL_VERSION_LIBZ
LogInit:      CURL_VERSION_IPV6
LogInit:      CURL_VERSION_ASYNCHDNS
LogInit:      CURL_VERSION_LARGEFILE
LogInit:      CURL_VERSION_IDN
LogInit:  CurlRequestOptions (configurable via config and command line):
LogInit:  - bVerifyPeer = false  - Libcurl will NOT verify peer certificate
LogInit:  - bUseHttpProxy = false  - Libcurl will NOT use HTTP proxy
LogInit:  - bDontReuseConnections = false  - Libcurl will reuse connections
LogInit:  - CertBundlePath = nullptr  - Libcurl will use whatever was configured at build time.
LogInit: Build: ++UE4+Release-4.18-CL-3832480
LogInit: Engine Version: 4.18.3-3832480+++UE4+Release-4.18
LogInit: Compatible Engine Version: 4.18.0-3709383+++UE4+Release-4.18
LogInit: Net CL: 3709383
LogDevObjectVersion: Number of dev versions registered: 16
LogDevObjectVersion:   Dev-Blueprints (B0D832E4-1F89-4F0D-ACCF-7EB736FD4AA2): 10
LogDevObjectVersion:   Dev-Build (E1C64328-A22C-4D53-A36C-8E866417BD8C): 0
LogDevObjectVersion:   Dev-Core (375EC13C-06E4-48FB-B500-84F0262A717E): 2
LogDevObjectVersion:   Dev-Editor (E4B068ED-F494-42E9-A231-DA0B2E46BB41): 20
LogDevObjectVersion:   Dev-Framework (CFFC743F-43B0-4480-9391-14DF171D2073): 30
LogDevObjectVersion:   Dev-Mobile (B02B49B5-BB20-44E9-A304-32B752E40360): 0
LogDevObjectVersion:   Dev-Networking (A4E4105C-59A1-49B5-A7C5-40C4547EDFEE): 0
LogDevObjectVersion:   Dev-Online (39C831C9-5AE6-47DC-9A44-9C173E1C8E7C): 0
LogDevObjectVersion:   Dev-Physics (78F01B33-EBEA-4F98-B9B4-84EACCB95AA2): 0
LogDevObjectVersion:   Dev-Platform (6631380F-2D4D-43E0-8009-CF276956A95A): 0
LogDevObjectVersion:   Dev-Rendering (12F88B9F-8875-4AFC-A67C-D90C383ABD29): 20
LogDevObjectVersion:   Dev-Sequencer (7B5AE74C-D270-4C10-A958-57980B212A5A): 4
LogDevObjectVersion:   Dev-VR (D7296918-1DD6-4BDD-9DE2-64A83CC13884): 0
LogDevObjectVersion:   Dev-LoadTimes (C2A15278-BFE7-4AFE-6C17-90FF531DF755): 1
LogDevObjectVersion:   Private-Geometry (6EACA3D4-40EC-4CC1-B786-8BED09428FC5): 1
LogDevObjectVersion:   Dev-AnimPhys (29E575DD-E0A3-4627-9D10-D276232CDCEA): 12
LogInit: Compiled (64-bit): Jan 12 2018 02:04:55
LogInit: Compiled with Visual C++: 19.00.24215.01
LogInit: Build Configuration: Development
LogInit: Branch Name: ++UE4+Release-4.18
LogInit: Command line:  
LogInit: Base directory: G:/UE_4.18/Engine/Binaries/Win64/
LogInit: Installed Engine Build: 1
LogInit: Presizing for max 8388607 objects, including 0 objects not considered by GC, pre-allocating 0 bytes for permanent pool.
LogInit: Object subsystem initialized
[2019.04.25-08.19.54:097][  0]LogInit: Selected Device Profile: [Windows]
[2019.04.25-08.19.54:097][  0]LogInit: Applying CVar settings loaded from the selected device profile: [Windows]
[2019.04.25-08.19.54:215][  0]LogInit: Computer: DESKTOP-6R2LPT6
[2019.04.25-08.19.54:215][  0]LogInit: User: Coord26
[2019.04.25-08.19.54:215][  0]LogInit: CPU Page size=4096, Cores=4
[2019.04.25-08.19.54:215][  0]LogInit: High frequency timer resolution =10.000000 MHz
[2019.04.25-08.19.54:222][  0]LogMemory: Memory total: Physical=15.9GB (16GB approx)
[2019.04.25-08.19.54:222][  0]LogMemory: Platform Memory Stats for Windows
[2019.04.25-08.19.54:222][  0]LogMemory: Process Physical Memory: 272.57 MB used, 272.57 MB peak
[2019.04.25-08.19.54:222][  0]LogMemory: Process Virtual Memory: 271.05 MB used, 271.05 MB peak
[2019.04.25-08.19.54:222][  0]LogMemory: Physical Memory: 7855.41 MB used,  8470.66 MB free, 16326.06 MB total
[2019.04.25-08.19.54:222][  0]LogMemory: Virtual Memory: 4769.37 MB used,  8470.66 MB free, 134217728.00 MB total
[2019.04.25-08.19.55:146][  0]LogInit: Using OS detected language (en-GB).
[2019.04.25-08.19.55:146][  0]LogInit: Using OS detected locale (en-GB).
[2019.04.25-08.19.55:504][  0]LogTextLocalizationManager: No specific localization for 'en-GB' exists, so the 'en' localization will be used.
[2019.04.25-08.19.56:417][  0]LogInit: Setting process to per monitor DPI aware
[2019.04.25-08.19.59:222][  0]LogD3D11RHI: D3D11 adapters:
[2019.04.25-08.19.59:326][  0]LogD3D11RHI:    0. 'NVIDIA GeForce GTX 1080' (Feature Level 11_0)
[2019.04.25-08.19.59:326][  0]LogD3D11RHI:       8079/0/8163 MB DedicatedVideo/DedicatedSystem/SharedSystem, Outputs:2, VendorId:0x10de
[2019.04.25-08.19.59:330][  0]LogD3D11RHI:    1. 'Microsoft Basic Render Driver' (Feature Level 11_0)
[2019.04.25-08.19.59:330][  0]LogD3D11RHI:       0/0/8163 MB DedicatedVideo/DedicatedSystem/SharedSystem, Outputs:0, VendorId:0x1414
[2019.04.25-08.19.59:330][  0]LogD3D11RHI: Chosen D3D11 Adapter: 0
[2019.04.25-08.19.59:350][  0]LogD3D11RHI: Creating new Direct3DDevice
[2019.04.25-08.19.59:350][  0]LogD3D11RHI:     GPU DeviceId: 0x1b80 (for the marketing name, search the web for "GPU Device Id")
[2019.04.25-08.19.59:350][  0]LogWindows: EnumDisplayDevices:
[2019.04.25-08.19.59:350][  0]LogWindows:    0. 'NVIDIA GeForce GTX 1080' (P:0 D:1)
[2019.04.25-08.19.59:363][  0]LogWindows:    1. 'NVIDIA GeForce GTX 1080' (P:1 D:1)
[2019.04.25-08.19.59:363][  0]LogWindows:    2. 'NVIDIA GeForce GTX 1080' (P:0 D:0)
[2019.04.25-08.19.59:363][  0]LogWindows:    3. 'NVIDIA GeForce GTX 1080' (P:0 D:0)
[2019.04.25-08.19.59:363][  0]LogWindows: DebugString: GetVideoDriverDetailsInvalid PrimaryIsNotTheChoosenAdapter GetVideoDriverDetailsInvalid PrimaryIsNotTheChoosenAdapter GetVideoDriverDetailsInvalid PrimaryIsNotTheChoosenAdapter GetVideoDriverDetailsInvalid PrimaryIsNotTheChoosenAdapter FoundDriverCount:0 
[2019.04.25-08.19.59:363][  0]LogD3D11RHI:     Adapter Name: NVIDIA GeForce GTX 1080
[2019.04.25-08.19.59:363][  0]LogD3D11RHI:   Driver Version: Unknown (internal:Unknown, unified:Unknown)
[2019.04.25-08.19.59:363][  0]LogD3D11RHI:      Driver Date: Unknown
[2019.04.25-08.19.59:363][  0]LogRHI: Texture pool is 5655 MB (70% of 8079 MB)
[2019.04.25-08.19.59:399][  0]LogD3D11RHI: Async texture creation enabled
[2019.04.25-08.19.59:721][  0]LogD3D11RHI: GPU Timing Frequency: 1000.000000 (Debug: 2 2)
[2019.04.25-08.19.59:853][  0]LogShaderCompilers: Guid format shader working directory is -5 characters bigger than the processId version (C:/Users/Coord 26/Documents/Unreal Projects/MyProject/Intermediate/Shaders/WorkingDirectory/15660/).
[2019.04.25-08.19.59:854][  0]LogShaderCompilers: Cleaned the shader compiler working directory 'C:/Users/Coord 26/AppData/Local/Temp/UnrealShaderWorkingDir/A6C9A1D147517AC1F92019B157387127/'.
[2019.04.25-08.19.59:866][  0]LogShaderCompilers: Display: Using Local Shader Compiler.
[2019.04.25-08.20.03:593][  0]LogTemp: Display: Loaded TP AllDesktopTargetPlatform
[2019.04.25-08.20.03:636][  0]LogTemp: Display: Loaded TP MacClientTargetPlatform
[2019.04.25-08.20.03:682][  0]LogTemp: Display: Loaded TP MacNoEditorTargetPlatform
[2019.04.25-08.20.03:727][  0]LogTemp: Display: Loaded TP MacServerTargetPlatform
[2019.04.25-08.20.03:835][  0]LogTemp: Display: Loaded TP MacTargetPlatform
[2019.04.25-08.20.03:902][  0]LogTemp: Display: Loaded TP WindowsClientTargetPlatform
[2019.04.25-08.20.03:949][  0]LogTemp: Display: Loaded TP WindowsNoEditorTargetPlatform
[2019.04.25-08.20.03:994][  0]LogTemp: Display: Loaded TP WindowsServerTargetPlatform
[2019.04.25-08.20.04:043][  0]LogTemp: Display: Loaded TP WindowsTargetPlatform
[2019.04.25-08.20.04:086][  0]LogTemp: Display: Loaded TP Android_ASTCTargetPlatform
[2019.04.25-08.20.04:126][  0]LogTemp: Display: Loaded TP Android_ATCTargetPlatform
[2019.04.25-08.20.04:169][  0]LogTemp: Display: Loaded TP Android_DXTTargetPlatform
[2019.04.25-08.20.04:278][  0]LogTemp: Display: Loaded TP Android_ETC1TargetPlatform
[2019.04.25-08.20.04:346][  0]LogTemp: Display: Loaded TP Android_ETC2TargetPlatform
[2019.04.25-08.20.04:443][  0]LogTemp: Display: Loaded TP Android_MultiTargetPlatform
[2019.04.25-08.20.04:444][  0]LogTemp: Display: Loaded TP Android_PVRTCTargetPlatform
[2019.04.25-08.20.04:584][  0]LogTemp: Display: Loaded TP AndroidTargetPlatform
[2019.04.25-08.20.04:662][  0]LogTemp: Display: Loaded TP HTML5TargetPlatform
[2019.04.25-08.20.04:898][  0]LogTemp: Display: Loaded TP IOSTargetPlatform
[2019.04.25-08.20.04:934][  0]LogTemp: Display: Loaded TP TVOSTargetPlatform
[2019.04.25-08.20.05:028][  0]LogTemp: Display: Loaded TP LinuxClientTargetPlatform
[2019.04.25-08.20.05:098][  0]LogTemp: Display: Loaded TP LinuxNoEditorTargetPlatform
[2019.04.25-08.20.05:164][  0]LogTemp: Display: Loaded TP LinuxServerTargetPlatform
[2019.04.25-08.20.05:240][  0]LogTemp: Display: Loaded TP LinuxTargetPlatform
[2019.04.25-08.20.05:240][  0]LogTargetPlatformManager: Display: Building Assets For Windows
[2019.04.25-08.20.06:581][  0]LogDerivedDataCache: Display: Max Cache Size: 512 MB
[2019.04.25-08.20.06:724][  0]LogDerivedDataCache: Loaded boot cache 0.14s 78MB C:/Users/Coord 26/AppData/Local/UnrealEngine/4.18/DerivedDataCache/Boot.ddc.
[2019.04.25-08.20.06:724][  0]LogDerivedDataCache: Display: Loaded Boot cache: C:/Users/Coord 26/AppData/Local/UnrealEngine/4.18/DerivedDataCache/Boot.ddc
[2019.04.25-08.20.06:724][  0]LogDerivedDataCache: FDerivedDataBackendGraph:  Pak pak cache file C:/Users/Coord 26/Documents/Unreal Projects/MyProject/DerivedDataCache/DDC.ddp not found, will not use a pak cache.
[2019.04.25-08.20.06:724][  0]LogDerivedDataCache: Unable to find inner node Pak for hierarchical cache Hierarchy.
[2019.04.25-08.20.06:724][  0]LogDerivedDataCache: FDerivedDataBackendGraph:  CompressedPak pak cache file C:/Users/Coord 26/Documents/Unreal Projects/MyProject/DerivedDataCache/Compressed.ddp not found, will not use a pak cache.
[2019.04.25-08.20.06:724][  0]LogDerivedDataCache: Unable to find inner node CompressedPak for hierarchical cache Hierarchy.
[2019.04.25-08.20.06:851][  0]LogDerivedDataCache: Display: Pak cache opened for reading ../../../Engine/DerivedDataCache/Compressed.ddp.
[2019.04.25-08.20.06:866][  0]LogDerivedDataCache: Using Local data cache path C:/Users/Coord 26/AppData/Local/UnrealEngine/Common/DerivedDataCache: Writable
[2019.04.25-08.20.06:977][  0]LogMaterial: Verifying Global Shaders for PCD3D_SM5
[2019.04.25-08.20.07:047][  0]LogSlate: Using Freetype 2.6.0
[2019.04.25-08.20.07:148][  0]LogSlate: SlateFontCache - WITH_FREETYPE: 1, WITH_HARFBUZZ: 1
[2019.04.25-08.20.07:151][  0]LogSlate: SlateFontCache - WITH_FREETYPE: 1, WITH_HARFBUZZ: 1
[2019.04.25-08.20.15:350][  0]LogInit: Selected Device Profile: [Windows]
[2019.04.25-08.20.17:417][  0]LogSimplygon: Simplygon DLL not present - disabling.
[2019.04.25-08.20.17:640][  0]LogMeshReduction: Using SimplygonSwarm for distributed automatic mesh merging
[2019.04.25-08.20.17:641][  0]LogMeshReduction: Using QuadricMeshReduction for automatic static mesh reduction
[2019.04.25-08.20.17:641][  0]LogMeshReduction: No automatic skeletal mesh reduction module available
[2019.04.25-08.20.17:641][  0]LogMeshReduction: No automatic mesh merging module available
[2019.04.25-08.20.17:641][  0]LogMeshMerging: No automatic mesh merging module available
[2019.04.25-08.20.18:320][  0]LogNetVersion: MyProject , NetCL: 3709383, EngineNetVer: 2, GameNetVer: 0 (Checksum: 1490074681)
[2019.04.25-08.20.20:286][  0]LogAssetRegistry: FAssetRegistry took 0.0524 seconds to start up
[2019.04.25-08.20.26:773][  0]LogPackageLocalizationCache: Processed 7 localized package path(s) for 2 prioritized culture(s) in 0.101958 seconds
[2019.04.25-08.20.26:815][  0]LogUObjectArray: 35870 objects as part of root set at end of initial load.
[2019.04.25-08.20.26:817][  0]LogUObjectAllocator: 7363696 out of 0 bytes used by permanent object pool.
[2019.04.25-08.20.26:817][  0]LogUObjectArray: CloseDisregardForGC: 0/0 objects in disregard for GC pool
[2019.04.25-08.20.26:943][  0]LogInit: WinSock: version 1.1 (2.2), MaxSocks=32767, MaxUdp=65467
[2019.04.25-08.20.50:339][  0]LogTcpMessaging: Initializing TcpMessaging bridge
[2019.04.25-08.20.50:464][  0]LogUdpMessaging: Initializing bridge on interface 0.0.0.0:0 to multicast group 230.0.0.1:6666.
[2019.04.25-08.20.52:995][  0]LogMaterial: Uniform references updated for custom material expression Custom.
[2019.04.25-08.20.54:834][  0]SourceControl: Source control is disabled
[2019.04.25-08.20.54:837][  0]SourceControl: Source control is disabled
[2019.04.25-08.20.55:017][  0]SourceControl: Source control is disabled
[2019.04.25-08.20.55:165][  0]SourceControl: Source control is disabled
[2019.04.25-08.20.57:562][  0]LogAndroidPermission: UAndroidPermissionCallbackProxy::GetInstance
[2019.04.25-08.20.57:875][  0]LogOcInput: OculusInput pre-init called
[2019.04.25-08.20.58:925][  0]LogEngine: Initializing Engine...
[2019.04.25-08.20.59:036][  0]LogHMD: Failed to initialize OpenVR with code 110
[2019.04.25-08.21.00:563][  0]LogStats: UGameplayTagsManager::ConstructGameplayTagTree: Construct from data asset -  0.000 s
[2019.04.25-08.21.00:569][  0]LogStats: UGameplayTagsManager::ConstructGameplayTagTree: GameplayTagTreeChangedEvent.Broadcast -  0.005 s
[2019.04.25-08.21.01:308][  0]LogAIModule: Creating AISystem for world Untitled
[2019.04.25-08.21.01:717][  0]LogInit: XAudio2 using 'Speakers (Realtek High Definition Audio)' : 2 channels at 48 kHz using 32 bits per sample (channel mask 0x3)
[2019.04.25-08.21.01:832][  0]LogInit: FAudioDevice initialized.
[2019.04.25-08.21.01:957][  0]LogDerivedDataCache: Saved boot cache 0.09s 78MB C:/Users/Coord 26/AppData/Local/UnrealEngine/4.18/DerivedDataCache/Boot.ddc.
[2019.04.25-08.21.02:002][  0]LogInit: Texture streaming: Enabled
[2019.04.25-08.21.02:526][  0]LogEngineSessionManager: EngineSessionManager initialized
[2019.04.25-08.21.03:145][  0]LogInit: Transaction tracking system initialized
[2019.04.25-08.21.04:048][  0]BlueprintLog: New page: Editor Load
[2019.04.25-08.21.07:359][  0]LocalizationService: Localization service is disabled
[2019.04.25-08.21.09:419][  0]LogConsoleResponse: Display: 
[2019.04.25-08.21.11:947][  0]LogFileCache: Scanning file cache for directory 'C:/Users/Coord 26/Documents/Unreal Projects/MyProject/Content/' took 0.03s
[2019.04.25-08.21.11:947][  0]LogCook: Display: Max memory allowance for cook 16384mb min free memory 0mb
[2019.04.25-08.21.11:949][  0]LogCook: Display: Mobile HDR setting 1
[2019.04.25-08.21.11:961][  0]LogGameplayTags: Display: UGameplayTagsManager::DoneAddingNativeTags. DelegateIsBound: 0
[2019.04.25-08.21.15:518][  0]SourceControl: Source control is disabled
[2019.04.25-08.21.15:549][  0]Cmd: MAP LOAD FILE="../../../Engine/Content/Maps/Templates/Template_Default.umap" TEMPLATE=1 SHOWPROGRESS=1 FEATURELEVEL=3
[2019.04.25-08.21.15:608][  0]LightingResults: New page: Lighting Build
[2019.04.25-08.21.15:885][  0]MapCheck: New page: Map Check
[2019.04.25-08.21.15:885][  0]LightingResults: New page: Lighting Build
[2019.04.25-08.21.18:345][  0]LogAIModule: Creating AISystem for world Untitled_1
[2019.04.25-08.21.19:062][  0]LogEditorServer: Finished looking for orphan Actors (0.000 secs)
[2019.04.25-08.21.19:201][  0]Cmd: MAP CHECKDEP NOCLEARLOG
[2019.04.25-08.21.19:287][  0]MapCheck: Map check complete: 0 Error(s), 0 Warning(s), took 86.018ms to complete.
[2019.04.25-08.21.19:308][  0]LogFileHelpers: Loading map 'Template_Default' took 3.770
[2019.04.25-08.21.21:508][  0]LogCollectionManager: Loaded 0 collections in 0.001052 seconds
[2019.04.25-08.21.21:698][  0]LogFileCache: Scanning file cache for directory 'C:/Users/Coord 26/Documents/Unreal Projects/MyProject/Saved/Collections/' took 0.01s
[2019.04.25-08.21.21:698][  0]LogFileCache: Scanning file cache for directory 'C:/Users/Coord 26/Documents/Unreal Projects/MyProject/Content/Developers/Coord26/Collections/' took 0.01s
[2019.04.25-08.21.21:698][  0]LogFileCache: Scanning file cache for directory 'C:/Users/Coord 26/Documents/Unreal Projects/MyProject/Content/Collections/' took 0.01s
[2019.04.25-08.21.21:698][  0]LogCollectionManager: Rebuilt the GUID cache for 0 collections in 0.000000 seconds
[2019.04.25-08.21.21:706][  0]LogContentBrowser: Native class hierarchy populated in 0.0067 seconds. Added 2363 classes and 519 folders.
[2019.04.25-08.21.21:974][  0]LogContentBrowser: Native class hierarchy updated for 'WidgetCarousel' in 0.0002 seconds. Added 0 classes and 0 folders.
[2019.04.25-08.21.23:048][  0]LogContentBrowser: Native class hierarchy updated for 'AddContentDialog' in 0.0008 seconds. Added 0 classes and 0 folders.
[2019.04.25-08.21.23:244][  0]LogContentBrowser: Native class hierarchy updated for 'SceneOutliner' in 0.0006 seconds. Added 1 classes and 2 folders.
[2019.04.25-08.21.26:291][  0]LogSlate: Took 0.015578 seconds to synchronously load lazily loaded font '../../../Engine/Content/Slate/Fonts/Roboto-Regular.ttf' (155K)
[2019.04.25-08.21.26:327][  0]LogSlate: Took 0.005341 seconds to synchronously load lazily loaded font '../../../Engine/Content/Slate/Fonts/Roboto-Bold.ttf' (160K)
[2019.04.25-08.21.26:439][  0]LogSlate: Took 0.004895 seconds to synchronously load lazily loaded font '../../../Engine/Content/Editor/Slate/Fonts/FontAwesome.ttf' (139K)
[2019.04.25-08.21.27:219][  0]LogRenderer: Reallocating scene render targets to support 1616x808 Format 10 NumSamples 1 (Frame:1).
[2019.04.25-08.21.28:305][  0]LogContentBrowser: Native class hierarchy updated for 'HierarchicalLODOutliner' in 0.0003 seconds. Added 1 classes and 2 folders.
[2019.04.25-08.21.28:305][  0]LogLoad: (Engine Initialization) Total time: 114.01 seconds
[2019.04.25-08.21.28:305][  0]LogLoad: (Engine Initialization) Total Blueprint compile time: 0.00 seconds
[2019.04.25-08.21.28:315][  0]LogExternalProfiler: No external profilers were discovered.  External profiling features will not be available.
[2019.04.25-08.21.29:163][  0]LogContentStreaming: Texture pool size now 1000 MB
[2019.04.25-08.21.30:208][  3]LogAssetRegistry: Asset discovery search completed in 69.9455 seconds
[2019.04.25-08.21.30:226][  3]LogCollectionManager: Rebuilt the object cache for 0 collections in 0.000001 seconds (found 0 objects)
[2019.04.25-08.21.30:226][  3]LogCollectionManager: Fixed up redirectors for 0 collections in 0.010371 seconds (updated 0 objects)
[2019.04.25-08.21.54:487][358]LogSlate: Took 0.010126 seconds to synchronously load lazily loaded font '../../../Engine/Content/Slate/Fonts/Roboto-Light.ttf' (159K)
[2019.04.25-08.21.56:730][515]LogSlate: Took 0.000179 seconds to synchronously load lazily loaded font '../../../Engine/Content/Slate/Fonts/Roboto-Light.ttf' (159K)
[2019.04.25-08.22.20:964][580]LogContentBrowser: Native class hierarchy updated for 'MaterialEditor' in 0.0107 seconds. Added 1 classes and 0 folders.
[2019.04.25-08.22.20:985][580]LogMaterial: Missing cached shader map for material lambert1, compiling. 
[2019.04.25-08.22.21:523][580]LogSlate: Took 0.000152 seconds to synchronously load lazily loaded font '../../../Engine/Content/Slate/Fonts/Roboto-Regular.ttf' (155K)
[2019.04.25-08.22.22:637][580]LogMaterial: Missing cached shader map for material lambert1, compiling. 
[2019.04.25-08.22.22:709][580]LogMaterial: Missing cached shader map for material FMatExpressionPreview MaterialExpressionVectorParameter_0, compiling. 
[2019.04.25-08.22.22:816][580]LogSlate: Took 0.069533 seconds to synchronously load lazily loaded font '../../../Engine/Content/Editor/Slate/Fonts/Roboto-BoldCondensed.ttf' (158K)
[2019.04.25-08.22.24:547][581]LogSlate: Took 0.059145 seconds to synchronously load lazily loaded font '../../../Engine/Content/Editor/Slate/Fonts/Roboto-Italic.ttf' (157K)
[2019.04.25-08.22.26:709][766]MaterialEditorStats: Base pass shader: 101 instructions
[2019.04.25-08.22.26:710][766]MaterialEditorStats: Base pass shader with Volumetric Lightmap: 174 instructions
[2019.04.25-08.22.26:710][766]MaterialEditorStats: Vertex shader: 29 instructions
[2019.04.25-08.22.26:710][766]MaterialEditorStats: Texture samplers: 2/16
[2019.04.25-08.22.41:221][367]Cmd: OBJ SAVEPACKAGE PACKAGE="/Game/Tankbits/lambert1" FILE="C:/Users/Coord 26/Documents/Unreal Projects/MyProject/Content/Tankbits/lambert1.uasset" SILENT=true
[2019.04.25-08.22.41:315][367]LogSavePackage: Save=69.27ms
[2019.04.25-08.22.41:315][367]LogSavePackage: Moving 'C:/Users/Coord 26/Documents/Unreal Projects/MyProject/Saved/lambert19D44EF034046F56A448D128222F4990C.tmp' to 'C:/Users/Coord 26/Documents/Unreal Projects/MyProject/Content/Tankbits/lambert1.uasset'
[2019.04.25-08.22.41:327][367]LogSavePackage: Display: Finished SavePackage C:/Users/Coord 26/Documents/Unreal Projects/MyProject/Content/Tankbits/lambert1.uasset
[2019.04.25-08.22.41:471][367]Cmd: OBJ SAVEPACKAGE PACKAGE="/Game/Tankbits/BaseTank_Barrel" FILE="C:/Users/Coord 26/Documents/Unreal Projects/MyProject/Content/Tankbits/BaseTank_Barrel.uasset" SILENT=true
[2019.04.25-08.22.41:503][367]LogSavePackage: Save=8.91ms
[2019.04.25-08.22.41:503][367]LogSavePackage: Moving 'C:/Users/Coord 26/Documents/Unreal Projects/MyProject/Saved/BaseTank_Barrel044665F04BE0EB010883C7A32F526996.tmp' to 'C:/Users/Coord 26/Documents/Unreal Projects/MyProject/Content/Tankbits/BaseTank_Barrel.uasset'
[2019.04.25-08.22.41:505][367]LogSavePackage: Display: Finished SavePackage C:/Users/Coord 26/Documents/Unreal Projects/MyProject/Content/Tankbits/BaseTank_Barrel.uasset
[2019.04.25-08.22.41:515][367]Cmd: OBJ SAVEPACKAGE PACKAGE="/Game/Tankbits/BaseTank_Body" FILE="C:/Users/Coord 26/Documents/Unreal Projects/MyProject/Content/Tankbits/BaseTank_Body.uasset" SILENT=true
[2019.04.25-08.22.41:538][367]LogSavePackage: Save=10.62ms
[2019.04.25-08.22.41:538][367]LogSavePackage: Moving 'C:/Users/Coord 26/Documents/Unreal Projects/MyProject/Saved/BaseTank_Body04A22DFA45FCAAA2E79064A9E157919C.tmp' to 'C:/Users/Coord 26/Documents/Unreal Projects/MyProject/Content/Tankbits/BaseTank_Body.uasset'
[2019.04.25-08.22.41:540][367]LogSavePackage: Display: Finished SavePackage C:/Users/Coord 26/Documents/Unreal Projects/MyProject/Content/Tankbits/BaseTank_Body.uasset
[2019.04.25-08.22.41:552][367]Cmd: OBJ SAVEPACKAGE PACKAGE="/Game/Tankbits/BaseTank_Turret" FILE="C:/Users/Coord 26/Documents/Unreal Projects/MyProject/Content/Tankbits/BaseTank_Turret.uasset" SILENT=true
[2019.04.25-08.22.41:571][367]LogSavePackage: Save=9.62ms
[2019.04.25-08.22.41:572][367]LogSavePackage: Moving 'C:/Users/Coord 26/Documents/Unreal Projects/MyProject/Saved/BaseTank_TurretDA19E7AA4941AB3375D63ABA4E739655.tmp' to 'C:/Users/Coord 26/Documents/Unreal Projects/MyProject/Content/Tankbits/BaseTank_Turret.uasset'
[2019.04.25-08.22.41:573][367]LogSavePackage: Display: Finished SavePackage C:/Users/Coord 26/Documents/Unreal Projects/MyProject/Content/Tankbits/BaseTank_Turret.uasset
[2019.04.25-08.22.41:583][367]Cmd: OBJ SAVEPACKAGE PACKAGE="/Game/Tankbits/Bullet" FILE="C:/Users/Coord 26/Documents/Unreal Projects/MyProject/Content/Tankbits/Bullet.uasset" SILENT=true
[2019.04.25-08.22.41:602][367]LogSavePackage: Save=9.13ms
[2019.04.25-08.22.41:602][367]LogSavePackage: Moving 'C:/Users/Coord 26/Documents/Unreal Projects/MyProject/Saved/Bullet81EDEDFF4F3C62569486FDA9F0F67059.tmp' to 'C:/Users/Coord 26/Documents/Unreal Projects/MyProject/Content/Tankbits/Bullet.uasset'
[2019.04.25-08.22.41:602][367]LogSavePackage: Display: Finished SavePackage C:/Users/Coord 26/Documents/Unreal Projects/MyProject/Content/Tankbits/Bullet.uasset
[2019.04.25-08.22.41:613][367]Cmd: OBJ SAVEPACKAGE PACKAGE="/Game/Tankbits/L_Track" FILE="C:/Users/Coord 26/Documents/Unreal Projects/MyProject/Content/Tankbits/L_Track.uasset" SILENT=true
[2019.04.25-08.22.41:631][367]LogSavePackage: Save=8.92ms
[2019.04.25-08.22.41:631][367]LogSavePackage: Moving 'C:/Users/Coord 26/Documents/Unreal Projects/MyProject/Saved/L_Track3F9F698E4A4DF191346BC08E27D45B22.tmp' to 'C:/Users/Coord 26/Documents/Unreal Projects/MyProject/Content/Tankbits/L_Track.uasset'
[2019.04.25-08.22.41:632][367]LogSavePackage: Display: Finished SavePackage C:/Users/Coord 26/Documents/Unreal Projects/MyProject/Content/Tankbits/L_Track.uasset
[2019.04.25-08.22.41:643][367]Cmd: OBJ SAVEPACKAGE PACKAGE="/Game/Tankbits/R_Track" FILE="C:/Users/Coord 26/Documents/Unreal Projects/MyProject/Content/Tankbits/R_Track.uasset" SILENT=true
[2019.04.25-08.22.41:661][367]LogSavePackage: Save=8.55ms
[2019.04.25-08.22.41:661][367]LogSavePackage: Moving 'C:/Users/Coord 26/Documents/Unreal Projects/MyProject/Saved/R_TrackB3D89411481512AC80940D833EB9B02F.tmp' to 'C:/Users/Coord 26/Documents/Unreal Projects/MyProject/Content/Tankbits/R_Track.uasset'
[2019.04.25-08.22.41:663][367]LogSavePackage: Display: Finished SavePackage C:/Users/Coord 26/Documents/Unreal Projects/MyProject/Content/Tankbits/R_Track.uasset
[2019.04.25-08.22.48:474][693]LogAIModule: Creating AISystem for world NewMap
[2019.04.25-08.23.04:175][168]LogBlueprint: Warning: [Compiler Prototank] InputAction Event references unknown Action 'Jump' for  InputAction Jump
[2019.04.25-08.23.04:258][168]LogBlueprint: Warning: [Compiler Prototank] [0209.96] Compile of Prototank successful, but with 1 Warning(s) [in 596 ms] (/Game/Prototank.Prototank)
[2019.04.25-08.23.04:417][168]LogAIModule: Creating AISystem for world Protogame
[2019.04.25-08.23.14:810][589]LogLinker: Warning: Can't find file '/Game/Untitled_BuiltData'
[2019.04.25-08.23.14:810][589]LogLinker: Warning: Can't find file for asset '/Game/Untitled_BuiltData' while loading C:/Users/Coord 26/Documents/Unreal Projects/MyProject/Content/Untitled.umap.
[2019.04.25-08.23.14:810][589]LoadErrors: Error: /Game/Untitled : Can't find file for asset. /Game/Untitled_BuiltData
[2019.04.25-08.23.14:811][589]LogLinker: Warning: Can't find file '/Game/Untitled_BuiltData'
[2019.04.25-08.23.14:811][589]LogLinker: Warning: Can't find file for asset '/Game/Untitled_BuiltData' while loading C:/Users/Coord 26/Documents/Unreal Projects/MyProject/Content/Untitled.umap.
[2019.04.25-08.23.14:815][589]LogLinker: Warning: Can't find file '/Game/Untitled_BuiltData'
[2019.04.25-08.23.14:815][589]LoadErrors: Failed to load /Game/Untitled_BuiltData.Untitled_BuiltData Referenced by PersistentLevel
[2019.04.25-08.23.14:815][589]LogLinker: Warning: Can't find file for asset '/Game/Untitled_BuiltData' while loading NULL.
[2019.04.25-08.23.14:819][589]LogAIModule: Creating AISystem for world Untitled
[2019.04.25-08.23.37:978][307]LogTemp: Repeating last play command: Selected Viewport
[2019.04.25-08.23.38:038][307]LogPlayLevel: PlayLevel: No blueprints needed recompiling
[2019.04.25-08.23.38:230][307]PIE: New page: PIE session: Untitled_1 (25 Apr 2019 10:23:38)
[2019.04.25-08.23.38:230][307]LogPlayLevel: Creating play world package: /Temp/UEDPIE_0_Untitled_1
[2019.04.25-08.23.38:239][307]LogPlayLevel: PIE: StaticDuplicateObject took: (0.008956s)
[2019.04.25-08.23.38:240][307]LogAIModule: Creating AISystem for world Untitled_1
[2019.04.25-08.23.38:258][307]LogPlayLevel: PIE: World Init took: (0.019291s)
[2019.04.25-08.23.38:259][307]LogPlayLevel: PIE: Created PIE world by copying editor world from /Temp/Untitled_1.Untitled_1 to /Temp/UEDPIE_0_Untitled_1.Untitled_1 (0.028626s)
[2019.04.25-08.23.38:326][307]LogInit: XAudio2 using 'Speakers (Realtek High Definition Audio)' : 2 channels at 48 kHz using 32 bits per sample (channel mask 0x3)
[2019.04.25-08.23.38:374][307]LogInit: FAudioDevice initialized.
[2019.04.25-08.23.38:455][307]LogLoad: Game class is 'ProtoGamemode_C'
[2019.04.25-08.23.38:591][307]LogWorld: Bringing World /Temp/UEDPIE_0_Untitled_1.Untitled_1 up for play (max tick rate 0) at 2019.04.25-09.23.38
[2019.04.25-08.23.38:612][307]LogWorld: Bringing up level for play took: 0.021766
[2019.04.25-08.23.38:872][307]LogContentBrowser: Native class hierarchy updated for 'MovieSceneCapture' in 0.0002 seconds. Added 11 classes and 0 folders.
[2019.04.25-08.23.38:933][307]PIE: Play in editor start time for /Temp/UEDPIE_0_Untitled_1 0.633
[2019.04.25-08.24.18:894][ 32]LogWindowsTextInputMethodSystem: Display: IME system now deactivated.
[2019.04.25-08.24.19:209][ 33]Cmd: QUIT_EDITOR
[2019.04.25-08.24.19:817][ 33]LogExit: Preparing to exit.
[2019.04.25-08.24.21:005][ 33]LogExit: Editor shut down
[2019.04.25-08.24.21:006][ 33]LogExit: Transaction tracking system shut down
[2019.04.25-08.24.21:193][ 33]LogDirectoryWatcher: A directory notification for '../../../Engine/Content/' was aborted.
[2019.04.25-08.24.21:193][ 33]LogDirectoryWatcher: A directory notification for 'C:/Users/Coord 26/Documents/Unreal Projects/MyProject/Content/' was aborted.
[2019.04.25-08.24.21:193][ 33]LogDirectoryWatcher: A directory notification for '../../../Engine/Plugins/2D/Paper2D/Content/' was aborted.
[2019.04.25-08.24.21:194][ 33]LogDirectoryWatcher: A directory notification for '../../../Engine/Plugins/Media/MediaCompositing/Content/' was aborted.
[2019.04.25-08.24.21:194][ 33]LogDirectoryWatcher: A directory notification for '../../../Engine/Plugins/Runtime/AppleARKit/Content/' was aborted.
[2019.04.25-08.24.21:194][ 33]LogDirectoryWatcher: A directory notification for '../../../Engine/Plugins/Runtime/Oculus/OculusVR/Content/' was aborted.
[2019.04.25-08.24.21:194][ 33]LogDirectoryWatcher: A directory notification for '../../../Engine/Plugins/Runtime/Steam/SteamVR/Content/' was aborted.
[2019.04.25-08.24.22:082][ 33]LogExit: Object subsystem successfully closed.
[2019.04.25-08.24.22:267][ 33]LogD3D11RHI: Shutdown
[2019.04.25-08.24.22:302][ 33]LogD3D11RHI: CleanupD3DDevice
[2019.04.25-08.24.22:320][ 33]LogD3D11RHI: ~FD3D11DynamicRHI
[2019.04.25-08.24.23:128][ 33]LogModuleManager: Shutting down and abandoning module MovieSceneCapture (554)
[2019.04.25-08.24.23:128][ 33]LogModuleManager: Shutting down and abandoning module MaterialEditor (552)
[2019.04.25-08.24.23:128][ 33]LogModuleManager: Shutting down and abandoning module HierarchicalLODOutliner (550)
[2019.04.25-08.24.23:128][ 33]LogModuleManager: Shutting down and abandoning module SceneOutliner (548)
[2019.04.25-08.24.23:128][ 33]LogModuleManager: Shutting down and abandoning module AddContentDialog (546)
[2019.04.25-08.24.23:156][ 33]LogDirectoryWatcher: A directory notification for 'G:/UE_4.18/FeaturePacks/' was aborted.
[2019.04.25-08.24.23:156][ 33]LogModuleManager: Shutting down and abandoning module WidgetCarousel (545)
[2019.04.25-08.24.23:156][ 33]LogModuleManager: Shutting down and abandoning module EditorWidgets (542)
[2019.04.25-08.24.23:156][ 33]LogModuleManager: Shutting down and abandoning module CollectionManager (540)
[2019.04.25-08.24.23:162][ 33]LogDirectoryWatcher: A directory notification for 'C:/Users/Coord 26/Documents/Unreal Projects/MyProject/Content/Collections/' was aborted.
[2019.04.25-08.24.23:163][ 33]LogDirectoryWatcher: A directory notification for 'C:/Users/Coord 26/Documents/Unreal Projects/MyProject/Content/Developers/Coord26/Collections/' was aborted.
[2019.04.25-08.24.23:163][ 33]LogDirectoryWatcher: A directory notification for 'C:/Users/Coord 26/Documents/Unreal Projects/MyProject/Saved/Collections/' was aborted.
[2019.04.25-08.24.23:163][ 33]LogModuleManager: Shutting down and abandoning module HierarchicalLODUtilities (538)
[2019.04.25-08.24.23:168][ 33]LogModuleManager: Shutting down and abandoning module StatsViewer (536)
[2019.04.25-08.24.23:173][ 33]LogModuleManager: Shutting down and abandoning module FoliageEdit (534)
[2019.04.25-08.24.23:173][ 33]LogModuleManager: Shutting down and abandoning module LandscapeEditor (532)
[2019.04.25-08.24.23:183][ 33]LogModuleManager: Shutting down and abandoning module MeshPaintMode (530)
[2019.04.25-08.24.23:183][ 33]LogModuleManager: Shutting down and abandoning module SceneDepthPickerMode (528)
[2019.04.25-08.24.23:183][ 33]LogModuleManager: Shutting down and abandoning module ActorPickerMode (526)
[2019.04.25-08.24.23:183][ 33]LogModuleManager: Shutting down and abandoning module GeometryMode (524)
[2019.04.25-08.24.23:183][ 33]LogModuleManager: Shutting down and abandoning module TextureAlignMode (522)
[2019.04.25-08.24.23:183][ 33]LogModuleManager: Shutting down and abandoning module BspMode (520)
[2019.04.25-08.24.23:183][ 33]LogModuleManager: Shutting down and abandoning module PIEPreviewDeviceProfileSelector (518)
[2019.04.25-08.24.23:183][ 33]LogModuleManager: Shutting down and abandoning module HardwareSurvey (516)
[2019.04.25-08.24.23:183][ 33]LogModuleManager: Shutting down and abandoning module SequenceRecorderSections (514)
[2019.04.25-08.24.23:191][ 33]LogModuleManager: Shutting down and abandoning module AutomationWorker (512)
[2019.04.25-08.24.23:198][ 33]LogModuleManager: Shutting down and abandoning module MatineeToLevelSequence (510)
[2019.04.25-08.24.23:209][ 33]LogModuleManager: Shutting down and abandoning module LevelSequenceEditor (508)
[2019.04.25-08.24.23:248][ 33]LogModuleManager: Shutting down and abandoning module PlacementMode (507)
[2019.04.25-08.24.23:249][ 33]LogModuleManager: Shutting down and abandoning module WmfMediaFactory (504)
[2019.04.25-08.24.23:249][ 33]LogModuleManager: Shutting down and abandoning module WmfMediaEditor (502)
[2019.04.25-08.24.23:249][ 33]LogModuleManager: Shutting down and abandoning module OpenExrWrapper (500)
[2019.04.25-08.24.23:249][ 33]LogModuleManager: Shutting down and abandoning module ImgMediaFactory (498)
[2019.04.25-08.24.23:249][ 33]LogModuleManager: Shutting down and abandoning module ImgMediaEditor (496)
[2019.04.25-08.24.23:249][ 33]LogModuleManager: Shutting down and abandoning module AvfMediaFactory (494)
[2019.04.25-08.24.23:249][ 33]LogModuleManager: Shutting down and abandoning module AvfMediaEditor (492)
[2019.04.25-08.24.23:249][ 33]LogModuleManager: Shutting down and abandoning module AndroidMediaFactory (490)
[2019.04.25-08.24.23:249][ 33]LogModuleManager: Shutting down and abandoning module AndroidMediaEditor (488)
[2019.04.25-08.24.23:249][ 33]LogModuleManager: Shutting down and abandoning module CharacterAI (486)
[2019.04.25-08.24.23:249][ 33]LogModuleManager: Shutting down and abandoning module AudioCapture (484)
[2019.04.25-08.24.23:260][ 33]LogModuleManager: Shutting down and abandoning module SequenceRecorder (483)
[2019.04.25-08.24.23:261][ 33]LogModuleManager: Shutting down and abandoning module SmartSnapping (480)
[2019.04.25-08.24.23:261][ 33]LogModuleManager: Shutting down and abandoning module SessionServices (478)
[2019.04.25-08.24.23:261][ 33]LogModuleManager: Shutting down and abandoning module ViewportSnapping (476)
[2019.04.25-08.24.23:261][ 33]LogModuleManager: Shutting down and abandoning module ViewportInteraction (474)
[2019.04.25-08.24.23:261][ 33]LogModuleManager: Shutting down and abandoning module ClothPainter (472)
[2019.04.25-08.24.23:278][ 33]LogModuleManager: Shutting down and abandoning module SkeletalMeshEditor (471)
[2019.04.25-08.24.23:290][ 33]LogModuleManager: Shutting down and abandoning module LogVisualizer (468)
[2019.04.25-08.24.23:306][ 33]LogModuleManager: Shutting down and abandoning module IntroTutorials (466)
[2019.04.25-08.24.23:333][ 33]LogModuleManager: Shutting down and abandoning module GameProjectGeneration (465)
[2019.04.25-08.24.23:342][ 33]LogModuleManager: Shutting down and abandoning module IOSPlatformEditor (462)
[2019.04.25-08.24.23:342][ 33]LogModuleManager: Shutting down and abandoning module HTML5PlatformEditor (460)
[2019.04.25-08.24.23:342][ 33]LogModuleManager: Shutting down and abandoning module AndroidPlatformEditor (458)
[2019.04.25-08.24.23:342][ 33]LogModuleManager: Shutting down and abandoning module AndroidDeviceDetection (457)
[2019.04.25-08.24.23:410][ 33]LogModuleManager: Shutting down and abandoning module WindowsPlatformEditor (454)
[2019.04.25-08.24.23:410][ 33]LogModuleManager: Shutting down and abandoning module IOSRuntimeSettings (452)
[2019.04.25-08.24.23:410][ 33]LogModuleManager: Shutting down and abandoning module AndroidRuntimeSettings (450)
[2019.04.25-08.24.23:410][ 33]LogModuleManager: Shutting down and abandoning module InputBindingEditor (448)
[2019.04.25-08.24.23:410][ 33]LogModuleManager: Shutting down and abandoning module MergeActors (446)
[2019.04.25-08.24.23:513][ 33]LogModuleManager: Shutting down and abandoning module SizeMap (444)
[2019.04.25-08.24.23:513][ 33]LogModuleManager: Shutting down and abandoning module TreeMap (442)
[2019.04.25-08.24.23:534][ 33]LogModuleManager: Shutting down and abandoning module ReferenceViewer (440)
[2019.04.25-08.24.23:534][ 33]LogModuleManager: Shutting down and abandoning module LocalizationDashboard (438)
[2019.04.25-08.24.23:546][ 33]LogModuleManager: Shutting down and abandoning module LocalizationService (437)
[2019.04.25-08.24.23:560][ 33]LogModuleManager: Shutting down and abandoning module HardwareTargeting (434)
[2019.04.25-08.24.23:560][ 33]LogModuleManager: Shutting down and abandoning module DeviceProfileEditor (432)
[2019.04.25-08.24.23:560][ 33]LogModuleManager: Shutting down and abandoning module UndoHistory (430)
[2019.04.25-08.24.23:560][ 33]LogModuleManager: Shutting down and abandoning module XmlParser (428)
[2019.04.25-08.24.23:560][ 33]LogModuleManager: Shutting down and abandoning module Blutility (426)
[2019.04.25-08.24.23:560][ 33]LogModuleManager: Shutting down and abandoning module ProjectSettingsViewer (424)
[2019.04.25-08.24.23:560][ 33]LogModuleManager: Shutting down and abandoning module ProjectTargetPlatformEditor (423)
[2019.04.25-08.24.23:560][ 33]LogModuleManager: Shutting down and abandoning module EditorSettingsViewer (420)
[2019.04.25-08.24.23:560][ 33]LogModuleManager: Shutting down and abandoning module SettingsEditor (418)
[2019.04.25-08.24.23:581][ 33]LogModuleManager: Shutting down and abandoning module ProjectLauncher (416)
[2019.04.25-08.24.23:595][ 33]LogModuleManager: Shutting down and abandoning module SessionFrontend (414)
[2019.04.25-08.24.23:622][ 33]LogModuleManager: Shutting down and abandoning module ProfilerClient (412)
[2019.04.25-08.24.23:622][ 33]LogModuleManager: Shutting down and abandoning module DeviceManager (410)
[2019.04.25-08.24.23:634][ 33]LogModuleManager: Shutting down and abandoning module TargetDeviceServices (409)
[2019.04.25-08.24.23:700][ 33]LogModuleManager: Shutting down and abandoning module AutomationController (406)
[2019.04.25-08.24.23:710][ 33]LogModuleManager: Shutting down and abandoning module AutomationWindow (404)
[2019.04.25-08.24.23:736][ 33]LogModuleManager: Shutting down and abandoning module Layers (402)
[2019.04.25-08.24.23:756][ 33]LogModuleManager: Shutting down and abandoning module ComponentVisualizers (400)
[2019.04.25-08.24.23:756][ 33]LogModuleManager: Shutting down and abandoning module DetailCustomizations (398)
[2019.04.25-08.24.23:808][ 33]LogModuleManager: Shutting down and abandoning module PackagesDialog (396)
[2019.04.25-08.24.23:808][ 33]LogModuleManager: Shutting down and abandoning module Persona (394)
[2019.04.25-08.24.23:834][ 33]LogModuleManager: Shutting down and abandoning module AdvancedPreviewScene (393)
[2019.04.25-08.24.23:834][ 33]LogModuleManager: Shutting down and abandoning module AnimGraph (391)
[2019.04.25-08.24.23:834][ 33]LogModuleManager: Shutting down and abandoning module Kismet (388)
[2019.04.25-08.24.23:847][ 33]LogModuleManager: Shutting down and abandoning module ClassViewer (386)
[2019.04.25-08.24.23:847][ 33]LogModuleManager: Shutting down and abandoning module Toolbox (384)
[2019.04.25-08.24.23:847][ 33]LogModuleManager: Shutting down and abandoning module ModuleUI (382)
[2019.04.25-08.24.23:851][ 33]LogModuleManager: Shutting down and abandoning module MovieSceneTools (380)
[2019.04.25-08.24.23:864][ 33]LogModuleManager: Shutting down and abandoning module OutputLog (378)
[2019.04.25-08.24.23:878][ 33]LogModuleManager: Shutting down and abandoning module GammaUI (376)
[2019.04.25-08.24.23:888][ 33]LogModuleManager: Shutting down and abandoning module Documentation (374)
[2019.04.25-08.24.23:888][ 33]LogModuleManager: Shutting down and abandoning module MovieSceneTracks (372)
[2019.04.25-08.24.23:888][ 33]LogModuleManager: Shutting down and abandoning module MovieScene (370)
[2019.04.25-08.24.23:888][ 33]LogModuleManager: Shutting down and abandoning module StreamingPauseRendering (368)
[2019.04.25-08.24.23:888][ 33]LogModuleManager: Shutting down and abandoning module LauncherPlatform (366)
[2019.04.25-08.24.23:888][ 33]LogModuleManager: Shutting down and abandoning module AnalyticsET (364)
[2019.04.25-08.24.23:888][ 33]LogModuleManager: Shutting down and abandoning module PortalServices (362)
[2019.04.25-08.24.23:888][ 33]LogModuleManager: Shutting down and abandoning module PortalRpc (360)
[2019.04.25-08.24.23:888][ 33]LogModuleManager: Shutting down and abandoning module MessagingRpc (358)
[2019.04.25-08.24.23:888][ 33]LogModuleManager: Shutting down and abandoning module AIModule (356)
[2019.04.25-08.24.23:888][ 33]LogModuleManager: Shutting down and abandoning module GameplayDebugger (355)
[2019.04.25-08.24.23:888][ 33]LogModuleManager: Shutting down and abandoning module AITestSuite (353)
[2019.04.25-08.24.23:892][ 33]LogModuleManager: Shutting down and abandoning module DesktopPlatform (350)
[2019.04.25-08.24.23:892][ 33]LogModuleManager: Shutting down and abandoning module ProfilerService (348)
[2019.04.25-08.24.23:895][ 33]LogModuleManager: Shutting down and abandoning module TaskGraph (346)
[2019.04.25-08.24.23:925][ 33]LogModuleManager: Shutting down and abandoning module SteamVRController (344)
[2019.04.25-08.24.23:925][ 33]LogModuleManager: Shutting down and abandoning module ProceduralMeshComponentEditor (342)
[2019.04.25-08.24.23:925][ 33]LogModuleManager: Shutting down and abandoning module ProceduralMeshComponent (340)
[2019.04.25-08.24.23:935][ 33]LogModuleManager: Shutting down and abandoning module OculusInput (338)
[2019.04.25-08.24.23:943][ 33]LogModuleManager: Shutting down and abandoning module MobilePatchingUtils (336)
[2019.04.25-08.24.23:943][ 33]LogModuleManager: Shutting down and abandoning module CustomMeshComponent (334)
[2019.04.25-08.24.23:943][ 33]LogModuleManager: Shutting down and abandoning module CableComponent (332)
[2019.04.25-08.24.23:951][ 33]LogModuleManager: Shutting down and abandoning module ArchVisCharacter (330)
[2019.04.25-08.24.23:951][ 33]LogModuleManager: Shutting down and abandoning module AndroidPermission (328)
[2019.04.25-08.24.23:951][ 33]LogModuleManager: Shutting down and abandoning module ActorSequence (324)
[2019.04.25-08.24.23:951][ 33]LogModuleManager: Shutting down and abandoning module MediaPlayerEditor (322)
[2019.04.25-08.24.23:989][ 33]LogModuleManager: Shutting down and abandoning module MediaCompositingEditor (320)
[2019.04.25-08.24.23:989][ 33]LogModuleManager: Shutting down and abandoning module MediaCompositing (318)
[2019.04.25-08.24.23:989][ 33]LogModuleManager: Shutting down and abandoning module HTML5Networking (316)
[2019.04.25-08.24.23:989][ 33]LogModuleManager: Shutting down and abandoning module AlembicImporter (314)
[2019.04.25-08.24.23:998][ 33]LogModuleManager: Shutting down and abandoning module AlembicLibrary (313)
[2019.04.25-08.24.23:998][ 33]LogModuleManager: Shutting down and abandoning module GeometryCache (312)
[2019.04.25-08.24.23:998][ 33]LogModuleManager: Shutting down and abandoning module GeometryCacheEd (311)
[2019.04.25-08.24.23:998][ 33]LogModuleManager: Shutting down and abandoning module SpeedTreeImporter (306)
[2019.04.25-08.24.23:998][ 33]LogModuleManager: Shutting down and abandoning module PluginBrowser (304)
[2019.04.25-08.24.24:030][ 33]LogModuleManager: Shutting down and abandoning module MobileLauncherProfileWizard (302)
[2019.04.25-08.24.24:042][ 33]LogModuleManager: Shutting down and abandoning module VisualStudioSourceCodeAccess (300)
[2019.04.25-08.24.24:042][ 33]LogModuleManager: Shutting down and abandoning module VisualStudioCodeSourceCodeAccess (298)
[2019.04.25-08.24.24:042][ 33]LogModuleManager: Shutting down and abandoning module UObjectPlugin (296)
[2019.04.25-08.24.24:042][ 33]LogModuleManager: Shutting down and abandoning module SubversionSourceControl (294)
[2019.04.25-08.24.24:051][ 33]LogModuleManager: Shutting down and abandoning module PerforceSourceControl (292)
[2019.04.25-08.24.24:063][ 33]LogModuleManager: Shutting down and abandoning module GitSourceControl (290)
[2019.04.25-08.24.24:071][ 33]LogModuleManager: Shutting down and abandoning module SourceControl (289)
[2019.04.25-08.24.24:087][ 33]LogModuleManager: Shutting down and abandoning module LightPropagationVolumeEditor (286)
[2019.04.25-08.24.24:087][ 33]LogModuleManager: Shutting down and abandoning module PaperTiledImporter (284)
[2019.04.25-08.24.24:087][ 33]LogModuleManager: Shutting down and abandoning module PaperSpriteSheetImporter (282)
[2019.04.25-08.24.24:087][ 33]LogModuleManager: Shutting down and abandoning module Paper2DEditor (280)
[2019.04.25-08.24.24:108][ 33]LogModuleManager: Shutting down and abandoning module MeshPaint (279)
[2019.04.25-08.24.24:116][ 33]LogModuleManager: Shutting down and abandoning module LevelEditor (277)
[2019.04.25-08.24.24:132][ 33]LogModuleManager: Shutting down and abandoning module PixelInspectorModule (276)
[2019.04.25-08.24.24:133][ 33]LogModuleManager: Shutting down and abandoning module MainFrame (274)
[2019.04.25-08.24.24:133][ 33]LogModuleManager: Shutting down and abandoning module HotReload (273)
[2019.04.25-08.24.24:141][ 33]LogModuleManager: Shutting down and abandoning module RuntimePhysXCooking (268)
[2019.04.25-08.24.24:141][ 33]LogModuleManager: Shutting down and abandoning module PhysXVehiclesEditor (266)
[2019.04.25-08.24.24:141][ 33]LogModuleManager: Shutting down and abandoning module PhysXVehicles (264)
[2019.04.25-08.24.24:141][ 33]LogModuleManager: Shutting down and abandoning module OculusEditor (262)
[2019.04.25-08.24.24:141][ 33]LogModuleManager: Shutting down and abandoning module LocationServicesBPLibrary (260)
[2019.04.25-08.24.24:141][ 33]LogModuleManager: Shutting down and abandoning module ImmediatePhysicsEditor (258)
[2019.04.25-08.24.24:141][ 33]LogModuleManager: Shutting down and abandoning module ImmediatePhysics (256)
[2019.04.25-08.24.24:153][ 33]LogModuleManager: Shutting down and abandoning module UdpMessaging (254)
[2019.04.25-08.24.24:261][ 33]LogModuleManager: Shutting down and abandoning module TcpMessaging (252)
[2019.04.25-08.24.24:365][ 33]LogModuleManager: Shutting down and abandoning module GameplayTagsEditor (250)
[2019.04.25-08.24.24:385][ 33]LogModuleManager: Shutting down and abandoning module FacialAnimationEditor (248)
[2019.04.25-08.24.24:385][ 33]LogModuleManager: Shutting down and abandoning module FacialAnimation (246)
[2019.04.25-08.24.24:385][ 33]LogModuleManager: Shutting down and abandoning module AssetManagerEditor (244)
[2019.04.25-08.24.24:398][ 33]LogModuleManager: Shutting down and abandoning module GraphEditor (243)
[2019.04.25-08.24.24:398][ 33]LogModuleManager: Shutting down and abandoning module ContentBrowser (241)
[2019.04.25-08.24.24:398][ 33]LogModuleManager: Shutting down and abandoning module LightPropagationVolumeRuntime (238)
[2019.04.25-08.24.24:398][ 33]LogModuleManager: Shutting down and abandoning module Paper2D (236)
[2019.04.25-08.24.24:398][ 33]LogModuleManager: Shutting down and abandoning module WindowsMoviePlayer (234)
[2019.04.25-08.24.24:399][ 33]LogModuleManager: Shutting down and abandoning module WmfMedia (232)
[2019.04.25-08.24.24:416][ 33]LogModuleManager: Shutting down and abandoning module ImgMedia (230)
[2019.04.25-08.24.24:416][ 33]LogModuleManager: Shutting down and abandoning module PacketHandler (228)
[2019.04.25-08.24.24:416][ 33]LogModuleManager: Shutting down and abandoning module ClothingSystemEditor (226)
[2019.04.25-08.24.24:416][ 33]LogModuleManager: Shutting down and abandoning module ClothingSystemRuntime (224)
[2019.04.25-08.24.24:421][ 33]LogModuleManager: Shutting down and abandoning module MediaAssets (222)
[2019.04.25-08.24.24:421][ 33]LogModuleManager: Shutting down and abandoning module Media (221)
[2019.04.25-08.24.24:427][ 33]LogModuleManager: Shutting down and abandoning module Overlay (218)
[2019.04.25-08.24.24:427][ 33]LogModuleManager: Shutting down and abandoning module OverlayEditor (217)
[2019.04.25-08.24.24:427][ 33]LogModuleManager: Shutting down and abandoning module VREditor (214)
[2019.04.25-08.24.24:483][ 33]LogModuleManager: Shutting down and abandoning module StringTableEditor (212)
[2019.04.25-08.24.24:499][ 33]LogModuleManager: Shutting down and abandoning module GameplayTasksEditor (210)
[2019.04.25-08.24.24:499][ 33]LogModuleManager: Shutting down and abandoning module BehaviorTreeEditor (208)
[2019.04.25-08.24.24:522][ 33]LogModuleManager: Shutting down and abandoning module FunctionalTesting (206)
[2019.04.25-08.24.24:537][ 33]LogModuleManager: Shutting down and abandoning module CollisionAnalyzer (204)
[2019.04.25-08.24.24:554][ 33]LogModuleManager: Shutting down and abandoning module WorkspaceMenuStructure (203)
[2019.04.25-08.24.24:554][ 33]LogModuleManager: Shutting down and abandoning module UMG (200)
[2019.04.25-08.24.24:568][ 33]LogModuleManager: Shutting down and abandoning module UMGEditor (199)
[2019.04.25-08.24.24:592][ 33]LogModuleManager: Shutting down and abandoning module Sequencer (198)
[2019.04.25-08.24.24:616][ 33]LogModuleManager: Shutting down and abandoning module MessageLog (195)
[2019.04.25-08.24.24:616][ 33]LogModuleManager: Shutting down and abandoning module SlateReflector (190)
[2019.04.25-08.24.24:631][ 33]LogModuleManager: Shutting down and abandoning module Slate (188)
[2019.04.25-08.24.24:631][ 33]LogModuleManager: Shutting down and abandoning module EditorStyle (186)
[2019.04.25-08.24.24:632][ 33]LogModuleManager: Shutting down and abandoning module MRMesh (184)
[2019.04.25-08.24.24:632][ 33]LogModuleManager: Shutting down and abandoning module SourceCodeAccess (182)
[2019.04.25-08.24.24:632][ 33]LogModuleManager: Shutting down and abandoning module HeadMountedDisplay (180)
[2019.04.25-08.24.24:632][ 33]LogModuleManager: Shutting down and abandoning module XAudio2 (178)
[2019.04.25-08.24.24:632][ 33]LogModuleManager: Shutting down and abandoning module Networking (176)
[2019.04.25-08.24.24:632][ 33]LogModuleManager: Shutting down and abandoning module Core (172)
[2019.04.25-08.24.24:632][ 33]LogModuleManager: Shutting down and abandoning module LevelSequence (168)
[2019.04.25-08.24.24:639][ 33]LogModuleManager: Shutting down and abandoning module DirectoryWatcher (166)
[2019.04.25-08.24.24:639][ 33]LogModuleManager: Shutting down and abandoning module KismetCompiler (164)
[2019.04.25-08.24.24:639][ 33]LogModuleManager: Shutting down and abandoning module MeshUtilities (162)
[2019.04.25-08.24.24:667][ 33]LogModuleManager: Shutting down and abandoning module MeshMergeUtilities (161)
[2019.04.25-08.24.24:685][ 33]LogModuleManager: Shutting down and abandoning module MeshReductionInterface (160)
[2019.04.25-08.24.24:685][ 33]LogModuleManager: Shutting down and abandoning module SimplygonSwarm (159)
[2019.04.25-08.24.24:692][ 33]LogModuleManager: Shutting down and abandoning module SimplygonMeshReduction (157)
[2019.04.25-08.24.24:692][ 33]LogModuleManager: Shutting down and abandoning module QuadricMeshReduction (155)
[2019.04.25-08.24.24:703][ 33]LogModuleManager: Shutting down and abandoning module MaterialBaking (151)
[2019.04.25-08.24.24:716][ 33]LogModuleManager: Shutting down and abandoning module DerivedDataCache (148)
[2019.04.25-08.24.24:765][ 33]LogDerivedDataCache: Shutdown
[2019.04.25-08.24.24:765][ 33]LogModuleManager: Shutting down and abandoning module TargetPlatform (146)
[2019.04.25-08.24.24:765][ 33]LogModuleManager: Shutting down and abandoning module VulkanShaderFormat (145)
[2019.04.25-08.24.24:772][ 33]LogModuleManager: Shutting down and abandoning module ShaderFormatVectorVM (143)
[2019.04.25-08.24.24:780][ 33]LogModuleManager: Shutting down and abandoning module ShaderFormatOpenGL (141)
[2019.04.25-08.24.24:788][ 33]LogModuleManager: Shutting down and abandoning module ShaderFormatD3D (139)
[2019.04.25-08.24.24:793][ 33]LogModuleManager: Shutting down and abandoning module MetalShaderFormat (137)
[2019.04.25-08.24.24:822][ 33]LogModuleManager: Shutting down and abandoning module TextureFormatUncompressed (135)
[2019.04.25-08.24.24:822][ 33]LogModuleManager: Shutting down and abandoning module TextureFormatPVR (133)
[2019.04.25-08.24.24:822][ 33]LogModuleManager: Shutting down and abandoning module TextureFormatDXT (131)
[2019.04.25-08.24.24:845][ 33]LogModuleManager: Shutting down and abandoning module TextureFormatIntelISPCTexComp (129)
[2019.04.25-08.24.24:854][ 33]LogModuleManager: Shutting down and abandoning module TextureFormatASTC (127)
[2019.04.25-08.24.24:854][ 33]LogModuleManager: Shutting down and abandoning module ImageWrapper (126)
[2019.04.25-08.24.24:854][ 33]LogModuleManager: Shutting down and abandoning module TextureFormatAndroid (123)
[2019.04.25-08.24.24:854][ 33]LogModuleManager: Shutting down and abandoning module AudioFormatOpus (121)
[2019.04.25-08.24.24:854][ 33]LogModuleManager: Shutting down and abandoning module AudioFormatOgg (119)
[2019.04.25-08.24.24:854][ 33]LogModuleManager: Shutting down and abandoning module AudioFormatADPCM (117)
[2019.04.25-08.24.24:854][ 33]LogModuleManager: Shutting down and abandoning module LinuxTargetPlatform (115)
[2019.04.25-08.24.24:854][ 33]LogModuleManager: Shutting down and abandoning module LinuxServerTargetPlatform (113)
[2019.04.25-08.24.24:854][ 33]LogModuleManager: Shutting down and abandoning module LinuxNoEditorTargetPlatform (111)
[2019.04.25-08.24.24:855][ 33]LogModuleManager: Shutting down and abandoning module LinuxClientTargetPlatform (109)
[2019.04.25-08.24.24:855][ 33]LogModuleManager: Shutting down and abandoning module TVOSTargetPlatform (107)
[2019.04.25-08.24.24:855][ 33]LogModuleManager: Shutting down and abandoning module Messaging (105)
[2019.04.25-08.24.24:855][ 33]LogModuleManager: Shutting down and abandoning module IOSTargetPlatform (103)
[2019.04.25-08.24.24:855][ 33]LogModuleManager: Shutting down and abandoning module HTML5TargetPlatform (101)
[2019.04.25-08.24.24:855][ 33]LogModuleManager: Shutting down and abandoning module AndroidTargetPlatform (99)
[2019.04.25-08.24.24:855][ 33]LogModuleManager: Shutting down and abandoning module Android_PVRTCTargetPlatform (97)
[2019.04.25-08.24.24:855][ 33]LogModuleManager: Shutting down and abandoning module Android_MultiTargetPlatform (95)
[2019.04.25-08.24.24:855][ 33]LogModuleManager: Shutting down and abandoning module Android_ETC2TargetPlatform (93)
[2019.04.25-08.24.24:855][ 33]LogModuleManager: Shutting down and abandoning module Android_ETC1TargetPlatform (91)
[2019.04.25-08.24.24:855][ 33]LogModuleManager: Shutting down and abandoning module Android_DXTTargetPlatform (89)
[2019.04.25-08.24.24:855][ 33]LogModuleManager: Shutting down and abandoning module Android_ATCTargetPlatform (87)
[2019.04.25-08.24.24:855][ 33]LogModuleManager: Shutting down and abandoning module Android_ASTCTargetPlatform (85)
[2019.04.25-08.24.24:855][ 33]LogModuleManager: Shutting down and abandoning module WindowsTargetPlatform (83)
[2019.04.25-08.24.24:855][ 33]LogModuleManager: Shutting down and abandoning module WindowsServerTargetPlatform (81)
[2019.04.25-08.24.24:855][ 33]LogModuleManager: Shutting down and abandoning module WindowsNoEditorTargetPlatform (79)
[2019.04.25-08.24.24:855][ 33]LogModuleManager: Shutting down and abandoning module WindowsClientTargetPlatform (77)
[2019.04.25-08.24.24:855][ 33]LogModuleManager: Shutting down and abandoning module MacTargetPlatform (75)
[2019.04.25-08.24.24:855][ 33]LogModuleManager: Shutting down and abandoning module MacServerTargetPlatform (73)
[2019.04.25-08.24.24:855][ 33]LogModuleManager: Shutting down and abandoning module MacNoEditorTargetPlatform (71)
[2019.04.25-08.24.24:855][ 33]LogModuleManager: Shutting down and abandoning module MacClientTargetPlatform (69)
[2019.04.25-08.24.24:855][ 33]LogModuleManager: Shutting down and abandoning module AllDesktopTargetPlatform (67)
[2019.04.25-08.24.24:855][ 33]LogModuleManager: Shutting down and abandoning module InputCore (64)
[2019.04.25-08.24.24:855][ 33]LogModuleManager: Shutting down and abandoning module Settings (62)
[2019.04.25-08.24.24:855][ 33]LogModuleManager: Shutting down and abandoning module PhysXCooking (60)
[2019.04.25-08.24.24:855][ 33]LogModuleManager: Shutting down and abandoning module SteamVR (58)
[2019.04.25-08.24.24:856][ 33]LogModuleManager: Shutting down and abandoning module OculusHMD (56)
[2019.04.25-08.24.24:863][ 33]LogModuleManager: Shutting down and abandoning module ExampleDeviceProfileSelector (54)
[2019.04.25-08.24.24:863][ 33]LogModuleManager: Shutting down and abandoning module AppleARKit (52)
[2019.04.25-08.24.24:863][ 33]LogModuleManager: Shutting down and abandoning module AugmentedReality (51)
[2019.04.25-08.24.24:863][ 33]LogModuleManager: Shutting down and abandoning module OnlineBlueprintSupport (48)
[2019.04.25-08.24.24:863][ 33]LogModuleManager: Shutting down and abandoning module OnlineSubsystem (44)
[2019.04.25-08.24.24:875][ 33]LogModuleManager: Shutting down and abandoning module XMPP (43)
[2019.04.25-08.24.24:890][ 33]LogModuleManager: Shutting down and abandoning module HTTP (41)
[2019.04.25-08.24.24:890][ 33]LogHttp: Display: Http module shutting down, but needs to wait on 1 outstanding Http requests:
[2019.04.25-08.24.24:890][ 33]LogHttp: Display: 	verb=[POST] url=[https://datarouter.ol.epicgames.com/datarouter/api/v1/public/data?SessionID=%7BE97037D5-4BDD-9D79-A83C-D495B9FB0130%7D&AppID=UEEditor.Rocket.Release&AppVersion=4.18.3-3832480%2B%2B%2BUE4%2BRelease-4.18&UserID=47c210b049eacd9932a94ab02e53d314%7Cd0b6036c88c54b6d9c24e2e300c84322%7Cc7ab53ca-c208-47b9-9e95-f2e7344e7df3&AppEnvironment=datacollector-binary&UploadType=eteventstream] status=Processing
[2019.04.25-08.24.24:895][ 33]LogModuleManager: Shutting down and abandoning module SSL (40)
[2019.04.25-08.24.24:908][ 33]LogModuleManager: Shutting down and abandoning module AnimationModifiers (36)
[2019.04.25-08.24.24:928][ 33]LogModuleManager: Shutting down and abandoning module PropertyEditor (35)
[2019.04.25-08.24.24:928][ 33]LogModuleManager: Shutting down and abandoning module AudioEditor (32)
[2019.04.25-08.24.24:985][ 33]LogModuleManager: Shutting down and abandoning module TextureCompressor (30)
[2019.04.25-08.24.24:986][ 33]LogModuleManager: Shutting down and abandoning module ShaderCore (28)
[2019.04.25-08.24.24:986][ 33]LogModuleManager: Shutting down and abandoning module Landscape (26)
[2019.04.25-08.24.24:986][ 33]LogModuleManager: Shutting down and abandoning module SlateRHIRenderer (24)
[2019.04.25-08.24.25:001][ 33]LogModuleManager: Shutting down and abandoning module OpenGLDrv (22)
[2019.04.25-08.24.25:014][ 33]LogModuleManager: Shutting down and abandoning module D3D11RHI (20)
[2019.04.25-08.24.25:014][ 33]LogModuleManager: Shutting down and abandoning module AnimGraphRuntime (18)
[2019.04.25-08.24.25:033][ 33]LogModuleManager: Shutting down and abandoning module Renderer (16)
[2019.04.25-08.24.25:033][ 33]LogModuleManager: Shutting down and abandoning module Engine (14)
[2019.04.25-08.24.25:033][ 33]LogModuleManager: Shutting down and abandoning module CoreUObject (12)
[2019.04.25-08.24.25:033][ 33]LogModuleManager: Shutting down and abandoning module NetworkFile (10)
[2019.04.25-08.24.25:038][ 33]LogModuleManager: Shutting down and abandoning module CookedIterativeFile (8)
[2019.04.25-08.24.25:038][ 33]LogModuleManager: Shutting down and abandoning module StreamingFile (6)
[2019.04.25-08.24.25:047][ 33]LogModuleManager: Shutting down and abandoning module SandboxFile (4)
[2019.04.25-08.24.25:051][ 33]LogModuleManager: Shutting down and abandoning module PakFile (2)
[2019.04.25-08.24.25:090][ 33]LogExit: Exiting.
[2019.04.25-08.24.25:099][ 33]Log file closed, 04/25/19 09:24:25
